0 verbose cli /usr/local/bin/node /usr/local/bin/npm
1 info using npm@10.9.4
2 info using node@v22.22.0
3 silly config load:file:/usr/local/lib/node_modules/npm/npmrc
4 silly config load:file:/home/node/.openclaw/workspace/best-of-cebu/.npmrc
5 silly config load:file:/home/node/.npmrc
6 silly config load:file:/usr/local/etc/npmrc
7 verbose title npm install
8 verbose argv "install"
9 verbose logfile logs-max:10 dir:/home/node/.openclaw/workspace/.npm_cache/_logs/2026-02-20T03_56_00_453Z-
10 verbose logfile /home/node/.openclaw/workspace/.npm_cache/_logs/2026-02-20T03_56_00_453Z-debug-0.log
11 silly logfile start cleaning logs, removing 1 files
12 silly logfile done cleaning log files
13 silly packumentCache heap:2197815296 maxSize:549453824 maxEntrySize:274726912
14 silly idealTree buildDeps
15 silly reify moves {}
16 silly reify mark deleted [
16 silly reify   '/home/node/.openclaw/workspace/best-of-cebu/node_modules/@emnapi/core'
16 silly reify ]
17 silly reify mark deleted [
17 silly reify   '/home/node/.openclaw/workspace/best-of-cebu/node_modules/@emnapi/runtime'
17 silly reify ]
18 silly reify mark deleted [
18 silly reify   '/home/node/.openclaw/workspace/best-of-cebu/node_modules/@emnapi/wasi-threads'
18 silly reify ]
19 silly reify mark deleted [
19 silly reify   '/home/node/.openclaw/workspace/best-of-cebu/node_modules/@eslint-community/eslint-utils'
19 silly reify ]
20 silly reify mark deleted [
20 silly reify   '/home/node/.openclaw/workspace/best-of-cebu/node_modules/@eslint-community/regexpp'
20 silly reify ]
21 silly reify mark deleted [
21 silly reify   '/home/node/.openclaw/workspace/best-of-cebu/node_modules/@eslint/eslintrc'
21 silly reify ]
22 silly reify mark deleted [
22 silly reify   '/home/node/.openclaw/workspace/best-of-cebu/node_modules/@eslint/js'
22 silly reify ]
23 silly reify mark deleted [
23 silly reify   '/home/node/.openclaw/workspace/best-of-cebu/node_modules/@humanwhocodes/config-array'
23 silly reify ]
24 silly reify mark deleted [
24 silly reify   '/home/node/.openclaw/workspace/best-of-cebu/node_modules/@humanwhocodes/module-importer'
24 silly reify ]
25 silly reify mark deleted [
25 silly reify   '/home/node/.openclaw/workspace/best-of-cebu/node_modules/@humanwhocodes/object-schema'
25 silly reify ]
26 silly reify mark deleted [
26 silly reify   '/home/node/.openclaw/workspace/best-of-cebu/node_modules/@isaacs/cliui'
26 silly reify ]
27 silly reify mark deleted [
27 silly reify   '/home/node/.openclaw/workspace/best-of-cebu/node_modules/@isaacs/cliui/node_modules/ansi-regex'
27 silly reify ]
28 silly reify mark deleted [
28 silly reify   '/home/node/.openclaw/workspace/best-of-cebu/node_modules/@isaacs/cliui/node_modules/strip-ansi'
28 silly reify ]
29 silly reify mark deleted [
29 silly reify   '/home/node/.openclaw/workspace/best-of-cebu/node_modules/@napi-rs/wasm-runtime'
29 silly reify ]
30 silly reify mark deleted [
30 silly reify   '/home/node/.openclaw/workspace/best-of-cebu/node_modules/@next/eslint-plugin-next'
30 silly reify ]
31 silly reify mark deleted [
31 silly reify   '/home/node/.openclaw/workspace/best-of-cebu/node_modules/@nolyfill/is-core-module'
31 silly reify ]
32 silly reify mark deleted [
32 silly reify   '/home/node/.openclaw/workspace/best-of-cebu/node_modules/@pkgjs/parseargs'
32 silly reify ]
33 silly reify mark deleted [
33 silly reify   '/home/node/.openclaw/workspace/best-of-cebu/node_modules/@rtsao/scc'
33 silly reify ]
34 silly reify mark deleted [
34 silly reify   '/home/node/.openclaw/workspace/best-of-cebu/node_modules/@rushstack/eslint-patch'
34 silly reify ]
35 silly reify mark deleted [
35 silly reify   '/home/node/.openclaw/workspace/best-of-cebu/node_modules/@tybys/wasm-util'
35 silly reify ]
36 silly reify mark deleted [
36 silly reify   '/home/node/.openclaw/workspace/best-of-cebu/node_modules/@types/json5'
36 silly reify ]
37 silly reify mark deleted [
37 silly reify   '/home/node/.openclaw/workspace/best-of-cebu/node_modules/@types/node'
37 silly reify ]
38 silly reify mark deleted [
38 silly reify   '/home/node/.openclaw/workspace/best-of-cebu/node_modules/@types/prop-types'
38 silly reify ]
39 silly reify mark deleted [
39 silly reify   '/home/node/.openclaw/workspace/best-of-cebu/node_modules/@types/react'
39 silly reify ]
40 silly reify mark deleted [
40 silly reify   '/home/node/.openclaw/workspace/best-of-cebu/node_modules/@types/react-dom'
40 silly reify ]
41 silly reify mark deleted [
41 silly reify   '/home/node/.openclaw/workspace/best-of-cebu/node_modules/@typescript-eslint/parser'
41 silly reify ]
42 silly reify mark deleted [
42 silly reify   '/home/node/.openclaw/workspace/best-of-cebu/node_modules/@typescript-eslint/scope-manager'
42 silly reify ]
43 silly reify mark deleted [
43 silly reify   '/home/node/.openclaw/workspace/best-of-cebu/node_modules/@typescript-eslint/types'
43 silly reify ]
44 silly reify mark deleted [
44 silly reify   '/home/node/.openclaw/workspace/best-of-cebu/node_modules/@typescript-eslint/typescript-estree'
44 silly reify ]
45 silly reify mark deleted [
45 silly reify   '/home/node/.openclaw/workspace/best-of-cebu/node_modules/@typescript-eslint/typescript-estree/node_modules/brace-expansion'
45 silly reify ]
46 silly reify mark deleted [
46 silly reify   '/home/node/.openclaw/workspace/best-of-cebu/node_modules/@typescript-eslint/typescript-estree/node_modules/minimatch'
46 silly reify ]
47 silly reify mark deleted [
47 silly reify   '/home/node/.openclaw/workspace/best-of-cebu/node_modules/@typescript-eslint/visitor-keys'
47 silly reify ]
48 silly reify mark deleted [
48 silly reify   '/home/node/.openclaw/workspace/best-of-cebu/node_modules/@ungap/structured-clone'
48 silly reify ]
49 silly reify mark deleted [
49 silly reify   '/home/node/.openclaw/workspace/best-of-cebu/node_modules/@unrs/resolver-binding-android-arm-eabi'
49 silly reify ]
50 silly reify mark deleted [
50 silly reify   '/home/node/.openclaw/workspace/best-of-cebu/node_modules/@unrs/resolver-binding-android-arm64'
50 silly reify ]
51 silly reify mark deleted [
51 silly reify   '/home/node/.openclaw/workspace/best-of-cebu/node_modules/@unrs/resolver-binding-darwin-arm64'
51 silly reify ]
52 silly reify mark deleted [
52 silly reify   '/home/node/.openclaw/workspace/best-of-cebu/node_modules/@unrs/resolver-binding-darwin-x64'
52 silly reify ]
53 silly reify mark deleted [
53 silly reify   '/home/node/.openclaw/workspace/best-of-cebu/node_modules/@unrs/resolver-binding-freebsd-x64'
53 silly reify ]
54 silly reify mark deleted [
54 silly reify   '/home/node/.openclaw/workspace/best-of-cebu/node_modules/@unrs/resolver-binding-linux-arm-gnueabihf'
54 silly reify ]
55 silly reify mark deleted [
55 silly reify   '/home/node/.openclaw/workspace/best-of-cebu/node_modules/@unrs/resolver-binding-linux-arm-musleabihf'
55 silly reify ]
56 silly reify mark deleted [
56 silly reify   '/home/node/.openclaw/workspace/best-of-cebu/node_modules/@unrs/resolver-binding-linux-arm64-gnu'
56 silly reify ]
57 silly reify mark deleted [
57 silly reify   '/home/node/.openclaw/workspace/best-of-cebu/node_modules/@unrs/resolver-binding-linux-arm64-musl'
57 silly reify ]
58 silly reify mark deleted [
58 silly reify   '/home/node/.openclaw/workspace/best-of-cebu/node_modules/@unrs/resolver-binding-linux-ppc64-gnu'
58 silly reify ]
59 silly reify mark deleted [
59 silly reify   '/home/node/.openclaw/workspace/best-of-cebu/node_modules/@unrs/resolver-binding-linux-riscv64-gnu'
59 silly reify ]
60 silly reify mark deleted [
60 silly reify   '/home/node/.openclaw/workspace/best-of-cebu/node_modules/@unrs/resolver-binding-linux-riscv64-musl'
60 silly reify ]
61 silly reify mark deleted [
61 silly reify   '/home/node/.openclaw/workspace/best-of-cebu/node_modules/@unrs/resolver-binding-linux-s390x-gnu'
61 silly reify ]
62 silly reify mark deleted [
62 silly reify   '/home/node/.openclaw/workspace/best-of-cebu/node_modules/@unrs/resolver-binding-linux-x64-gnu'
62 silly reify ]
63 silly reify mark deleted [
63 silly reify   '/home/node/.openclaw/workspace/best-of-cebu/node_modules/@unrs/resolver-binding-linux-x64-musl'
63 silly reify ]
64 silly reify mark deleted [
64 silly reify   '/home/node/.openclaw/workspace/best-of-cebu/node_modules/@unrs/resolver-binding-wasm32-wasi'
64 silly reify ]
65 silly reify mark deleted [
65 silly reify   '/home/node/.openclaw/workspace/best-of-cebu/node_modules/@unrs/resolver-binding-win32-arm64-msvc'
65 silly reify ]
66 silly reify mark deleted [
66 silly reify   '/home/node/.openclaw/workspace/best-of-cebu/node_modules/@unrs/resolver-binding-win32-ia32-msvc'
66 silly reify ]
67 silly reify mark deleted [
67 silly reify   '/home/node/.openclaw/workspace/best-of-cebu/node_modules/@unrs/resolver-binding-win32-x64-msvc'
67 silly reify ]
68 silly reify mark deleted [
68 silly reify   '/home/node/.openclaw/workspace/best-of-cebu/node_modules/acorn',
68 silly reify   '/home/node/.openclaw/workspace/best-of-cebu/node_modules/.bin/acorn'
68 silly reify ]
69 silly reify mark deleted [
69 silly reify   '/home/node/.openclaw/workspace/best-of-cebu/node_modules/acorn-jsx'
69 silly reify ]
70 silly reify mark deleted [ '/home/node/.openclaw/workspace/best-of-cebu/node_modules/ajv' ]
71 silly reify mark deleted [
71 silly reify   '/home/node/.openclaw/workspace/best-of-cebu/node_modules/ansi-regex'
71 silly reify ]
72 silly reify mark deleted [
72 silly reify   '/home/node/.openclaw/workspace/best-of-cebu/node_modules/ansi-styles'
72 silly reify ]
73 silly reify mark deleted [ '/home/node/.openclaw/workspace/best-of-cebu/node_modules/argparse' ]
74 silly reify mark deleted [
74 silly reify   '/home/node/.openclaw/workspace/best-of-cebu/node_modules/aria-query'
74 silly reify ]
75 silly reify mark deleted [
75 silly reify   '/home/node/.openclaw/workspace/best-of-cebu/node_modules/array-buffer-byte-length'
75 silly reify ]
76 silly reify mark deleted [
76 silly reify   '/home/node/.openclaw/workspace/best-of-cebu/node_modules/array-includes'
76 silly reify ]
77 silly reify mark deleted [
77 silly reify   '/home/node/.openclaw/workspace/best-of-cebu/node_modules/array-union'
77 silly reify ]
78 silly reify mark deleted [
78 silly reify   '/home/node/.openclaw/workspace/best-of-cebu/node_modules/array.prototype.findlast'
78 silly reify ]
79 silly reify mark deleted [
79 silly reify   '/home/node/.openclaw/workspace/best-of-cebu/node_modules/array.prototype.findlastindex'
79 silly reify ]
80 silly reify mark deleted [
80 silly reify   '/home/node/.openclaw/workspace/best-of-cebu/node_modules/array.prototype.flat'
80 silly reify ]
81 silly reify mark deleted [
81 silly reify   '/home/node/.openclaw/workspace/best-of-cebu/node_modules/array.prototype.flatmap'
81 silly reify ]
82 silly reify mark deleted [
82 silly reify   '/home/node/.openclaw/workspace/best-of-cebu/node_modules/array.prototype.tosorted'
82 silly reify ]
83 silly reify mark deleted [
83 silly reify   '/home/node/.openclaw/workspace/best-of-cebu/node_modules/arraybuffer.prototype.slice'
83 silly reify ]
84 silly reify mark deleted [
84 silly reify   '/home/node/.openclaw/workspace/best-of-cebu/node_modules/ast-types-flow'
84 silly reify ]
85 silly reify mark deleted [
85 silly reify   '/home/node/.openclaw/workspace/best-of-cebu/node_modules/async-function'
85 silly reify ]
86 silly reify mark deleted [
86 silly reify   '/home/node/.openclaw/workspace/best-of-cebu/node_modules/available-typed-arrays'
86 silly reify ]
87 silly reify mark deleted [ '/home/node/.openclaw/workspace/best-of-cebu/node_modules/axe-core' ]
88 silly reify mark deleted [
88 silly reify   '/home/node/.openclaw/workspace/best-of-cebu/node_modules/axobject-query'
88 silly reify ]
89 silly reify mark deleted [
89 silly reify   '/home/node/.openclaw/workspace/best-of-cebu/node_modules/balanced-match'
89 silly reify ]
90 silly reify mark deleted [
90 silly reify   '/home/node/.openclaw/workspace/best-of-cebu/node_modules/brace-expansion'
90 silly reify ]
91 silly reify mark deleted [
91 silly reify   '/home/node/.openclaw/workspace/best-of-cebu/node_modules/call-bind'
91 silly reify ]
92 silly reify mark deleted [
92 silly reify   '/home/node/.openclaw/workspace/best-of-cebu/node_modules/call-bind-apply-helpers'
92 silly reify ]
93 silly reify mark deleted [
93 silly reify   '/home/node/.openclaw/workspace/best-of-cebu/node_modules/call-bound'
93 silly reify ]
94 silly reify mark deleted [
94 silly reify   '/home/node/.openclaw/workspace/best-of-cebu/node_modules/callsites'
94 silly reify ]
95 silly reify mark deleted [ '/home/node/.openclaw/workspace/best-of-cebu/node_modules/chalk' ]
96 silly reify mark deleted [
96 silly reify   '/home/node/.openclaw/workspace/best-of-cebu/node_modules/color-convert'
96 silly reify ]
97 silly reify mark deleted [
97 silly reify   '/home/node/.openclaw/workspace/best-of-cebu/node_modules/color-name'
97 silly reify ]
98 silly reify mark deleted [
98 silly reify   '/home/node/.openclaw/workspace/best-of-cebu/node_modules/concat-map'
98 silly reify ]
99 silly reify mark deleted [
99 silly reify   '/home/node/.openclaw/workspace/best-of-cebu/node_modules/cross-spawn'
99 silly reify ]
100 silly reify mark deleted [ '/home/node/.openclaw/workspace/best-of-cebu/node_modules/csstype' ]
101 silly reify mark deleted [
101 silly reify   '/home/node/.openclaw/workspace/best-of-cebu/node_modules/damerau-levenshtein'
101 silly reify ]
102 silly reify mark deleted [
102 silly reify   '/home/node/.openclaw/workspace/best-of-cebu/node_modules/data-view-buffer'
102 silly reify ]
103 silly reify mark deleted [
103 silly reify   '/home/node/.openclaw/workspace/best-of-cebu/node_modules/data-view-byte-length'
103 silly reify ]
104 silly reify mark deleted [
104 silly reify   '/home/node/.openclaw/workspace/best-of-cebu/node_modules/data-view-byte-offset'
104 silly reify ]
105 silly reify mark deleted [ '/home/node/.openclaw/workspace/best-of-cebu/node_modules/debug' ]
106 silly reify mark deleted [ '/home/node/.openclaw/workspace/best-of-cebu/node_modules/deep-is' ]
107 silly reify mark deleted [
107 silly reify   '/home/node/.openclaw/workspace/best-of-cebu/node_modules/define-data-property'
107 silly reify ]
108 silly reify mark deleted [
108 silly reify   '/home/node/.openclaw/workspace/best-of-cebu/node_modules/define-properties'
108 silly reify ]
109 silly reify mark deleted [ '/home/node/.openclaw/workspace/best-of-cebu/node_modules/dir-glob' ]
110 silly reify mark deleted [ '/home/node/.openclaw/workspace/best-of-cebu/node_modules/doctrine' ]
111 silly reify mark deleted [
111 silly reify   '/home/node/.openclaw/workspace/best-of-cebu/node_modules/dunder-proto'
111 silly reify ]
112 silly reify mark deleted [
112 silly reify   '/home/node/.openclaw/workspace/best-of-cebu/node_modules/eastasianwidth'
112 silly reify ]
113 silly reify mark deleted [
113 silly reify   '/home/node/.openclaw/workspace/best-of-cebu/node_modules/emoji-regex'
113 silly reify ]
114 silly reify mark deleted [
114 silly reify   '/home/node/.openclaw/workspace/best-of-cebu/node_modules/es-abstract'
114 silly reify ]
115 silly reify mark deleted [
115 silly reify   '/home/node/.openclaw/workspace/best-of-cebu/node_modules/es-define-property'
115 silly reify ]
116 silly reify mark deleted [
116 silly reify   '/home/node/.openclaw/workspace/best-of-cebu/node_modules/es-errors'
116 silly reify ]
117 silly reify mark deleted [
117 silly reify   '/home/node/.openclaw/workspace/best-of-cebu/node_modules/es-iterator-helpers'
117 silly reify ]
118 silly reify mark deleted [
118 silly reify   '/home/node/.openclaw/workspace/best-of-cebu/node_modules/es-object-atoms'
118 silly reify ]
119 silly reify mark deleted [
119 silly reify   '/home/node/.openclaw/workspace/best-of-cebu/node_modules/es-set-tostringtag'
119 silly reify ]
120 silly reify mark deleted [
120 silly reify   '/home/node/.openclaw/workspace/best-of-cebu/node_modules/es-shim-unscopables'
120 silly reify ]
121 silly reify mark deleted [
121 silly reify   '/home/node/.openclaw/workspace/best-of-cebu/node_modules/es-to-primitive'
121 silly reify ]
122 silly reify mark deleted [
122 silly reify   '/home/node/.openclaw/workspace/best-of-cebu/node_modules/escape-string-regexp'
122 silly reify ]
123 silly reify mark deleted [
123 silly reify   '/home/node/.openclaw/workspace/best-of-cebu/node_modules/eslint',
123 silly reify   '/home/node/.openclaw/workspace/best-of-cebu/node_modules/.bin/eslint'
123 silly reify ]
124 silly reify mark deleted [
124 silly reify   '/home/node/.openclaw/workspace/best-of-cebu/node_modules/eslint-config-next'
124 silly reify ]
125 silly reify mark deleted [
125 silly reify   '/home/node/.openclaw/workspace/best-of-cebu/node_modules/eslint-import-resolver-node'
125 silly reify ]
126 silly reify mark deleted [
126 silly reify   '/home/node/.openclaw/workspace/best-of-cebu/node_modules/eslint-import-resolver-node/node_modules/debug'
126 silly reify ]
127 silly reify mark deleted [
127 silly reify   '/home/node/.openclaw/workspace/best-of-cebu/node_modules/eslint-import-resolver-typescript'
127 silly reify ]
128 silly reify mark deleted [
128 silly reify   '/home/node/.openclaw/workspace/best-of-cebu/node_modules/eslint-module-utils'
128 silly reify ]
129 silly reify mark deleted [
129 silly reify   '/home/node/.openclaw/workspace/best-of-cebu/node_modules/eslint-module-utils/node_modules/debug'
129 silly reify ]
130 silly reify mark deleted [
130 silly reify   '/home/node/.openclaw/workspace/best-of-cebu/node_modules/eslint-plugin-import'
130 silly reify ]
131 silly reify mark deleted [
131 silly reify   '/home/node/.openclaw/workspace/best-of-cebu/node_modules/eslint-plugin-import/node_modules/debug'
131 silly reify ]
132 silly reify mark deleted [
132 silly reify   '/home/node/.openclaw/workspace/best-of-cebu/node_modules/eslint-plugin-import/node_modules/doctrine'
132 silly reify ]
133 silly reify mark deleted [
133 silly reify   '/home/node/.openclaw/workspace/best-of-cebu/node_modules/eslint-plugin-import/node_modules/semver',
133 silly reify   '/home/node/.openclaw/workspace/best-of-cebu/node_modules/eslint-plugin-import/node_modules/.bin/semver'
133 silly reify ]
134 silly reify mark deleted [
134 silly reify   '/home/node/.openclaw/workspace/best-of-cebu/node_modules/eslint-plugin-jsx-a11y'
134 silly reify ]
135 silly reify mark deleted [
135 silly reify   '/home/node/.openclaw/workspace/best-of-cebu/node_modules/eslint-plugin-react'
135 silly reify ]
136 silly reify mark deleted [
136 silly reify   '/home/node/.openclaw/workspace/best-of-cebu/node_modules/eslint-plugin-react-hooks'
136 silly reify ]
137 silly reify mark deleted [
137 silly reify   '/home/node/.openclaw/workspace/best-of-cebu/node_modules/eslint-plugin-react/node_modules/doctrine'
137 silly reify ]
138 silly reify mark deleted [
138 silly reify   '/home/node/.openclaw/workspace/best-of-cebu/node_modules/eslint-plugin-react/node_modules/resolve',
138 silly reify   '/home/node/.openclaw/workspace/best-of-cebu/node_modules/eslint-plugin-react/node_modules/.bin/resolve'
138 silly reify ]
139 silly reify mark deleted [
139 silly reify   '/home/node/.openclaw/workspace/best-of-cebu/node_modules/eslint-plugin-react/node_modules/semver',
139 silly reify   '/home/node/.openclaw/workspace/best-of-cebu/node_modules/eslint-plugin-react/node_modules/.bin/semver'
139 silly reify ]
140 silly reify mark deleted [
140 silly reify   '/home/node/.openclaw/workspace/best-of-cebu/node_modules/eslint-scope'
140 silly reify ]
141 silly reify mark deleted [
141 silly reify   '/home/node/.openclaw/workspace/best-of-cebu/node_modules/eslint-visitor-keys'
141 silly reify ]
142 silly reify mark deleted [ '/home/node/.openclaw/workspace/best-of-cebu/node_modules/espree' ]
143 silly reify mark deleted [ '/home/node/.openclaw/workspace/best-of-cebu/node_modules/esquery' ]
144 silly reify mark deleted [
144 silly reify   '/home/node/.openclaw/workspace/best-of-cebu/node_modules/esrecurse'
144 silly reify ]
145 silly reify mark deleted [
145 silly reify   '/home/node/.openclaw/workspace/best-of-cebu/node_modules/estraverse'
145 silly reify ]
146 silly reify mark deleted [ '/home/node/.openclaw/workspace/best-of-cebu/node_modules/esutils' ]
147 silly reify mark deleted [
147 silly reify   '/home/node/.openclaw/workspace/best-of-cebu/node_modules/fast-deep-equal'
147 silly reify ]
148 silly reify mark deleted [
148 silly reify   '/home/node/.openclaw/workspace/best-of-cebu/node_modules/fast-json-stable-stringify'
148 silly reify ]
149 silly reify mark deleted [
149 silly reify   '/home/node/.openclaw/workspace/best-of-cebu/node_modules/fast-levenshtein'
149 silly reify ]
150 silly reify mark deleted [
150 silly reify   '/home/node/.openclaw/workspace/best-of-cebu/node_modules/file-entry-cache'
150 silly reify ]
151 silly reify mark deleted [ '/home/node/.openclaw/workspace/best-of-cebu/node_modules/find-up' ]
152 silly reify mark deleted [
152 silly reify   '/home/node/.openclaw/workspace/best-of-cebu/node_modules/flat-cache'
152 silly reify ]
153 silly reify mark deleted [ '/home/node/.openclaw/workspace/best-of-cebu/node_modules/flatted' ]
154 silly reify mark deleted [ '/home/node/.openclaw/workspace/best-of-cebu/node_modules/for-each' ]
155 silly reify mark deleted [
155 silly reify   '/home/node/.openclaw/workspace/best-of-cebu/node_modules/foreground-child'
155 silly reify ]
156 silly reify mark deleted [
156 silly reify   '/home/node/.openclaw/workspace/best-of-cebu/node_modules/fs.realpath'
156 silly reify ]
157 silly reify mark deleted [
157 silly reify   '/home/node/.openclaw/workspace/best-of-cebu/node_modules/function.prototype.name'
157 silly reify ]
158 silly reify mark deleted [
158 silly reify   '/home/node/.openclaw/workspace/best-of-cebu/node_modules/functions-have-names'
158 silly reify ]
159 silly reify mark deleted [
159 silly reify   '/home/node/.openclaw/workspace/best-of-cebu/node_modules/generator-function'
159 silly reify ]
160 silly reify mark deleted [
160 silly reify   '/home/node/.openclaw/workspace/best-of-cebu/node_modules/get-intrinsic'
160 silly reify ]
161 silly reify mark deleted [
161 silly reify   '/home/node/.openclaw/workspace/best-of-cebu/node_modules/get-proto'
161 silly reify ]
162 silly reify mark deleted [
162 silly reify   '/home/node/.openclaw/workspace/best-of-cebu/node_modules/get-symbol-description'
162 silly reify ]
163 silly reify mark deleted [
163 silly reify   '/home/node/.openclaw/workspace/best-of-cebu/node_modules/get-tsconfig'
163 silly reify ]
164 silly reify mark deleted [
164 silly reify   '/home/node/.openclaw/workspace/best-of-cebu/node_modules/glob',
164 silly reify   '/home/node/.openclaw/workspace/best-of-cebu/node_modules/.bin/glob'
164 silly reify ]
165 silly reify mark deleted [
165 silly reify   '/home/node/.openclaw/workspace/best-of-cebu/node_modules/glob/node_modules/brace-expansion'
165 silly reify ]
166 silly reify mark deleted [
166 silly reify   '/home/node/.openclaw/workspace/best-of-cebu/node_modules/glob/node_modules/minimatch'
166 silly reify ]
167 silly reify mark deleted [ '/home/node/.openclaw/workspace/best-of-cebu/node_modules/globals' ]
168 silly reify mark deleted [
168 silly reify   '/home/node/.openclaw/workspace/best-of-cebu/node_modules/globalthis'
168 silly reify ]
169 silly reify mark deleted [ '/home/node/.openclaw/workspace/best-of-cebu/node_modules/globby' ]
170 silly reify mark deleted [ '/home/node/.openclaw/workspace/best-of-cebu/node_modules/gopd' ]
171 silly reify mark deleted [
171 silly reify   '/home/node/.openclaw/workspace/best-of-cebu/node_modules/graphemer'
171 silly reify ]
172 silly reify mark deleted [
172 silly reify   '/home/node/.openclaw/workspace/best-of-cebu/node_modules/has-bigints'
172 silly reify ]
173 silly reify mark deleted [ '/home/node/.openclaw/workspace/best-of-cebu/node_modules/has-flag' ]
174 silly reify mark deleted [
174 silly reify   '/home/node/.openclaw/workspace/best-of-cebu/node_modules/has-property-descriptors'
174 silly reify ]
175 silly reify mark deleted [
175 silly reify   '/home/node/.openclaw/workspace/best-of-cebu/node_modules/has-proto'
175 silly reify ]
176 silly reify mark deleted [
176 silly reify   '/home/node/.openclaw/workspace/best-of-cebu/node_modules/has-symbols'
176 silly reify ]
177 silly reify mark deleted [
177 silly reify   '/home/node/.openclaw/workspace/best-of-cebu/node_modules/has-tostringtag'
177 silly reify ]
178 silly reify mark deleted [ '/home/node/.openclaw/workspace/best-of-cebu/node_modules/ignore' ]
179 silly reify mark deleted [
179 silly reify   '/home/node/.openclaw/workspace/best-of-cebu/node_modules/import-fresh'
179 silly reify ]
180 silly reify mark deleted [
180 silly reify   '/home/node/.openclaw/workspace/best-of-cebu/node_modules/imurmurhash'
180 silly reify ]
181 silly reify mark deleted [ '/home/node/.openclaw/workspace/best-of-cebu/node_modules/inflight' ]
182 silly reify mark deleted [ '/home/node/.openclaw/workspace/best-of-cebu/node_modules/inherits' ]
183 silly reify mark deleted [
183 silly reify   '/home/node/.openclaw/workspace/best-of-cebu/node_modules/internal-slot'
183 silly reify ]
184 silly reify mark deleted [
184 silly reify   '/home/node/.openclaw/workspace/best-of-cebu/node_modules/is-array-buffer'
184 silly reify ]
185 silly reify mark deleted [
185 silly reify   '/home/node/.openclaw/workspace/best-of-cebu/node_modules/is-async-function'
185 silly reify ]
186 silly reify mark deleted [
186 silly reify   '/home/node/.openclaw/workspace/best-of-cebu/node_modules/is-bigint'
186 silly reify ]
187 silly reify mark deleted [
187 silly reify   '/home/node/.openclaw/workspace/best-of-cebu/node_modules/is-boolean-object'
187 silly reify ]
188 silly reify mark deleted [
188 silly reify   '/home/node/.openclaw/workspace/best-of-cebu/node_modules/is-bun-module'
188 silly reify ]
189 silly reify mark deleted [
189 silly reify   '/home/node/.openclaw/workspace/best-of-cebu/node_modules/is-callable'
189 silly reify ]
190 silly reify mark deleted [
190 silly reify   '/home/node/.openclaw/workspace/best-of-cebu/node_modules/is-data-view'
190 silly reify ]
191 silly reify mark deleted [
191 silly reify   '/home/node/.openclaw/workspace/best-of-cebu/node_modules/is-date-object'
191 silly reify ]
192 silly reify mark deleted [
192 silly reify   '/home/node/.openclaw/workspace/best-of-cebu/node_modules/is-finalizationregistry'
192 silly reify ]
193 silly reify mark deleted [
193 silly reify   '/home/node/.openclaw/workspace/best-of-cebu/node_modules/is-fullwidth-code-point'
193 silly reify ]
194 silly reify mark deleted [
194 silly reify   '/home/node/.openclaw/workspace/best-of-cebu/node_modules/is-generator-function'
194 silly reify ]
195 silly reify mark deleted [ '/home/node/.openclaw/workspace/best-of-cebu/node_modules/is-map' ]
196 silly reify mark deleted [
196 silly reify   '/home/node/.openclaw/workspace/best-of-cebu/node_modules/is-negative-zero'
196 silly reify ]
197 silly reify mark deleted [
197 silly reify   '/home/node/.openclaw/workspace/best-of-cebu/node_modules/is-number-object'
197 silly reify ]
198 silly reify mark deleted [
198 silly reify   '/home/node/.openclaw/workspace/best-of-cebu/node_modules/is-path-inside'
198 silly reify ]
199 silly reify mark deleted [ '/home/node/.openclaw/workspace/best-of-cebu/node_modules/is-regex' ]
200 silly reify mark deleted [ '/home/node/.openclaw/workspace/best-of-cebu/node_modules/is-set' ]
201 silly reify mark deleted [
201 silly reify   '/home/node/.openclaw/workspace/best-of-cebu/node_modules/is-shared-array-buffer'
201 silly reify ]
202 silly reify mark deleted [
202 silly reify   '/home/node/.openclaw/workspace/best-of-cebu/node_modules/is-string'
202 silly reify ]
203 silly reify mark deleted [
203 silly reify   '/home/node/.openclaw/workspace/best-of-cebu/node_modules/is-symbol'
203 silly reify ]
204 silly reify mark deleted [
204 silly reify   '/home/node/.openclaw/workspace/best-of-cebu/node_modules/is-typed-array'
204 silly reify ]
205 silly reify mark deleted [
205 silly reify   '/home/node/.openclaw/workspace/best-of-cebu/node_modules/is-weakmap'
205 silly reify ]
206 silly reify mark deleted [
206 silly reify   '/home/node/.openclaw/workspace/best-of-cebu/node_modules/is-weakref'
206 silly reify ]
207 silly reify mark deleted [
207 silly reify   '/home/node/.openclaw/workspace/best-of-cebu/node_modules/is-weakset'
207 silly reify ]
208 silly reify mark deleted [ '/home/node/.openclaw/workspace/best-of-cebu/node_modules/isarray' ]
209 silly reify mark deleted [ '/home/node/.openclaw/workspace/best-of-cebu/node_modules/isexe' ]
210 silly reify mark deleted [
210 silly reify   '/home/node/.openclaw/workspace/best-of-cebu/node_modules/iterator.prototype'
210 silly reify ]
211 silly reify mark deleted [
211 silly reify   '/home/node/.openclaw/workspace/best-of-cebu/node_modules/jackspeak'
211 silly reify ]
212 silly reify mark deleted [
212 silly reify   '/home/node/.openclaw/workspace/best-of-cebu/node_modules/js-yaml',
212 silly reify   '/home/node/.openclaw/workspace/best-of-cebu/node_modules/.bin/js-yaml'
212 silly reify ]
213 silly reify mark deleted [
213 silly reify   '/home/node/.openclaw/workspace/best-of-cebu/node_modules/json-buffer'
213 silly reify ]
214 silly reify mark deleted [
214 silly reify   '/home/node/.openclaw/workspace/best-of-cebu/node_modules/json-schema-traverse'
214 silly reify ]
215 silly reify mark deleted [
215 silly reify   '/home/node/.openclaw/workspace/best-of-cebu/node_modules/json-stable-stringify-without-jsonify'
215 silly reify ]
216 silly reify mark deleted [
216 silly reify   '/home/node/.openclaw/workspace/best-of-cebu/node_modules/json5',
216 silly reify   '/home/node/.openclaw/workspace/best-of-cebu/node_modules/.bin/json5'
216 silly reify ]
217 silly reify mark deleted [
217 silly reify   '/home/node/.openclaw/workspace/best-of-cebu/node_modules/jsx-ast-utils'
217 silly reify ]
218 silly reify mark deleted [ '/home/node/.openclaw/workspace/best-of-cebu/node_modules/keyv' ]
219 silly reify mark deleted [
219 silly reify   '/home/node/.openclaw/workspace/best-of-cebu/node_modules/language-subtag-registry'
219 silly reify ]
220 silly reify mark deleted [
220 silly reify   '/home/node/.openclaw/workspace/best-of-cebu/node_modules/language-tags'
220 silly reify ]
221 silly reify mark deleted [ '/home/node/.openclaw/workspace/best-of-cebu/node_modules/levn' ]
222 silly reify mark deleted [
222 silly reify   '/home/node/.openclaw/workspace/best-of-cebu/node_modules/locate-path'
222 silly reify ]
223 silly reify mark deleted [
223 silly reify   '/home/node/.openclaw/workspace/best-of-cebu/node_modules/lodash.merge'
223 silly reify ]
224 silly reify mark deleted [
224 silly reify   '/home/node/.openclaw/workspace/best-of-cebu/node_modules/lru-cache'
224 silly reify ]
225 silly reify mark deleted [
225 silly reify   '/home/node/.openclaw/workspace/best-of-cebu/node_modules/math-intrinsics'
225 silly reify ]
226 silly reify mark deleted [
226 silly reify   '/home/node/.openclaw/workspace/best-of-cebu/node_modules/minimatch'
226 silly reify ]
227 silly reify mark deleted [ '/home/node/.openclaw/workspace/best-of-cebu/node_modules/minimist' ]
228 silly reify mark deleted [ '/home/node/.openclaw/workspace/best-of-cebu/node_modules/minipass' ]
229 silly reify mark deleted [ '/home/node/.openclaw/workspace/best-of-cebu/node_modules/ms' ]
230 silly reify mark deleted [
230 silly reify   '/home/node/.openclaw/workspace/best-of-cebu/node_modules/napi-postinstall',
230 silly reify   '/home/node/.openclaw/workspace/best-of-cebu/node_modules/.bin/napi-postinstall'
230 silly reify ]
231 silly reify mark deleted [
231 silly reify   '/home/node/.openclaw/workspace/best-of-cebu/node_modules/natural-compare'
231 silly reify ]
232 silly reify mark deleted [
232 silly reify   '/home/node/.openclaw/workspace/best-of-cebu/node_modules/node-exports-info'
232 silly reify ]
233 silly reify mark deleted [
233 silly reify   '/home/node/.openclaw/workspace/best-of-cebu/node_modules/node-exports-info/node_modules/semver',
233 silly reify   '/home/node/.openclaw/workspace/best-of-cebu/node_modules/node-exports-info/node_modules/.bin/semver'
233 silly reify ]
234 silly reify mark deleted [
234 silly reify   '/home/node/.openclaw/workspace/best-of-cebu/node_modules/object-inspect'
234 silly reify ]
235 silly reify mark deleted [
235 silly reify   '/home/node/.openclaw/workspace/best-of-cebu/node_modules/object-keys'
235 silly reify ]
236 silly reify mark deleted [
236 silly reify   '/home/node/.openclaw/workspace/best-of-cebu/node_modules/object.assign'
236 silly reify ]
237 silly reify mark deleted [
237 silly reify   '/home/node/.openclaw/workspace/best-of-cebu/node_modules/object.entries'
237 silly reify ]
238 silly reify mark deleted [
238 silly reify   '/home/node/.openclaw/workspace/best-of-cebu/node_modules/object.fromentries'
238 silly reify ]
239 silly reify mark deleted [
239 silly reify   '/home/node/.openclaw/workspace/best-of-cebu/node_modules/object.groupby'
239 silly reify ]
240 silly reify mark deleted [
240 silly reify   '/home/node/.openclaw/workspace/best-of-cebu/node_modules/object.values'
240 silly reify ]
241 silly reify mark deleted [ '/home/node/.openclaw/workspace/best-of-cebu/node_modules/once' ]
242 silly reify mark deleted [
242 silly reify   '/home/node/.openclaw/workspace/best-of-cebu/node_modules/optionator'
242 silly reify ]
243 silly reify mark deleted [ '/home/node/.openclaw/workspace/best-of-cebu/node_modules/own-keys' ]
244 silly reify mark deleted [ '/home/node/.openclaw/workspace/best-of-cebu/node_modules/p-limit' ]
245 silly reify mark deleted [ '/home/node/.openclaw/workspace/best-of-cebu/node_modules/p-locate' ]
246 silly reify mark deleted [
246 silly reify   '/home/node/.openclaw/workspace/best-of-cebu/node_modules/parent-module'
246 silly reify ]
247 silly reify mark deleted [
247 silly reify   '/home/node/.openclaw/workspace/best-of-cebu/node_modules/path-exists'
247 silly reify ]
248 silly reify mark deleted [
248 silly reify   '/home/node/.openclaw/workspace/best-of-cebu/node_modules/path-is-absolute'
248 silly reify ]
249 silly reify mark deleted [ '/home/node/.openclaw/workspace/best-of-cebu/node_modules/path-key' ]
250 silly reify mark deleted [
250 silly reify   '/home/node/.openclaw/workspace/best-of-cebu/node_modules/path-scurry'
250 silly reify ]
251 silly reify mark deleted [
251 silly reify   '/home/node/.openclaw/workspace/best-of-cebu/node_modules/path-type'
251 silly reify ]
252 silly reify mark deleted [
252 silly reify   '/home/node/.openclaw/workspace/best-of-cebu/node_modules/possible-typed-array-names'
252 silly reify ]
253 silly reify mark deleted [
253 silly reify   '/home/node/.openclaw/workspace/best-of-cebu/node_modules/prelude-ls'
253 silly reify ]
254 silly reify mark deleted [
254 silly reify   '/home/node/.openclaw/workspace/best-of-cebu/node_modules/prop-types'
254 silly reify ]
255 silly reify mark deleted [ '/home/node/.openclaw/workspace/best-of-cebu/node_modules/punycode' ]
256 silly reify mark deleted [ '/home/node/.openclaw/workspace/best-of-cebu/node_modules/react-is' ]
257 silly reify mark deleted [
257 silly reify   '/home/node/.openclaw/workspace/best-of-cebu/node_modules/reflect.getprototypeof'
257 silly reify ]
258 silly reify mark deleted [
258 silly reify   '/home/node/.openclaw/workspace/best-of-cebu/node_modules/regexp.prototype.flags'
258 silly reify ]
259 silly reify mark deleted [
259 silly reify   '/home/node/.openclaw/workspace/best-of-cebu/node_modules/resolve-from'
259 silly reify ]
260 silly reify mark deleted [
260 silly reify   '/home/node/.openclaw/workspace/best-of-cebu/node_modules/resolve-pkg-maps'
260 silly reify ]
261 silly reify mark deleted [
261 silly reify   '/home/node/.openclaw/workspace/best-of-cebu/node_modules/rimraf',
261 silly reify   '/home/node/.openclaw/workspace/best-of-cebu/node_modules/.bin/rimraf'
261 silly reify ]
262 silly reify mark deleted [
262 silly reify   '/home/node/.openclaw/workspace/best-of-cebu/node_modules/rimraf/node_modules/glob'
262 silly reify ]
263 silly reify mark deleted [
263 silly reify   '/home/node/.openclaw/workspace/best-of-cebu/node_modules/safe-array-concat'
263 silly reify ]
264 silly reify mark deleted [
264 silly reify   '/home/node/.openclaw/workspace/best-of-cebu/node_modules/safe-push-apply'
264 silly reify ]
265 silly reify mark deleted [
265 silly reify   '/home/node/.openclaw/workspace/best-of-cebu/node_modules/safe-regex-test'
265 silly reify ]
266 silly reify mark deleted [
266 silly reify   '/home/node/.openclaw/workspace/best-of-cebu/node_modules/semver',
266 silly reify   '/home/node/.openclaw/workspace/best-of-cebu/node_modules/.bin/semver'
266 silly reify ]
267 silly reify mark deleted [
267 silly reify   '/home/node/.openclaw/workspace/best-of-cebu/node_modules/set-function-length'
267 silly reify ]
268 silly reify mark deleted [
268 silly reify   '/home/node/.openclaw/workspace/best-of-cebu/node_modules/set-function-name'
268 silly reify ]
269 silly reify mark deleted [
269 silly reify   '/home/node/.openclaw/workspace/best-of-cebu/node_modules/set-proto'
269 silly reify ]
270 silly reify mark deleted [
270 silly reify   '/home/node/.openclaw/workspace/best-of-cebu/node_modules/shebang-command'
270 silly reify ]
271 silly reify mark deleted [
271 silly reify   '/home/node/.openclaw/workspace/best-of-cebu/node_modules/shebang-regex'
271 silly reify ]
272 silly reify mark deleted [
272 silly reify   '/home/node/.openclaw/workspace/best-of-cebu/node_modules/side-channel'
272 silly reify ]
273 silly reify mark deleted [
273 silly reify   '/home/node/.openclaw/workspace/best-of-cebu/node_modules/side-channel-list'
273 silly reify ]
274 silly reify mark deleted [
274 silly reify   '/home/node/.openclaw/workspace/best-of-cebu/node_modules/side-channel-map'
274 silly reify ]
275 silly reify mark deleted [
275 silly reify   '/home/node/.openclaw/workspace/best-of-cebu/node_modules/side-channel-weakmap'
275 silly reify ]
276 silly reify mark deleted [
276 silly reify   '/home/node/.openclaw/workspace/best-of-cebu/node_modules/signal-exit'
276 silly reify ]
277 silly reify mark deleted [ '/home/node/.openclaw/workspace/best-of-cebu/node_modules/slash' ]
278 silly reify mark deleted [
278 silly reify   '/home/node/.openclaw/workspace/best-of-cebu/node_modules/stable-hash'
278 silly reify ]
279 silly reify mark deleted [
279 silly reify   '/home/node/.openclaw/workspace/best-of-cebu/node_modules/stop-iteration-iterator'
279 silly reify ]
280 silly reify mark deleted [
280 silly reify   '/home/node/.openclaw/workspace/best-of-cebu/node_modules/string-width'
280 silly reify ]
281 silly reify mark deleted [
281 silly reify   '/home/node/.openclaw/workspace/best-of-cebu/node_modules/string-width-cjs'
281 silly reify ]
282 silly reify mark deleted [
282 silly reify   '/home/node/.openclaw/workspace/best-of-cebu/node_modules/string-width-cjs/node_modules/emoji-regex'
282 silly reify ]
283 silly reify mark deleted [
283 silly reify   '/home/node/.openclaw/workspace/best-of-cebu/node_modules/string-width/node_modules/ansi-regex'
283 silly reify ]
284 silly reify mark deleted [
284 silly reify   '/home/node/.openclaw/workspace/best-of-cebu/node_modules/string-width/node_modules/strip-ansi'
284 silly reify ]
285 silly reify mark deleted [
285 silly reify   '/home/node/.openclaw/workspace/best-of-cebu/node_modules/string.prototype.includes'
285 silly reify ]
286 silly reify mark deleted [
286 silly reify   '/home/node/.openclaw/workspace/best-of-cebu/node_modules/string.prototype.matchall'
286 silly reify ]
287 silly reify mark deleted [
287 silly reify   '/home/node/.openclaw/workspace/best-of-cebu/node_modules/string.prototype.repeat'
287 silly reify ]
288 silly reify mark deleted [
288 silly reify   '/home/node/.openclaw/workspace/best-of-cebu/node_modules/string.prototype.trim'
288 silly reify ]
289 silly reify mark deleted [
289 silly reify   '/home/node/.openclaw/workspace/best-of-cebu/node_modules/string.prototype.trimend'
289 silly reify ]
290 silly reify mark deleted [
290 silly reify   '/home/node/.openclaw/workspace/best-of-cebu/node_modules/string.prototype.trimstart'
290 silly reify ]
291 silly reify mark deleted [
291 silly reify   '/home/node/.openclaw/workspace/best-of-cebu/node_modules/strip-ansi'
291 silly reify ]
292 silly reify mark deleted [
292 silly reify   '/home/node/.openclaw/workspace/best-of-cebu/node_modules/strip-ansi-cjs'
292 silly reify ]
293 silly reify mark deleted [
293 silly reify   '/home/node/.openclaw/workspace/best-of-cebu/node_modules/strip-bom'
293 silly reify ]
294 silly reify mark deleted [
294 silly reify   '/home/node/.openclaw/workspace/best-of-cebu/node_modules/strip-json-comments'
294 silly reify ]
295 silly reify mark deleted [
295 silly reify   '/home/node/.openclaw/workspace/best-of-cebu/node_modules/supports-color'
295 silly reify ]
296 silly reify mark deleted [
296 silly reify   '/home/node/.openclaw/workspace/best-of-cebu/node_modules/text-table'
296 silly reify ]
297 silly reify mark deleted [
297 silly reify   '/home/node/.openclaw/workspace/best-of-cebu/node_modules/ts-api-utils'
297 silly reify ]
298 silly reify mark deleted [
298 silly reify   '/home/node/.openclaw/workspace/best-of-cebu/node_modules/tsconfig-paths'
298 silly reify ]
299 silly reify mark deleted [
299 silly reify   '/home/node/.openclaw/workspace/best-of-cebu/node_modules/type-check'
299 silly reify ]
300 silly reify mark deleted [
300 silly reify   '/home/node/.openclaw/workspace/best-of-cebu/node_modules/type-fest'
300 silly reify ]
301 silly reify mark deleted [
301 silly reify   '/home/node/.openclaw/workspace/best-of-cebu/node_modules/typed-array-buffer'
301 silly reify ]
302 silly reify mark deleted [
302 silly reify   '/home/node/.openclaw/workspace/best-of-cebu/node_modules/typed-array-byte-length'
302 silly reify ]
303 silly reify mark deleted [
303 silly reify   '/home/node/.openclaw/workspace/best-of-cebu/node_modules/typed-array-byte-offset'
303 silly reify ]
304 silly reify mark deleted [
304 silly reify   '/home/node/.openclaw/workspace/best-of-cebu/node_modules/typed-array-length'
304 silly reify ]
305 silly reify mark deleted [
305 silly reify   '/home/node/.openclaw/workspace/best-of-cebu/node_modules/typescript',
305 silly reify   '/home/node/.openclaw/workspace/best-of-cebu/node_modules/.bin/tsc',
305 silly reify   '/home/node/.openclaw/workspace/best-of-cebu/node_modules/.bin/tsserver'
305 silly reify ]
306 silly reify mark deleted [
306 silly reify   '/home/node/.openclaw/workspace/best-of-cebu/node_modules/unbox-primitive'
306 silly reify ]
307 silly reify mark deleted [
307 silly reify   '/home/node/.openclaw/workspace/best-of-cebu/node_modules/undici-types'
307 silly reify ]
308 silly reify mark deleted [
308 silly reify   '/home/node/.openclaw/workspace/best-of-cebu/node_modules/unrs-resolver'
308 silly reify ]
309 silly reify mark deleted [ '/home/node/.openclaw/workspace/best-of-cebu/node_modules/uri-js' ]
310 silly reify mark deleted [
310 silly reify   '/home/node/.openclaw/workspace/best-of-cebu/node_modules/which',
310 silly reify   '/home/node/.openclaw/workspace/best-of-cebu/node_modules/.bin/node-which'
310 silly reify ]
311 silly reify mark deleted [
311 silly reify   '/home/node/.openclaw/workspace/best-of-cebu/node_modules/which-boxed-primitive'
311 silly reify ]
312 silly reify mark deleted [
312 silly reify   '/home/node/.openclaw/workspace/best-of-cebu/node_modules/which-builtin-type'
312 silly reify ]
313 silly reify mark deleted [
313 silly reify   '/home/node/.openclaw/workspace/best-of-cebu/node_modules/which-collection'
313 silly reify ]
314 silly reify mark deleted [
314 silly reify   '/home/node/.openclaw/workspace/best-of-cebu/node_modules/which-typed-array'
314 silly reify ]
315 silly reify mark deleted [
315 silly reify   '/home/node/.openclaw/workspace/best-of-cebu/node_modules/word-wrap'
315 silly reify ]
316 silly reify mark deleted [
316 silly reify   '/home/node/.openclaw/workspace/best-of-cebu/node_modules/wrap-ansi'
316 silly reify ]
317 silly reify mark deleted [
317 silly reify   '/home/node/.openclaw/workspace/best-of-cebu/node_modules/wrap-ansi-cjs'
317 silly reify ]
318 silly reify mark deleted [
318 silly reify   '/home/node/.openclaw/workspace/best-of-cebu/node_modules/wrap-ansi-cjs/node_modules/emoji-regex'
318 silly reify ]
319 silly reify mark deleted [
319 silly reify   '/home/node/.openclaw/workspace/best-of-cebu/node_modules/wrap-ansi-cjs/node_modules/string-width'
319 silly reify ]
320 silly reify mark deleted [
320 silly reify   '/home/node/.openclaw/workspace/best-of-cebu/node_modules/wrap-ansi/node_modules/ansi-regex'
320 silly reify ]
321 silly reify mark deleted [
321 silly reify   '/home/node/.openclaw/workspace/best-of-cebu/node_modules/wrap-ansi/node_modules/ansi-styles'
321 silly reify ]
322 silly reify mark deleted [
322 silly reify   '/home/node/.openclaw/workspace/best-of-cebu/node_modules/wrap-ansi/node_modules/strip-ansi'
322 silly reify ]
323 silly reify mark deleted [ '/home/node/.openclaw/workspace/best-of-cebu/node_modules/wrappy' ]
324 silly reify mark deleted [
324 silly reify   '/home/node/.openclaw/workspace/best-of-cebu/node_modules/yocto-queue'
324 silly reify ]
325 silly audit bulk request {
325 silly audit   '@alloc/quick-lru': [ '5.2.0' ],
325 silly audit   '@jridgewell/gen-mapping': [ '0.3.13' ],
325 silly audit   '@jridgewell/resolve-uri': [ '3.1.2' ],
325 silly audit   '@jridgewell/sourcemap-codec': [ '1.5.5' ],
325 silly audit   '@jridgewell/trace-mapping': [ '0.3.31' ],
325 silly audit   '@next/env': [ '14.1.0' ],
325 silly audit   '@next/swc-darwin-arm64': [ '14.1.0' ],
325 silly audit   '@next/swc-darwin-x64': [ '14.1.0' ],
325 silly audit   '@next/swc-linux-arm64-gnu': [ '14.1.0' ],
325 silly audit   '@next/swc-linux-arm64-musl': [ '14.1.0' ],
325 silly audit   '@next/swc-linux-x64-gnu': [ '14.1.0' ],
325 silly audit   '@next/swc-linux-x64-musl': [ '14.1.0' ],
325 silly audit   '@next/swc-win32-arm64-msvc': [ '14.1.0' ],
325 silly audit   '@next/swc-win32-ia32-msvc': [ '14.1.0' ],
325 silly audit   '@next/swc-win32-x64-msvc': [ '14.1.0' ],
325 silly audit   '@nodelib/fs.scandir': [ '2.1.5' ],
325 silly audit   '@nodelib/fs.stat': [ '2.0.5' ],
325 silly audit   '@nodelib/fs.walk': [ '1.2.8' ],
325 silly audit   '@swc/helpers': [ '0.5.2' ],
325 silly audit   'any-promise': [ '1.3.0' ],
325 silly audit   anymatch: [ '3.1.3' ],
325 silly audit   arg: [ '5.0.2' ],
325 silly audit   autoprefixer: [ '10.4.24' ],
325 silly audit   'baseline-browser-mapping': [ '2.10.0' ],
325 silly audit   'binary-extensions': [ '2.3.0' ],
325 silly audit   braces: [ '3.0.3' ],
325 silly audit   browserslist: [ '4.28.1' ],
325 silly audit   busboy: [ '1.6.0' ],
325 silly audit   'camelcase-css': [ '2.0.1' ],
325 silly audit   'caniuse-lite': [ '1.0.30001770' ],
325 silly audit   chokidar: [ '3.6.0' ],
325 silly audit   'glob-parent': [ '5.1.2', '6.0.2' ],
325 silly audit   'client-only': [ '0.0.1' ],
325 silly audit   clsx: [ '2.1.1' ],
325 silly audit   commander: [ '4.1.1' ],
325 silly audit   cssesc: [ '3.0.0' ],
325 silly audit   didyoumean: [ '1.2.2' ],
325 silly audit   dlv: [ '1.1.3' ],
325 silly audit   'electron-to-chromium': [ '1.5.286' ],
325 silly audit   escalade: [ '3.2.0' ],
325 silly audit   resolve: [ '1.22.11' ],
325 silly audit   'fast-glob': [ '3.3.3' ],
325 silly audit   fastq: [ '1.20.1' ],
325 silly audit   'fill-range': [ '7.1.1' ],
325 silly audit   'fraction.js': [ '5.3.4' ],
325 silly audit   'framer-motion': [ '11.18.2' ],
325 silly audit   fsevents: [ '2.3.3' ],
325 silly audit   'function-bind': [ '1.1.2' ],
325 silly audit   'graceful-fs': [ '4.2.11' ],
325 silly audit   hasown: [ '2.0.2' ],
325 silly audit   'is-binary-path': [ '2.1.0' ],
325 silly audit   'is-core-module': [ '2.16.1' ],
325 silly audit   'is-extglob': [ '2.1.1' ],
325 silly audit   'is-glob': [ '4.0.3' ],
325 silly audit   'is-number': [ '7.0.0' ],
325 silly audit   jiti: [ '1.21.7' ],
325 silly audit   'js-tokens': [ '4.0.0' ],
325 silly audit   lilconfig: [ '3.1.3' ],
325 silly audit   'lines-and-columns': [ '1.2.4' ],
325 silly audit   'loose-envify': [ '1.4.0' ],
325 silly audit   'lucide-react': [ '0.344.0' ],
325 silly audit   merge2: [ '1.4.1' ],
325 silly audit   micromatch: [ '4.0.8' ],
325 silly audit   'motion-dom': [ '11.18.1' ],
325 silly audit   'motion-utils': [ '11.18.1' ],
325 silly audit   mz: [ '2.7.0' ],
325 silly audit   nanoid: [ '3.3.11' ],
325 silly audit   next: [ '14.1.0' ],
325 silly audit   postcss: [ '8.4.31', '8.5.6' ],
325 silly audit   'node-releases': [ '2.0.27' ],
325 silly audit   'normalize-path': [ '3.0.0' ],
325 silly audit   'object-assign': [ '4.1.1' ],
325 silly audit   'object-hash': [ '3.0.0' ],
325 silly audit   'path-parse': [ '1.0.7' ],
325 silly audit   picocolors: [ '1.1.1' ],
325 silly audit   picomatch: [ '2.3.1', '4.0.3' ],
325 silly audit   pify: [ '2.3.0' ],
325 silly audit   pirates: [ '4.0.7' ],
325 silly audit   'postcss-import': [ '15.1.0' ],
325 silly audit   'postcss-js': [ '4.1.0' ],
325 silly audit   'postcss-nested': [ '6.2.0' ],
325 silly audit   'postcss-selector-parser': [ '6.1.2' ],
325 silly audit   'postcss-value-parser': [ '4.2.0' ],
325 silly audit   'queue-microtask': [ '1.2.3' ],
325 silly audit   react: [ '18.3.1' ],
325 silly audit   'react-dom': [ '18.3.1' ],
325 silly audit   'read-cache': [ '1.0.0' ],
325 silly audit   readdirp: [ '3.6.0' ],
325 silly audit   reusify: [ '1.1.0' ],
325 silly audit   'run-parallel': [ '1.2.0' ],
325 silly audit   scheduler: [ '0.23.2' ],
325 silly audit   'source-map-js': [ '1.2.1' ],
325 silly audit   streamsearch: [ '1.1.0' ],
325 silly audit   'styled-jsx': [ '5.1.1' ],
325 silly audit   sucrase: [ '3.35.1' ],
325 silly audit   'supports-preserve-symlinks-flag': [ '1.0.0' ],
325 silly audit   'tailwind-merge': [ '2.6.1' ],
325 silly audit   tailwindcss: [ '3.4.19' ],
325 silly audit   'postcss-load-config': [ '4.0.2' ],
325 silly audit   thenify: [ '3.3.1' ],
325 silly audit   'thenify-all': [ '1.6.0' ],
325 silly audit   tinyglobby: [ '0.2.15' ],
325 silly audit   fdir: [ '6.5.0' ],
325 silly audit   'to-regex-range': [ '5.0.1' ],
325 silly audit   'ts-interface-checker': [ '0.1.13' ],
325 silly audit   tslib: [ '2.8.1' ],
325 silly audit   'update-browserslist-db': [ '1.2.3' ],
325 silly audit   'util-deprecate': [ '1.0.2' ],
325 silly audit   yaml: [ '2.8.2' ]
325 silly audit }
326 verbose reify failed optional dependency /home/node/.openclaw/workspace/best-of-cebu/node_modules/fsevents
327 silly reify mark deleted [ '/home/node/.openclaw/workspace/best-of-cebu/node_modules/fsevents' ]
328 verbose reify failed optional dependency /home/node/.openclaw/workspace/best-of-cebu/node_modules/@next/swc-win32-x64-msvc
329 silly reify mark deleted [
329 silly reify   '/home/node/.openclaw/workspace/best-of-cebu/node_modules/@next/swc-win32-x64-msvc'
329 silly reify ]
330 verbose reify failed optional dependency /home/node/.openclaw/workspace/best-of-cebu/node_modules/@next/swc-win32-ia32-msvc
331 silly reify mark deleted [
331 silly reify   '/home/node/.openclaw/workspace/best-of-cebu/node_modules/@next/swc-win32-ia32-msvc'
331 silly reify ]
332 verbose reify failed optional dependency /home/node/.openclaw/workspace/best-of-cebu/node_modules/@next/swc-win32-arm64-msvc
333 silly reify mark deleted [
333 silly reify   '/home/node/.openclaw/workspace/best-of-cebu/node_modules/@next/swc-win32-arm64-msvc'
333 silly reify ]
334 verbose reify failed optional dependency /home/node/.openclaw/workspace/best-of-cebu/node_modules/@next/swc-linux-arm64-musl
335 silly reify mark deleted [
335 silly reify   '/home/node/.openclaw/workspace/best-of-cebu/node_modules/@next/swc-linux-arm64-musl'
335 silly reify ]
336 verbose reify failed optional dependency /home/node/.openclaw/workspace/best-of-cebu/node_modules/@next/swc-linux-arm64-gnu
337 silly reify mark deleted [
337 silly reify   '/home/node/.openclaw/workspace/best-of-cebu/node_modules/@next/swc-linux-arm64-gnu'
337 silly reify ]
338 verbose reify failed optional dependency /home/node/.openclaw/workspace/best-of-cebu/node_modules/@next/swc-darwin-x64
339 silly reify mark deleted [
339 silly reify   '/home/node/.openclaw/workspace/best-of-cebu/node_modules/@next/swc-darwin-x64'
339 silly reify ]
340 verbose reify failed optional dependency /home/node/.openclaw/workspace/best-of-cebu/node_modules/@next/swc-darwin-arm64
341 silly reify mark deleted [
341 silly reify   '/home/node/.openclaw/workspace/best-of-cebu/node_modules/@next/swc-darwin-arm64'
341 silly reify ]
342 http fetch POST 200 https://registry.npmjs.org/-/npm/v1/security/advisories/bulk 442ms
343 silly audit report {
343 silly audit report   next: [
343 silly audit report     {
343 silly audit report       id: 1099638,
343 silly audit report       url: 'https://github.com/advisories/GHSA-gp8f-8m3g-qvj9',
343 silly audit report       title: 'Next.js Cache Poisoning',
343 silly audit report       severity: 'high',
343 silly audit report       vulnerable_versions: '>=14.0.0 <14.2.10',
343 silly audit report       cwe: [Array],
343 silly audit report       cvss: [Object]
343 silly audit report     },
343 silly audit report     {
343 silly audit report       id: 1100421,
343 silly audit report       url: 'https://github.com/advisories/GHSA-g77x-44xx-532m',
343 silly audit report       title: 'Denial of Service condition in Next.js image optimization',
343 silly audit report       severity: 'moderate',
343 silly audit report       vulnerable_versions: '>=10.0.0 <14.2.7',
343 silly audit report       cwe: [Array],
343 silly audit report       cvss: [Object]
343 silly audit report     },
343 silly audit report     {
343 silly audit report       id: 1101438,
343 silly audit report       url: 'https://github.com/advisories/GHSA-7m27-7ghc-44w9',
343 silly audit report       title: 'Next.js Allows a Denial of Service (DoS) with Server Actions',
343 silly audit report       severity: 'moderate',
343 silly audit report       vulnerable_versions: '>=14.0.0 <14.2.21',
343 silly audit report       cwe: [Array],
343 silly audit report       cvss: [Object]
343 silly audit report     },
343 silly audit report     {
343 silly audit report       id: 1105461,
343 silly audit report       url: 'https://github.com/advisories/GHSA-3h52-269p-cp9r',
343 silly audit report       title: 'Information exposure in Next.js dev server due to lack of origin verification',
343 silly audit report       severity: 'low',
343 silly audit report       vulnerable_versions: '>=13.0 <14.2.30',
343 silly audit report       cwe: [Array],
343 silly audit report       cvss: [Object]
343 silly audit report     },
343 silly audit report     {
343 silly audit report       id: 1111391,
343 silly audit report       url: 'https://github.com/advisories/GHSA-mwv6-3258-q52c',
343 silly audit report       title: 'Next Vulnerable to Denial of Service with Server Components',
343 silly audit report       severity: 'high',
343 silly audit report       vulnerable_versions: '>=13.3.0 <14.2.34',
343 silly audit report       cwe: [Array],
343 silly audit report       cvss: [Object]
343 silly audit report     },
343 silly audit report     {
343 silly audit report       id: 1107226,
343 silly audit report       url: 'https://github.com/advisories/GHSA-g5qg-72qw-gw5v',
343 silly audit report       title: 'Next.js Affected by Cache Key Confusion for Image Optimization API Routes',
343 silly audit report       severity: 'moderate',
343 silly audit report       vulnerable_versions: '>=0.9.9 <14.2.31',
343 silly audit report       cwe: [Array],
343 silly audit report       cvss: [Object]
343 silly audit report     },
343 silly audit report     {
343 silly audit report       id: 1107420,
343 silly audit report       url: 'https://github.com/advisories/GHSA-7gfc-8cq8-jh5f',
343 silly audit report       title: 'Next.js authorization bypass vulnerability',
343 silly audit report       severity: 'high',
343 silly audit report       vulnerable_versions: '>=9.5.5 <14.2.15',
343 silly audit report       cwe: [Array],
343 silly audit report       cvss: [Object]
343 silly audit report     },
343 silly audit report     {
343 silly audit report       id: 1107512,
343 silly audit report       url: 'https://github.com/advisories/GHSA-4342-x723-ch2f',
343 silly audit report       title: 'Next.js Improper Middleware Redirect Handling Leads to SSRF',
343 silly audit report       severity: 'moderate',
343 silly audit report       vulnerable_versions: '>=0.9.9 <14.2.32',
343 silly audit report       cwe: [Array],
343 silly audit report       cvss: [Object]
343 silly audit report     },
343 silly audit report     {
343 silly audit report       id: 1107513,
343 silly audit report       url: 'https://github.com/advisories/GHSA-xv57-4mr9-wg8v',
343 silly audit report       title: 'Next.js Content Injection Vulnerability for Image Optimization',
343 silly audit report       severity: 'moderate',
343 silly audit report       vulnerable_versions: '>=0.9.9 <14.2.31',
343 silly audit report       cwe: [Array],
343 silly audit report       cvss: [Object]
343 silly audit report     },
343 silly audit report     {
343 silly audit report       id: 1112182,
343 silly audit report       url: 'https://github.com/advisories/GHSA-5j59-xgg2-r9c4',
343 silly audit report       title: 'Next has a Denial of Service with Server Components - Incomplete Fix Follow-Up',
343 silly audit report       severity: 'high',
343 silly audit report       vulnerable_versions: '>=13.3.1-canary.0 <14.2.35',
343 silly audit report       cwe: [Array],
343 silly audit report       cvss: [Object]
343 silly audit report     },
343 silly audit report     {
343 silly audit report       id: 1108291,
343 silly audit report       url: 'https://github.com/advisories/GHSA-qpjv-v59x-3qc4',
343 silly audit report       title: 'Next.js Race Condition to Cache Poisoning',
343 silly audit report       severity: 'low',
343 silly audit report       vulnerable_versions: '>=0.9.9 <14.2.24',
343 silly audit report       cwe: [Array],
343 silly audit report       cvss: [Object]
343 silly audit report     },
343 silly audit report     {
343 silly audit report       id: 1108953,
343 silly audit report       url: 'https://github.com/advisories/GHSA-f82v-jwr5-mffw',
343 silly audit report       title: 'Authorization Bypass in Next.js Middleware',
343 silly audit report       severity: 'critical',
343 silly audit report       vulnerable_versions: '>=14.0.0 <14.2.25',
343 silly audit report       cwe: [Array],
343 silly audit report       cvss: [Object]
343 silly audit report     },
343 silly audit report     {
343 silly audit report       id: 1112593,
343 silly audit report       url: 'https://github.com/advisories/GHSA-9g9p-9gw9-jx7f',
343 silly audit report       title: 'Next.js self-hosted applications vulnerable to DoS via Image Optimizer remotePatterns configuration',
343 silly audit report       severity: 'moderate',
343 silly audit report       vulnerable_versions: '>=10.0.0 <15.5.10',
343 silly audit report       cwe: [Array],
343 silly audit report       cvss: [Object]
343 silly audit report     },
343 silly audit report     {
343 silly audit report       id: 1112653,
343 silly audit report       url: 'https://github.com/advisories/GHSA-h25m-26qc-wcjf',
343 silly audit report       title: 'Next.js HTTP request deserialization can lead to DoS when using insecure React Server Components',
343 silly audit report       severity: 'high',
343 silly audit report       vulnerable_versions: '>=13.0.0 <15.0.8',
343 silly audit report       cwe: [Array],
343 silly audit report       cvss: [Object]
343 silly audit report     },
343 silly audit report     {
343 silly audit report       id: 1097295,
343 silly audit report       url: 'https://github.com/advisories/GHSA-fr5h-rqp8-mj6g',
343 silly audit report       title: 'Next.js Server-Side Request Forgery in Server Actions',
343 silly audit report       severity: 'high',
343 silly audit report       vulnerable_versions: '>=13.4.0 <14.1.1',
343 silly audit report       cwe: [Array],
343 silly audit report       cvss: [Object]
343 silly audit report     }
343 silly audit report   ]
343 silly audit report }
344 silly packumentCache corgi:https://registry.npmjs.org/next cache-miss
345 http fetch GET 200 https://registry.npmjs.org/next 542ms (cache revalidated)
346 silly packumentCache corgi:https://registry.npmjs.org/next set size:23916753 disposed:false
347 silly ADD
348 silly ADD
349 silly ADD
350 silly ADD
351 silly ADD
352 silly ADD
353 silly ADD
354 silly ADD
355 silly ADD
356 silly ADD
357 silly ADD
358 silly ADD
359 silly ADD
360 silly ADD
361 silly ADD
362 silly ADD
363 silly ADD
364 silly ADD
365 silly ADD
366 silly ADD
367 silly ADD
368 silly ADD
369 silly ADD
370 silly ADD
371 silly ADD
372 silly ADD
373 silly ADD
374 silly ADD
375 silly ADD
376 silly ADD
377 verbose cwd /home/node/.openclaw/workspace/best-of-cebu
378 verbose os Linux 6.8.0-100-generic
379 verbose node v22.22.0
380 verbose npm  v10.9.4
381 verbose exit 0
382 info ok
