0 verbose cli /usr/local/bin/node /usr/local/bin/npm
1 info using npm@10.9.4
2 info using node@v22.22.0
3 silly config load:file:/usr/local/lib/node_modules/npm/npmrc
4 silly config load:file:/home/node/.openclaw/workspace/best-of-cebu/.npmrc
5 silly config load:file:/home/node/.npmrc
6 silly config load:file:/usr/local/etc/npmrc
7 verbose title npm ci
8 verbose argv "ci"
9 verbose logfile logs-max:10 dir:/home/node/.openclaw/workspace/.npm_cache/_logs/2026-02-20T03_58_35_640Z-
10 verbose logfile /home/node/.openclaw/workspace/.npm_cache/_logs/2026-02-20T03_58_35_640Z-debug-0.log
11 silly logfile start cleaning logs, removing 1 files
12 silly logfile done cleaning log files
13 silly packumentCache heap:2197815296 maxSize:549453824 maxEntrySize:274726912
14 silly idealTree buildDeps
15 silly reify moves {}
16 silly reify mark deleted [
16 silly reify   '/home/node/.openclaw/workspace/best-of-cebu/node_modules/@emnapi/core'
16 silly reify ]
17 silly reify mark deleted [
17 silly reify   '/home/node/.openclaw/workspace/best-of-cebu/node_modules/@emnapi/runtime'
17 silly reify ]
18 silly reify mark deleted [
18 silly reify   '/home/node/.openclaw/workspace/best-of-cebu/node_modules/@emnapi/wasi-threads'
18 silly reify ]
19 silly reify mark deleted [
19 silly reify   '/home/node/.openclaw/workspace/best-of-cebu/node_modules/@eslint-community/eslint-utils'
19 silly reify ]
20 silly reify mark deleted [
20 silly reify   '/home/node/.openclaw/workspace/best-of-cebu/node_modules/@eslint-community/regexpp'
20 silly reify ]
21 silly reify mark deleted [
21 silly reify   '/home/node/.openclaw/workspace/best-of-cebu/node_modules/@eslint/eslintrc'
21 silly reify ]
22 silly reify mark deleted [
22 silly reify   '/home/node/.openclaw/workspace/best-of-cebu/node_modules/@eslint/js'
22 silly reify ]
23 silly reify mark deleted [
23 silly reify   '/home/node/.openclaw/workspace/best-of-cebu/node_modules/@humanwhocodes/config-array'
23 silly reify ]
24 silly reify mark deleted [
24 silly reify   '/home/node/.openclaw/workspace/best-of-cebu/node_modules/@humanwhocodes/module-importer'
24 silly reify ]
25 silly reify mark deleted [
25 silly reify   '/home/node/.openclaw/workspace/best-of-cebu/node_modules/@humanwhocodes/object-schema'
25 silly reify ]
26 silly reify mark deleted [
26 silly reify   '/home/node/.openclaw/workspace/best-of-cebu/node_modules/@isaacs/cliui'
26 silly reify ]
27 silly reify mark deleted [
27 silly reify   '/home/node/.openclaw/workspace/best-of-cebu/node_modules/@isaacs/cliui/node_modules/ansi-regex'
27 silly reify ]
28 silly reify mark deleted [
28 silly reify   '/home/node/.openclaw/workspace/best-of-cebu/node_modules/@isaacs/cliui/node_modules/strip-ansi'
28 silly reify ]
29 silly reify mark deleted [
29 silly reify   '/home/node/.openclaw/workspace/best-of-cebu/node_modules/@napi-rs/wasm-runtime'
29 silly reify ]
30 silly reify mark deleted [
30 silly reify   '/home/node/.openclaw/workspace/best-of-cebu/node_modules/@next/eslint-plugin-next'
30 silly reify ]
31 silly reify mark deleted [
31 silly reify   '/home/node/.openclaw/workspace/best-of-cebu/node_modules/@nolyfill/is-core-module'
31 silly reify ]
32 silly reify mark deleted [
32 silly reify   '/home/node/.openclaw/workspace/best-of-cebu/node_modules/@pkgjs/parseargs'
32 silly reify ]
33 silly reify mark deleted [
33 silly reify   '/home/node/.openclaw/workspace/best-of-cebu/node_modules/@rtsao/scc'
33 silly reify ]
34 silly reify mark deleted [
34 silly reify   '/home/node/.openclaw/workspace/best-of-cebu/node_modules/@rushstack/eslint-patch'
34 silly reify ]
35 silly reify mark deleted [
35 silly reify   '/home/node/.openclaw/workspace/best-of-cebu/node_modules/@tybys/wasm-util'
35 silly reify ]
36 silly reify mark deleted [
36 silly reify   '/home/node/.openclaw/workspace/best-of-cebu/node_modules/@types/json5'
36 silly reify ]
37 silly reify mark deleted [
37 silly reify   '/home/node/.openclaw/workspace/best-of-cebu/node_modules/@types/node'
37 silly reify ]
38 silly reify mark deleted [
38 silly reify   '/home/node/.openclaw/workspace/best-of-cebu/node_modules/@types/prop-types'
38 silly reify ]
39 silly reify mark deleted [
39 silly reify   '/home/node/.openclaw/workspace/best-of-cebu/node_modules/@types/react'
39 silly reify ]
40 silly reify mark deleted [
40 silly reify   '/home/node/.openclaw/workspace/best-of-cebu/node_modules/@types/react-dom'
40 silly reify ]
41 silly reify mark deleted [
41 silly reify   '/home/node/.openclaw/workspace/best-of-cebu/node_modules/@typescript-eslint/parser'
41 silly reify ]
42 silly reify mark deleted [
42 silly reify   '/home/node/.openclaw/workspace/best-of-cebu/node_modules/@typescript-eslint/scope-manager'
42 silly reify ]
43 silly reify mark deleted [
43 silly reify   '/home/node/.openclaw/workspace/best-of-cebu/node_modules/@typescript-eslint/types'
43 silly reify ]
44 silly reify mark deleted [
44 silly reify   '/home/node/.openclaw/workspace/best-of-cebu/node_modules/@typescript-eslint/typescript-estree'
44 silly reify ]
45 silly reify mark deleted [
45 silly reify   '/home/node/.openclaw/workspace/best-of-cebu/node_modules/@typescript-eslint/typescript-estree/node_modules/brace-expansion'
45 silly reify ]
46 silly reify mark deleted [
46 silly reify   '/home/node/.openclaw/workspace/best-of-cebu/node_modules/@typescript-eslint/typescript-estree/node_modules/minimatch'
46 silly reify ]
47 silly reify mark deleted [
47 silly reify   '/home/node/.openclaw/workspace/best-of-cebu/node_modules/@typescript-eslint/visitor-keys'
47 silly reify ]
48 silly reify mark deleted [
48 silly reify   '/home/node/.openclaw/workspace/best-of-cebu/node_modules/@ungap/structured-clone'
48 silly reify ]
49 silly reify mark deleted [
49 silly reify   '/home/node/.openclaw/workspace/best-of-cebu/node_modules/@unrs/resolver-binding-android-arm-eabi'
49 silly reify ]
50 silly reify mark deleted [
50 silly reify   '/home/node/.openclaw/workspace/best-of-cebu/node_modules/@unrs/resolver-binding-android-arm64'
50 silly reify ]
51 silly reify mark deleted [
51 silly reify   '/home/node/.openclaw/workspace/best-of-cebu/node_modules/@unrs/resolver-binding-darwin-arm64'
51 silly reify ]
52 silly reify mark deleted [
52 silly reify   '/home/node/.openclaw/workspace/best-of-cebu/node_modules/@unrs/resolver-binding-darwin-x64'
52 silly reify ]
53 silly reify mark deleted [
53 silly reify   '/home/node/.openclaw/workspace/best-of-cebu/node_modules/@unrs/resolver-binding-freebsd-x64'
53 silly reify ]
54 silly reify mark deleted [
54 silly reify   '/home/node/.openclaw/workspace/best-of-cebu/node_modules/@unrs/resolver-binding-linux-arm-gnueabihf'
54 silly reify ]
55 silly reify mark deleted [
55 silly reify   '/home/node/.openclaw/workspace/best-of-cebu/node_modules/@unrs/resolver-binding-linux-arm-musleabihf'
55 silly reify ]
56 silly reify mark deleted [
56 silly reify   '/home/node/.openclaw/workspace/best-of-cebu/node_modules/@unrs/resolver-binding-linux-arm64-gnu'
56 silly reify ]
57 silly reify mark deleted [
57 silly reify   '/home/node/.openclaw/workspace/best-of-cebu/node_modules/@unrs/resolver-binding-linux-arm64-musl'
57 silly reify ]
58 silly reify mark deleted [
58 silly reify   '/home/node/.openclaw/workspace/best-of-cebu/node_modules/@unrs/resolver-binding-linux-ppc64-gnu'
58 silly reify ]
59 silly reify mark deleted [
59 silly reify   '/home/node/.openclaw/workspace/best-of-cebu/node_modules/@unrs/resolver-binding-linux-riscv64-gnu'
59 silly reify ]
60 silly reify mark deleted [
60 silly reify   '/home/node/.openclaw/workspace/best-of-cebu/node_modules/@unrs/resolver-binding-linux-riscv64-musl'
60 silly reify ]
61 silly reify mark deleted [
61 silly reify   '/home/node/.openclaw/workspace/best-of-cebu/node_modules/@unrs/resolver-binding-linux-s390x-gnu'
61 silly reify ]
62 silly reify mark deleted [
62 silly reify   '/home/node/.openclaw/workspace/best-of-cebu/node_modules/@unrs/resolver-binding-linux-x64-gnu'
62 silly reify ]
63 silly reify mark deleted [
63 silly reify   '/home/node/.openclaw/workspace/best-of-cebu/node_modules/@unrs/resolver-binding-linux-x64-musl'
63 silly reify ]
64 silly reify mark deleted [
64 silly reify   '/home/node/.openclaw/workspace/best-of-cebu/node_modules/@unrs/resolver-binding-wasm32-wasi'
64 silly reify ]
65 silly reify mark deleted [
65 silly reify   '/home/node/.openclaw/workspace/best-of-cebu/node_modules/@unrs/resolver-binding-win32-arm64-msvc'
65 silly reify ]
66 silly reify mark deleted [
66 silly reify   '/home/node/.openclaw/workspace/best-of-cebu/node_modules/@unrs/resolver-binding-win32-ia32-msvc'
66 silly reify ]
67 silly reify mark deleted [
67 silly reify   '/home/node/.openclaw/workspace/best-of-cebu/node_modules/@unrs/resolver-binding-win32-x64-msvc'
67 silly reify ]
68 silly reify mark deleted [
68 silly reify   '/home/node/.openclaw/workspace/best-of-cebu/node_modules/acorn',
68 silly reify   '/home/node/.openclaw/workspace/best-of-cebu/node_modules/.bin/acorn'
68 silly reify ]
69 silly reify mark deleted [
69 silly reify   '/home/node/.openclaw/workspace/best-of-cebu/node_modules/acorn-jsx'
69 silly reify ]
70 silly reify mark deleted [ '/home/node/.openclaw/workspace/best-of-cebu/node_modules/ajv' ]
71 silly reify mark deleted [
71 silly reify   '/home/node/.openclaw/workspace/best-of-cebu/node_modules/ansi-regex'
71 silly reify ]
72 silly reify mark deleted [
72 silly reify   '/home/node/.openclaw/workspace/best-of-cebu/node_modules/ansi-styles'
72 silly reify ]
73 silly reify mark deleted [ '/home/node/.openclaw/workspace/best-of-cebu/node_modules/argparse' ]
74 silly reify mark deleted [
74 silly reify   '/home/node/.openclaw/workspace/best-of-cebu/node_modules/aria-query'
74 silly reify ]
75 silly reify mark deleted [
75 silly reify   '/home/node/.openclaw/workspace/best-of-cebu/node_modules/array-buffer-byte-length'
75 silly reify ]
76 silly reify mark deleted [
76 silly reify   '/home/node/.openclaw/workspace/best-of-cebu/node_modules/array-includes'
76 silly reify ]
77 silly reify mark deleted [
77 silly reify   '/home/node/.openclaw/workspace/best-of-cebu/node_modules/array-union'
77 silly reify ]
78 silly reify mark deleted [
78 silly reify   '/home/node/.openclaw/workspace/best-of-cebu/node_modules/array.prototype.findlast'
78 silly reify ]
79 silly reify mark deleted [
79 silly reify   '/home/node/.openclaw/workspace/best-of-cebu/node_modules/array.prototype.findlastindex'
79 silly reify ]
80 silly reify mark deleted [
80 silly reify   '/home/node/.openclaw/workspace/best-of-cebu/node_modules/array.prototype.flat'
80 silly reify ]
81 silly reify mark deleted [
81 silly reify   '/home/node/.openclaw/workspace/best-of-cebu/node_modules/array.prototype.flatmap'
81 silly reify ]
82 silly reify mark deleted [
82 silly reify   '/home/node/.openclaw/workspace/best-of-cebu/node_modules/array.prototype.tosorted'
82 silly reify ]
83 silly reify mark deleted [
83 silly reify   '/home/node/.openclaw/workspace/best-of-cebu/node_modules/arraybuffer.prototype.slice'
83 silly reify ]
84 silly reify mark deleted [
84 silly reify   '/home/node/.openclaw/workspace/best-of-cebu/node_modules/ast-types-flow'
84 silly reify ]
85 silly reify mark deleted [
85 silly reify   '/home/node/.openclaw/workspace/best-of-cebu/node_modules/async-function'
85 silly reify ]
86 silly reify mark deleted [
86 silly reify   '/home/node/.openclaw/workspace/best-of-cebu/node_modules/available-typed-arrays'
86 silly reify ]
87 silly reify mark deleted [ '/home/node/.openclaw/workspace/best-of-cebu/node_modules/axe-core' ]
88 silly reify mark deleted [
88 silly reify   '/home/node/.openclaw/workspace/best-of-cebu/node_modules/axobject-query'
88 silly reify ]
89 silly reify mark deleted [
89 silly reify   '/home/node/.openclaw/workspace/best-of-cebu/node_modules/balanced-match'
89 silly reify ]
90 silly reify mark deleted [
90 silly reify   '/home/node/.openclaw/workspace/best-of-cebu/node_modules/brace-expansion'
90 silly reify ]
91 silly reify mark deleted [
91 silly reify   '/home/node/.openclaw/workspace/best-of-cebu/node_modules/call-bind'
91 silly reify ]
92 silly reify mark deleted [
92 silly reify   '/home/node/.openclaw/workspace/best-of-cebu/node_modules/call-bind-apply-helpers'
92 silly reify ]
93 silly reify mark deleted [
93 silly reify   '/home/node/.openclaw/workspace/best-of-cebu/node_modules/call-bound'
93 silly reify ]
94 silly reify mark deleted [
94 silly reify   '/home/node/.openclaw/workspace/best-of-cebu/node_modules/callsites'
94 silly reify ]
95 silly reify mark deleted [ '/home/node/.openclaw/workspace/best-of-cebu/node_modules/chalk' ]
96 silly reify mark deleted [
96 silly reify   '/home/node/.openclaw/workspace/best-of-cebu/node_modules/color-convert'
96 silly reify ]
97 silly reify mark deleted [
97 silly reify   '/home/node/.openclaw/workspace/best-of-cebu/node_modules/color-name'
97 silly reify ]
98 silly reify mark deleted [
98 silly reify   '/home/node/.openclaw/workspace/best-of-cebu/node_modules/concat-map'
98 silly reify ]
99 silly reify mark deleted [
99 silly reify   '/home/node/.openclaw/workspace/best-of-cebu/node_modules/cross-spawn'
99 silly reify ]
100 silly reify mark deleted [ '/home/node/.openclaw/workspace/best-of-cebu/node_modules/csstype' ]
101 silly reify mark deleted [
101 silly reify   '/home/node/.openclaw/workspace/best-of-cebu/node_modules/damerau-levenshtein'
101 silly reify ]
102 silly reify mark deleted [
102 silly reify   '/home/node/.openclaw/workspace/best-of-cebu/node_modules/data-view-buffer'
102 silly reify ]
103 silly reify mark deleted [
103 silly reify   '/home/node/.openclaw/workspace/best-of-cebu/node_modules/data-view-byte-length'
103 silly reify ]
104 silly reify mark deleted [
104 silly reify   '/home/node/.openclaw/workspace/best-of-cebu/node_modules/data-view-byte-offset'
104 silly reify ]
105 silly reify mark deleted [ '/home/node/.openclaw/workspace/best-of-cebu/node_modules/debug' ]
106 silly reify mark deleted [ '/home/node/.openclaw/workspace/best-of-cebu/node_modules/deep-is' ]
107 silly reify mark deleted [
107 silly reify   '/home/node/.openclaw/workspace/best-of-cebu/node_modules/define-data-property'
107 silly reify ]
108 silly reify mark deleted [
108 silly reify   '/home/node/.openclaw/workspace/best-of-cebu/node_modules/define-properties'
108 silly reify ]
109 silly reify mark deleted [ '/home/node/.openclaw/workspace/best-of-cebu/node_modules/dir-glob' ]
110 silly reify mark deleted [ '/home/node/.openclaw/workspace/best-of-cebu/node_modules/doctrine' ]
111 silly reify mark deleted [
111 silly reify   '/home/node/.openclaw/workspace/best-of-cebu/node_modules/dunder-proto'
111 silly reify ]
112 silly reify mark deleted [
112 silly reify   '/home/node/.openclaw/workspace/best-of-cebu/node_modules/eastasianwidth'
112 silly reify ]
113 silly reify mark deleted [
113 silly reify   '/home/node/.openclaw/workspace/best-of-cebu/node_modules/emoji-regex'
113 silly reify ]
114 silly reify mark deleted [
114 silly reify   '/home/node/.openclaw/workspace/best-of-cebu/node_modules/es-abstract'
114 silly reify ]
115 silly reify mark deleted [
115 silly reify   '/home/node/.openclaw/workspace/best-of-cebu/node_modules/es-define-property'
115 silly reify ]
116 silly reify mark deleted [
116 silly reify   '/home/node/.openclaw/workspace/best-of-cebu/node_modules/es-errors'
116 silly reify ]
117 silly reify mark deleted [
117 silly reify   '/home/node/.openclaw/workspace/best-of-cebu/node_modules/es-iterator-helpers'
117 silly reify ]
118 silly reify mark deleted [
118 silly reify   '/home/node/.openclaw/workspace/best-of-cebu/node_modules/es-object-atoms'
118 silly reify ]
119 silly reify mark deleted [
119 silly reify   '/home/node/.openclaw/workspace/best-of-cebu/node_modules/es-set-tostringtag'
119 silly reify ]
120 silly reify mark deleted [
120 silly reify   '/home/node/.openclaw/workspace/best-of-cebu/node_modules/es-shim-unscopables'
120 silly reify ]
121 silly reify mark deleted [
121 silly reify   '/home/node/.openclaw/workspace/best-of-cebu/node_modules/es-to-primitive'
121 silly reify ]
122 silly reify mark deleted [
122 silly reify   '/home/node/.openclaw/workspace/best-of-cebu/node_modules/escape-string-regexp'
122 silly reify ]
123 silly reify mark deleted [
123 silly reify   '/home/node/.openclaw/workspace/best-of-cebu/node_modules/eslint',
123 silly reify   '/home/node/.openclaw/workspace/best-of-cebu/node_modules/.bin/eslint'
123 silly reify ]
124 silly reify mark deleted [
124 silly reify   '/home/node/.openclaw/workspace/best-of-cebu/node_modules/eslint-config-next'
124 silly reify ]
125 silly reify mark deleted [
125 silly reify   '/home/node/.openclaw/workspace/best-of-cebu/node_modules/eslint-import-resolver-node'
125 silly reify ]
126 silly reify mark deleted [
126 silly reify   '/home/node/.openclaw/workspace/best-of-cebu/node_modules/eslint-import-resolver-node/node_modules/debug'
126 silly reify ]
127 silly reify mark deleted [
127 silly reify   '/home/node/.openclaw/workspace/best-of-cebu/node_modules/eslint-import-resolver-typescript'
127 silly reify ]
128 silly reify mark deleted [
128 silly reify   '/home/node/.openclaw/workspace/best-of-cebu/node_modules/eslint-module-utils'
128 silly reify ]
129 silly reify mark deleted [
129 silly reify   '/home/node/.openclaw/workspace/best-of-cebu/node_modules/eslint-module-utils/node_modules/debug'
129 silly reify ]
130 silly reify mark deleted [
130 silly reify   '/home/node/.openclaw/workspace/best-of-cebu/node_modules/eslint-plugin-import'
130 silly reify ]
131 silly reify mark deleted [
131 silly reify   '/home/node/.openclaw/workspace/best-of-cebu/node_modules/eslint-plugin-import/node_modules/debug'
131 silly reify ]
132 silly reify mark deleted [
132 silly reify   '/home/node/.openclaw/workspace/best-of-cebu/node_modules/eslint-plugin-import/node_modules/doctrine'
132 silly reify ]
133 silly reify mark deleted [
133 silly reify   '/home/node/.openclaw/workspace/best-of-cebu/node_modules/eslint-plugin-import/node_modules/semver',
133 silly reify   '/home/node/.openclaw/workspace/best-of-cebu/node_modules/eslint-plugin-import/node_modules/.bin/semver'
133 silly reify ]
134 silly reify mark deleted [
134 silly reify   '/home/node/.openclaw/workspace/best-of-cebu/node_modules/eslint-plugin-jsx-a11y'
134 silly reify ]
135 silly reify mark deleted [
135 silly reify   '/home/node/.openclaw/workspace/best-of-cebu/node_modules/eslint-plugin-react'
135 silly reify ]
136 silly reify mark deleted [
136 silly reify   '/home/node/.openclaw/workspace/best-of-cebu/node_modules/eslint-plugin-react-hooks'
136 silly reify ]
137 silly reify mark deleted [
137 silly reify   '/home/node/.openclaw/workspace/best-of-cebu/node_modules/eslint-plugin-react/node_modules/doctrine'
137 silly reify ]
138 silly reify mark deleted [
138 silly reify   '/home/node/.openclaw/workspace/best-of-cebu/node_modules/eslint-plugin-react/node_modules/resolve',
138 silly reify   '/home/node/.openclaw/workspace/best-of-cebu/node_modules/eslint-plugin-react/node_modules/.bin/resolve'
138 silly reify ]
139 silly reify mark deleted [
139 silly reify   '/home/node/.openclaw/workspace/best-of-cebu/node_modules/eslint-plugin-react/node_modules/semver',
139 silly reify   '/home/node/.openclaw/workspace/best-of-cebu/node_modules/eslint-plugin-react/node_modules/.bin/semver'
139 silly reify ]
140 silly reify mark deleted [
140 silly reify   '/home/node/.openclaw/workspace/best-of-cebu/node_modules/eslint-scope'
140 silly reify ]
141 silly reify mark deleted [
141 silly reify   '/home/node/.openclaw/workspace/best-of-cebu/node_modules/eslint-visitor-keys'
141 silly reify ]
142 silly reify mark deleted [ '/home/node/.openclaw/workspace/best-of-cebu/node_modules/espree' ]
143 silly reify mark deleted [ '/home/node/.openclaw/workspace/best-of-cebu/node_modules/esquery' ]
144 silly reify mark deleted [
144 silly reify   '/home/node/.openclaw/workspace/best-of-cebu/node_modules/esrecurse'
144 silly reify ]
145 silly reify mark deleted [
145 silly reify   '/home/node/.openclaw/workspace/best-of-cebu/node_modules/estraverse'
145 silly reify ]
146 silly reify mark deleted [ '/home/node/.openclaw/workspace/best-of-cebu/node_modules/esutils' ]
147 silly reify mark deleted [
147 silly reify   '/home/node/.openclaw/workspace/best-of-cebu/node_modules/fast-deep-equal'
147 silly reify ]
148 silly reify mark deleted [
148 silly reify   '/home/node/.openclaw/workspace/best-of-cebu/node_modules/fast-json-stable-stringify'
148 silly reify ]
149 silly reify mark deleted [
149 silly reify   '/home/node/.openclaw/workspace/best-of-cebu/node_modules/fast-levenshtein'
149 silly reify ]
150 silly reify mark deleted [
150 silly reify   '/home/node/.openclaw/workspace/best-of-cebu/node_modules/file-entry-cache'
150 silly reify ]
151 silly reify mark deleted [ '/home/node/.openclaw/workspace/best-of-cebu/node_modules/find-up' ]
152 silly reify mark deleted [
152 silly reify   '/home/node/.openclaw/workspace/best-of-cebu/node_modules/flat-cache'
152 silly reify ]
153 silly reify mark deleted [ '/home/node/.openclaw/workspace/best-of-cebu/node_modules/flatted' ]
154 silly reify mark deleted [ '/home/node/.openclaw/workspace/best-of-cebu/node_modules/for-each' ]
155 silly reify mark deleted [
155 silly reify   '/home/node/.openclaw/workspace/best-of-cebu/node_modules/foreground-child'
155 silly reify ]
156 silly reify mark deleted [
156 silly reify   '/home/node/.openclaw/workspace/best-of-cebu/node_modules/fs.realpath'
156 silly reify ]
157 silly reify mark deleted [
157 silly reify   '/home/node/.openclaw/workspace/best-of-cebu/node_modules/function.prototype.name'
157 silly reify ]
158 silly reify mark deleted [
158 silly reify   '/home/node/.openclaw/workspace/best-of-cebu/node_modules/functions-have-names'
158 silly reify ]
159 silly reify mark deleted [
159 silly reify   '/home/node/.openclaw/workspace/best-of-cebu/node_modules/generator-function'
159 silly reify ]
160 silly reify mark deleted [
160 silly reify   '/home/node/.openclaw/workspace/best-of-cebu/node_modules/get-intrinsic'
160 silly reify ]
161 silly reify mark deleted [
161 silly reify   '/home/node/.openclaw/workspace/best-of-cebu/node_modules/get-proto'
161 silly reify ]
162 silly reify mark deleted [
162 silly reify   '/home/node/.openclaw/workspace/best-of-cebu/node_modules/get-symbol-description'
162 silly reify ]
163 silly reify mark deleted [
163 silly reify   '/home/node/.openclaw/workspace/best-of-cebu/node_modules/get-tsconfig'
163 silly reify ]
164 silly reify mark deleted [
164 silly reify   '/home/node/.openclaw/workspace/best-of-cebu/node_modules/glob',
164 silly reify   '/home/node/.openclaw/workspace/best-of-cebu/node_modules/.bin/glob'
164 silly reify ]
165 silly reify mark deleted [
165 silly reify   '/home/node/.openclaw/workspace/best-of-cebu/node_modules/glob/node_modules/brace-expansion'
165 silly reify ]
166 silly reify mark deleted [
166 silly reify   '/home/node/.openclaw/workspace/best-of-cebu/node_modules/glob/node_modules/minimatch'
166 silly reify ]
167 silly reify mark deleted [ '/home/node/.openclaw/workspace/best-of-cebu/node_modules/globals' ]
168 silly reify mark deleted [
168 silly reify   '/home/node/.openclaw/workspace/best-of-cebu/node_modules/globalthis'
168 silly reify ]
169 silly reify mark deleted [ '/home/node/.openclaw/workspace/best-of-cebu/node_modules/globby' ]
170 silly reify mark deleted [ '/home/node/.openclaw/workspace/best-of-cebu/node_modules/gopd' ]
171 silly reify mark deleted [
171 silly reify   '/home/node/.openclaw/workspace/best-of-cebu/node_modules/graphemer'
171 silly reify ]
172 silly reify mark deleted [
172 silly reify   '/home/node/.openclaw/workspace/best-of-cebu/node_modules/has-bigints'
172 silly reify ]
173 silly reify mark deleted [ '/home/node/.openclaw/workspace/best-of-cebu/node_modules/has-flag' ]
174 silly reify mark deleted [
174 silly reify   '/home/node/.openclaw/workspace/best-of-cebu/node_modules/has-property-descriptors'
174 silly reify ]
175 silly reify mark deleted [
175 silly reify   '/home/node/.openclaw/workspace/best-of-cebu/node_modules/has-proto'
175 silly reify ]
176 silly reify mark deleted [
176 silly reify   '/home/node/.openclaw/workspace/best-of-cebu/node_modules/has-symbols'
176 silly reify ]
177 silly reify mark deleted [
177 silly reify   '/home/node/.openclaw/workspace/best-of-cebu/node_modules/has-tostringtag'
177 silly reify ]
178 silly reify mark deleted [ '/home/node/.openclaw/workspace/best-of-cebu/node_modules/ignore' ]
179 silly reify mark deleted [
179 silly reify   '/home/node/.openclaw/workspace/best-of-cebu/node_modules/import-fresh'
179 silly reify ]
180 silly reify mark deleted [
180 silly reify   '/home/node/.openclaw/workspace/best-of-cebu/node_modules/imurmurhash'
180 silly reify ]
181 silly reify mark deleted [ '/home/node/.openclaw/workspace/best-of-cebu/node_modules/inflight' ]
182 silly reify mark deleted [ '/home/node/.openclaw/workspace/best-of-cebu/node_modules/inherits' ]
183 silly reify mark deleted [
183 silly reify   '/home/node/.openclaw/workspace/best-of-cebu/node_modules/internal-slot'
183 silly reify ]
184 silly reify mark deleted [
184 silly reify   '/home/node/.openclaw/workspace/best-of-cebu/node_modules/is-array-buffer'
184 silly reify ]
185 silly reify mark deleted [
185 silly reify   '/home/node/.openclaw/workspace/best-of-cebu/node_modules/is-async-function'
185 silly reify ]
186 silly reify mark deleted [
186 silly reify   '/home/node/.openclaw/workspace/best-of-cebu/node_modules/is-bigint'
186 silly reify ]
187 silly reify mark deleted [
187 silly reify   '/home/node/.openclaw/workspace/best-of-cebu/node_modules/is-boolean-object'
187 silly reify ]
188 silly reify mark deleted [
188 silly reify   '/home/node/.openclaw/workspace/best-of-cebu/node_modules/is-bun-module'
188 silly reify ]
189 silly reify mark deleted [
189 silly reify   '/home/node/.openclaw/workspace/best-of-cebu/node_modules/is-callable'
189 silly reify ]
190 silly reify mark deleted [
190 silly reify   '/home/node/.openclaw/workspace/best-of-cebu/node_modules/is-data-view'
190 silly reify ]
191 silly reify mark deleted [
191 silly reify   '/home/node/.openclaw/workspace/best-of-cebu/node_modules/is-date-object'
191 silly reify ]
192 silly reify mark deleted [
192 silly reify   '/home/node/.openclaw/workspace/best-of-cebu/node_modules/is-finalizationregistry'
192 silly reify ]
193 silly reify mark deleted [
193 silly reify   '/home/node/.openclaw/workspace/best-of-cebu/node_modules/is-fullwidth-code-point'
193 silly reify ]
194 silly reify mark deleted [
194 silly reify   '/home/node/.openclaw/workspace/best-of-cebu/node_modules/is-generator-function'
194 silly reify ]
195 silly reify mark deleted [ '/home/node/.openclaw/workspace/best-of-cebu/node_modules/is-map' ]
196 silly reify mark deleted [
196 silly reify   '/home/node/.openclaw/workspace/best-of-cebu/node_modules/is-negative-zero'
196 silly reify ]
197 silly reify mark deleted [
197 silly reify   '/home/node/.openclaw/workspace/best-of-cebu/node_modules/is-number-object'
197 silly reify ]
198 silly reify mark deleted [
198 silly reify   '/home/node/.openclaw/workspace/best-of-cebu/node_modules/is-path-inside'
198 silly reify ]
199 silly reify mark deleted [ '/home/node/.openclaw/workspace/best-of-cebu/node_modules/is-regex' ]
200 silly reify mark deleted [ '/home/node/.openclaw/workspace/best-of-cebu/node_modules/is-set' ]
201 silly reify mark deleted [
201 silly reify   '/home/node/.openclaw/workspace/best-of-cebu/node_modules/is-shared-array-buffer'
201 silly reify ]
202 silly reify mark deleted [
202 silly reify   '/home/node/.openclaw/workspace/best-of-cebu/node_modules/is-string'
202 silly reify ]
203 silly reify mark deleted [
203 silly reify   '/home/node/.openclaw/workspace/best-of-cebu/node_modules/is-symbol'
203 silly reify ]
204 silly reify mark deleted [
204 silly reify   '/home/node/.openclaw/workspace/best-of-cebu/node_modules/is-typed-array'
204 silly reify ]
205 silly reify mark deleted [
205 silly reify   '/home/node/.openclaw/workspace/best-of-cebu/node_modules/is-weakmap'
205 silly reify ]
206 silly reify mark deleted [
206 silly reify   '/home/node/.openclaw/workspace/best-of-cebu/node_modules/is-weakref'
206 silly reify ]
207 silly reify mark deleted [
207 silly reify   '/home/node/.openclaw/workspace/best-of-cebu/node_modules/is-weakset'
207 silly reify ]
208 silly reify mark deleted [ '/home/node/.openclaw/workspace/best-of-cebu/node_modules/isarray' ]
209 silly reify mark deleted [ '/home/node/.openclaw/workspace/best-of-cebu/node_modules/isexe' ]
210 silly reify mark deleted [
210 silly reify   '/home/node/.openclaw/workspace/best-of-cebu/node_modules/iterator.prototype'
210 silly reify ]
211 silly reify mark deleted [
211 silly reify   '/home/node/.openclaw/workspace/best-of-cebu/node_modules/jackspeak'
211 silly reify ]
212 silly reify mark deleted [
212 silly reify   '/home/node/.openclaw/workspace/best-of-cebu/node_modules/js-yaml',
212 silly reify   '/home/node/.openclaw/workspace/best-of-cebu/node_modules/.bin/js-yaml'
212 silly reify ]
213 silly reify mark deleted [
213 silly reify   '/home/node/.openclaw/workspace/best-of-cebu/node_modules/json-buffer'
213 silly reify ]
214 silly reify mark deleted [
214 silly reify   '/home/node/.openclaw/workspace/best-of-cebu/node_modules/json-schema-traverse'
214 silly reify ]
215 silly reify mark deleted [
215 silly reify   '/home/node/.openclaw/workspace/best-of-cebu/node_modules/json-stable-stringify-without-jsonify'
215 silly reify ]
216 silly reify mark deleted [
216 silly reify   '/home/node/.openclaw/workspace/best-of-cebu/node_modules/json5',
216 silly reify   '/home/node/.openclaw/workspace/best-of-cebu/node_modules/.bin/json5'
216 silly reify ]
217 silly reify mark deleted [
217 silly reify   '/home/node/.openclaw/workspace/best-of-cebu/node_modules/jsx-ast-utils'
217 silly reify ]
218 silly reify mark deleted [ '/home/node/.openclaw/workspace/best-of-cebu/node_modules/keyv' ]
219 silly reify mark deleted [
219 silly reify   '/home/node/.openclaw/workspace/best-of-cebu/node_modules/language-subtag-registry'
219 silly reify ]
220 silly reify mark deleted [
220 silly reify   '/home/node/.openclaw/workspace/best-of-cebu/node_modules/language-tags'
220 silly reify ]
221 silly reify mark deleted [ '/home/node/.openclaw/workspace/best-of-cebu/node_modules/levn' ]
222 silly reify mark deleted [
222 silly reify   '/home/node/.openclaw/workspace/best-of-cebu/node_modules/locate-path'
222 silly reify ]
223 silly reify mark deleted [
223 silly reify   '/home/node/.openclaw/workspace/best-of-cebu/node_modules/lodash.merge'
223 silly reify ]
224 silly reify mark deleted [
224 silly reify   '/home/node/.openclaw/workspace/best-of-cebu/node_modules/lru-cache'
224 silly reify ]
225 silly reify mark deleted [
225 silly reify   '/home/node/.openclaw/workspace/best-of-cebu/node_modules/math-intrinsics'
225 silly reify ]
226 silly reify mark deleted [
226 silly reify   '/home/node/.openclaw/workspace/best-of-cebu/node_modules/minimatch'
226 silly reify ]
227 silly reify mark deleted [ '/home/node/.openclaw/workspace/best-of-cebu/node_modules/minimist' ]
228 silly reify mark deleted [ '/home/node/.openclaw/workspace/best-of-cebu/node_modules/minipass' ]
229 silly reify mark deleted [ '/home/node/.openclaw/workspace/best-of-cebu/node_modules/ms' ]
230 silly reify mark deleted [
230 silly reify   '/home/node/.openclaw/workspace/best-of-cebu/node_modules/napi-postinstall',
230 silly reify   '/home/node/.openclaw/workspace/best-of-cebu/node_modules/.bin/napi-postinstall'
230 silly reify ]
231 silly reify mark deleted [
231 silly reify   '/home/node/.openclaw/workspace/best-of-cebu/node_modules/natural-compare'
231 silly reify ]
232 silly reify mark deleted [
232 silly reify   '/home/node/.openclaw/workspace/best-of-cebu/node_modules/node-exports-info'
232 silly reify ]
233 silly reify mark deleted [
233 silly reify   '/home/node/.openclaw/workspace/best-of-cebu/node_modules/node-exports-info/node_modules/semver',
233 silly reify   '/home/node/.openclaw/workspace/best-of-cebu/node_modules/node-exports-info/node_modules/.bin/semver'
233 silly reify ]
234 silly reify mark deleted [
234 silly reify   '/home/node/.openclaw/workspace/best-of-cebu/node_modules/object-inspect'
234 silly reify ]
235 silly reify mark deleted [
235 silly reify   '/home/node/.openclaw/workspace/best-of-cebu/node_modules/object-keys'
235 silly reify ]
236 silly reify mark deleted [
236 silly reify   '/home/node/.openclaw/workspace/best-of-cebu/node_modules/object.assign'
236 silly reify ]
237 silly reify mark deleted [
237 silly reify   '/home/node/.openclaw/workspace/best-of-cebu/node_modules/object.entries'
237 silly reify ]
238 silly reify mark deleted [
238 silly reify   '/home/node/.openclaw/workspace/best-of-cebu/node_modules/object.fromentries'
238 silly reify ]
239 silly reify mark deleted [
239 silly reify   '/home/node/.openclaw/workspace/best-of-cebu/node_modules/object.groupby'
239 silly reify ]
240 silly reify mark deleted [
240 silly reify   '/home/node/.openclaw/workspace/best-of-cebu/node_modules/object.values'
240 silly reify ]
241 silly reify mark deleted [ '/home/node/.openclaw/workspace/best-of-cebu/node_modules/once' ]
242 silly reify mark deleted [
242 silly reify   '/home/node/.openclaw/workspace/best-of-cebu/node_modules/optionator'
242 silly reify ]
243 silly reify mark deleted [ '/home/node/.openclaw/workspace/best-of-cebu/node_modules/own-keys' ]
244 silly reify mark deleted [ '/home/node/.openclaw/workspace/best-of-cebu/node_modules/p-limit' ]
245 silly reify mark deleted [ '/home/node/.openclaw/workspace/best-of-cebu/node_modules/p-locate' ]
246 silly reify mark deleted [
246 silly reify   '/home/node/.openclaw/workspace/best-of-cebu/node_modules/parent-module'
246 silly reify ]
247 silly reify mark deleted [
247 silly reify   '/home/node/.openclaw/workspace/best-of-cebu/node_modules/path-exists'
247 silly reify ]
248 silly reify mark deleted [
248 silly reify   '/home/node/.openclaw/workspace/best-of-cebu/node_modules/path-is-absolute'
248 silly reify ]
249 silly reify mark deleted [ '/home/node/.openclaw/workspace/best-of-cebu/node_modules/path-key' ]
250 silly reify mark deleted [
250 silly reify   '/home/node/.openclaw/workspace/best-of-cebu/node_modules/path-scurry'
250 silly reify ]
251 silly reify mark deleted [
251 silly reify   '/home/node/.openclaw/workspace/best-of-cebu/node_modules/path-type'
251 silly reify ]
252 silly reify mark deleted [
252 silly reify   '/home/node/.openclaw/workspace/best-of-cebu/node_modules/possible-typed-array-names'
252 silly reify ]
253 silly reify mark deleted [
253 silly reify   '/home/node/.openclaw/workspace/best-of-cebu/node_modules/prelude-ls'
253 silly reify ]
254 silly reify mark deleted [
254 silly reify   '/home/node/.openclaw/workspace/best-of-cebu/node_modules/prop-types'
254 silly reify ]
255 silly reify mark deleted [ '/home/node/.openclaw/workspace/best-of-cebu/node_modules/punycode' ]
256 silly reify mark deleted [ '/home/node/.openclaw/workspace/best-of-cebu/node_modules/react-is' ]
257 silly reify mark deleted [
257 silly reify   '/home/node/.openclaw/workspace/best-of-cebu/node_modules/reflect.getprototypeof'
257 silly reify ]
258 silly reify mark deleted [
258 silly reify   '/home/node/.openclaw/workspace/best-of-cebu/node_modules/regexp.prototype.flags'
258 silly reify ]
259 silly reify mark deleted [
259 silly reify   '/home/node/.openclaw/workspace/best-of-cebu/node_modules/resolve-from'
259 silly reify ]
260 silly reify mark deleted [
260 silly reify   '/home/node/.openclaw/workspace/best-of-cebu/node_modules/resolve-pkg-maps'
260 silly reify ]
261 silly reify mark deleted [
261 silly reify   '/home/node/.openclaw/workspace/best-of-cebu/node_modules/rimraf',
261 silly reify   '/home/node/.openclaw/workspace/best-of-cebu/node_modules/.bin/rimraf'
261 silly reify ]
262 silly reify mark deleted [
262 silly reify   '/home/node/.openclaw/workspace/best-of-cebu/node_modules/rimraf/node_modules/glob'
262 silly reify ]
263 silly reify mark deleted [
263 silly reify   '/home/node/.openclaw/workspace/best-of-cebu/node_modules/safe-array-concat'
263 silly reify ]
264 silly reify mark deleted [
264 silly reify   '/home/node/.openclaw/workspace/best-of-cebu/node_modules/safe-push-apply'
264 silly reify ]
265 silly reify mark deleted [
265 silly reify   '/home/node/.openclaw/workspace/best-of-cebu/node_modules/safe-regex-test'
265 silly reify ]
266 silly reify mark deleted [
266 silly reify   '/home/node/.openclaw/workspace/best-of-cebu/node_modules/semver',
266 silly reify   '/home/node/.openclaw/workspace/best-of-cebu/node_modules/.bin/semver'
266 silly reify ]
267 silly reify mark deleted [
267 silly reify   '/home/node/.openclaw/workspace/best-of-cebu/node_modules/set-function-length'
267 silly reify ]
268 silly reify mark deleted [
268 silly reify   '/home/node/.openclaw/workspace/best-of-cebu/node_modules/set-function-name'
268 silly reify ]
269 silly reify mark deleted [
269 silly reify   '/home/node/.openclaw/workspace/best-of-cebu/node_modules/set-proto'
269 silly reify ]
270 silly reify mark deleted [
270 silly reify   '/home/node/.openclaw/workspace/best-of-cebu/node_modules/shebang-command'
270 silly reify ]
271 silly reify mark deleted [
271 silly reify   '/home/node/.openclaw/workspace/best-of-cebu/node_modules/shebang-regex'
271 silly reify ]
272 silly reify mark deleted [
272 silly reify   '/home/node/.openclaw/workspace/best-of-cebu/node_modules/side-channel'
272 silly reify ]
273 silly reify mark deleted [
273 silly reify   '/home/node/.openclaw/workspace/best-of-cebu/node_modules/side-channel-list'
273 silly reify ]
274 silly reify mark deleted [
274 silly reify   '/home/node/.openclaw/workspace/best-of-cebu/node_modules/side-channel-map'
274 silly reify ]
275 silly reify mark deleted [
275 silly reify   '/home/node/.openclaw/workspace/best-of-cebu/node_modules/side-channel-weakmap'
275 silly reify ]
276 silly reify mark deleted [
276 silly reify   '/home/node/.openclaw/workspace/best-of-cebu/node_modules/signal-exit'
276 silly reify ]
277 silly reify mark deleted [ '/home/node/.openclaw/workspace/best-of-cebu/node_modules/slash' ]
278 silly reify mark deleted [
278 silly reify   '/home/node/.openclaw/workspace/best-of-cebu/node_modules/stable-hash'
278 silly reify ]
279 silly reify mark deleted [
279 silly reify   '/home/node/.openclaw/workspace/best-of-cebu/node_modules/stop-iteration-iterator'
279 silly reify ]
280 silly reify mark deleted [
280 silly reify   '/home/node/.openclaw/workspace/best-of-cebu/node_modules/string-width'
280 silly reify ]
281 silly reify mark deleted [
281 silly reify   '/home/node/.openclaw/workspace/best-of-cebu/node_modules/string-width-cjs'
281 silly reify ]
282 silly reify mark deleted [
282 silly reify   '/home/node/.openclaw/workspace/best-of-cebu/node_modules/string-width-cjs/node_modules/emoji-regex'
282 silly reify ]
283 silly reify mark deleted [
283 silly reify   '/home/node/.openclaw/workspace/best-of-cebu/node_modules/string-width/node_modules/ansi-regex'
283 silly reify ]
284 silly reify mark deleted [
284 silly reify   '/home/node/.openclaw/workspace/best-of-cebu/node_modules/string-width/node_modules/strip-ansi'
284 silly reify ]
285 silly reify mark deleted [
285 silly reify   '/home/node/.openclaw/workspace/best-of-cebu/node_modules/string.prototype.includes'
285 silly reify ]
286 silly reify mark deleted [
286 silly reify   '/home/node/.openclaw/workspace/best-of-cebu/node_modules/string.prototype.matchall'
286 silly reify ]
287 silly reify mark deleted [
287 silly reify   '/home/node/.openclaw/workspace/best-of-cebu/node_modules/string.prototype.repeat'
287 silly reify ]
288 silly reify mark deleted [
288 silly reify   '/home/node/.openclaw/workspace/best-of-cebu/node_modules/string.prototype.trim'
288 silly reify ]
289 silly reify mark deleted [
289 silly reify   '/home/node/.openclaw/workspace/best-of-cebu/node_modules/string.prototype.trimend'
289 silly reify ]
290 silly reify mark deleted [
290 silly reify   '/home/node/.openclaw/workspace/best-of-cebu/node_modules/string.prototype.trimstart'
290 silly reify ]
291 silly reify mark deleted [
291 silly reify   '/home/node/.openclaw/workspace/best-of-cebu/node_modules/strip-ansi'
291 silly reify ]
292 silly reify mark deleted [
292 silly reify   '/home/node/.openclaw/workspace/best-of-cebu/node_modules/strip-ansi-cjs'
292 silly reify ]
293 silly reify mark deleted [
293 silly reify   '/home/node/.openclaw/workspace/best-of-cebu/node_modules/strip-bom'
293 silly reify ]
294 silly reify mark deleted [
294 silly reify   '/home/node/.openclaw/workspace/best-of-cebu/node_modules/strip-json-comments'
294 silly reify ]
295 silly reify mark deleted [
295 silly reify   '/home/node/.openclaw/workspace/best-of-cebu/node_modules/supports-color'
295 silly reify ]
296 silly reify mark deleted [
296 silly reify   '/home/node/.openclaw/workspace/best-of-cebu/node_modules/text-table'
296 silly reify ]
297 silly reify mark deleted [
297 silly reify   '/home/node/.openclaw/workspace/best-of-cebu/node_modules/ts-api-utils'
297 silly reify ]
298 silly reify mark deleted [
298 silly reify   '/home/node/.openclaw/workspace/best-of-cebu/node_modules/tsconfig-paths'
298 silly reify ]
299 silly reify mark deleted [
299 silly reify   '/home/node/.openclaw/workspace/best-of-cebu/node_modules/type-check'
299 silly reify ]
300 silly reify mark deleted [
300 silly reify   '/home/node/.openclaw/workspace/best-of-cebu/node_modules/type-fest'
300 silly reify ]
301 silly reify mark deleted [
301 silly reify   '/home/node/.openclaw/workspace/best-of-cebu/node_modules/typed-array-buffer'
301 silly reify ]
302 silly reify mark deleted [
302 silly reify   '/home/node/.openclaw/workspace/best-of-cebu/node_modules/typed-array-byte-length'
302 silly reify ]
303 silly reify mark deleted [
303 silly reify   '/home/node/.openclaw/workspace/best-of-cebu/node_modules/typed-array-byte-offset'
303 silly reify ]
304 silly reify mark deleted [
304 silly reify   '/home/node/.openclaw/workspace/best-of-cebu/node_modules/typed-array-length'
304 silly reify ]
305 silly reify mark deleted [
305 silly reify   '/home/node/.openclaw/workspace/best-of-cebu/node_modules/typescript',
305 silly reify   '/home/node/.openclaw/workspace/best-of-cebu/node_modules/.bin/tsc',
305 silly reify   '/home/node/.openclaw/workspace/best-of-cebu/node_modules/.bin/tsserver'
305 silly reify ]
306 silly reify mark deleted [
306 silly reify   '/home/node/.openclaw/workspace/best-of-cebu/node_modules/unbox-primitive'
306 silly reify ]
307 silly reify mark deleted [
307 silly reify   '/home/node/.openclaw/workspace/best-of-cebu/node_modules/undici-types'
307 silly reify ]
308 silly reify mark deleted [
308 silly reify   '/home/node/.openclaw/workspace/best-of-cebu/node_modules/unrs-resolver'
308 silly reify ]
309 silly reify mark deleted [ '/home/node/.openclaw/workspace/best-of-cebu/node_modules/uri-js' ]
310 silly reify mark deleted [
310 silly reify   '/home/node/.openclaw/workspace/best-of-cebu/node_modules/which',
310 silly reify   '/home/node/.openclaw/workspace/best-of-cebu/node_modules/.bin/node-which'
310 silly reify ]
311 silly reify mark deleted [
311 silly reify   '/home/node/.openclaw/workspace/best-of-cebu/node_modules/which-boxed-primitive'
311 silly reify ]
312 silly reify mark deleted [
312 silly reify   '/home/node/.openclaw/workspace/best-of-cebu/node_modules/which-builtin-type'
312 silly reify ]
313 silly reify mark deleted [
313 silly reify   '/home/node/.openclaw/workspace/best-of-cebu/node_modules/which-collection'
313 silly reify ]
314 silly reify mark deleted [
314 silly reify   '/home/node/.openclaw/workspace/best-of-cebu/node_modules/which-typed-array'
314 silly reify ]
315 silly reify mark deleted [
315 silly reify   '/home/node/.openclaw/workspace/best-of-cebu/node_modules/word-wrap'
315 silly reify ]
316 silly reify mark deleted [
316 silly reify   '/home/node/.openclaw/workspace/best-of-cebu/node_modules/wrap-ansi'
316 silly reify ]
317 silly reify mark deleted [
317 silly reify   '/home/node/.openclaw/workspace/best-of-cebu/node_modules/wrap-ansi-cjs'
317 silly reify ]
318 silly reify mark deleted [
318 silly reify   '/home/node/.openclaw/workspace/best-of-cebu/node_modules/wrap-ansi-cjs/node_modules/emoji-regex'
318 silly reify ]
319 silly reify mark deleted [
319 silly reify   '/home/node/.openclaw/workspace/best-of-cebu/node_modules/wrap-ansi-cjs/node_modules/string-width'
319 silly reify ]
320 silly reify mark deleted [
320 silly reify   '/home/node/.openclaw/workspace/best-of-cebu/node_modules/wrap-ansi/node_modules/ansi-regex'
320 silly reify ]
321 silly reify mark deleted [
321 silly reify   '/home/node/.openclaw/workspace/best-of-cebu/node_modules/wrap-ansi/node_modules/ansi-styles'
321 silly reify ]
322 silly reify mark deleted [
322 silly reify   '/home/node/.openclaw/workspace/best-of-cebu/node_modules/wrap-ansi/node_modules/strip-ansi'
322 silly reify ]
323 silly reify mark deleted [ '/home/node/.openclaw/workspace/best-of-cebu/node_modules/wrappy' ]
324 silly reify mark deleted [
324 silly reify   '/home/node/.openclaw/workspace/best-of-cebu/node_modules/yocto-queue'
324 silly reify ]
325 silly audit bulk request {
325 silly audit   '@alloc/quick-lru': [ '5.2.0' ],
325 silly audit   '@jridgewell/gen-mapping': [ '0.3.13' ],
325 silly audit   '@jridgewell/resolve-uri': [ '3.1.2' ],
325 silly audit   '@jridgewell/sourcemap-codec': [ '1.5.5' ],
325 silly audit   '@jridgewell/trace-mapping': [ '0.3.31' ],
325 silly audit   '@next/env': [ '14.1.0' ],
325 silly audit   '@next/swc-darwin-arm64': [ '14.1.0' ],
325 silly audit   '@next/swc-darwin-x64': [ '14.1.0' ],
325 silly audit   '@next/swc-linux-arm64-gnu': [ '14.1.0' ],
325 silly audit   '@next/swc-linux-arm64-musl': [ '14.1.0' ],
325 silly audit   '@next/swc-linux-x64-gnu': [ '14.1.0' ],
325 silly audit   '@next/swc-linux-x64-musl': [ '14.1.0' ],
325 silly audit   '@next/swc-win32-arm64-msvc': [ '14.1.0' ],
325 silly audit   '@next/swc-win32-ia32-msvc': [ '14.1.0' ],
325 silly audit   '@next/swc-win32-x64-msvc': [ '14.1.0' ],
325 silly audit   '@nodelib/fs.scandir': [ '2.1.5' ],
325 silly audit   '@nodelib/fs.stat': [ '2.0.5' ],
325 silly audit   '@nodelib/fs.walk': [ '1.2.8' ],
325 silly audit   '@swc/helpers': [ '0.5.2' ],
325 silly audit   'any-promise': [ '1.3.0' ],
325 silly audit   anymatch: [ '3.1.3' ],
325 silly audit   arg: [ '5.0.2' ],
325 silly audit   autoprefixer: [ '10.4.24' ],
325 silly audit   'baseline-browser-mapping': [ '2.10.0' ],
325 silly audit   'binary-extensions': [ '2.3.0' ],
325 silly audit   braces: [ '3.0.3' ],
325 silly audit   browserslist: [ '4.28.1' ],
325 silly audit   busboy: [ '1.6.0' ],
325 silly audit   'camelcase-css': [ '2.0.1' ],
325 silly audit   'caniuse-lite': [ '1.0.30001770' ],
325 silly audit   chokidar: [ '3.6.0' ],
325 silly audit   'glob-parent': [ '5.1.2', '6.0.2' ],
325 silly audit   'client-only': [ '0.0.1' ],
325 silly audit   clsx: [ '2.1.1' ],
325 silly audit   commander: [ '4.1.1' ],
325 silly audit   cssesc: [ '3.0.0' ],
325 silly audit   didyoumean: [ '1.2.2' ],
325 silly audit   dlv: [ '1.1.3' ],
325 silly audit   'electron-to-chromium': [ '1.5.286' ],
325 silly audit   escalade: [ '3.2.0' ],
325 silly audit   resolve: [ '1.22.11' ],
325 silly audit   'fast-glob': [ '3.3.3' ],
325 silly audit   fastq: [ '1.20.1' ],
325 silly audit   'fill-range': [ '7.1.1' ],
325 silly audit   'fraction.js': [ '5.3.4' ],
325 silly audit   'framer-motion': [ '11.18.2' ],
325 silly audit   fsevents: [ '2.3.3' ],
325 silly audit   'function-bind': [ '1.1.2' ],
325 silly audit   'graceful-fs': [ '4.2.11' ],
325 silly audit   hasown: [ '2.0.2' ],
325 silly audit   'is-binary-path': [ '2.1.0' ],
325 silly audit   'is-core-module': [ '2.16.1' ],
325 silly audit   'is-extglob': [ '2.1.1' ],
325 silly audit   'is-glob': [ '4.0.3' ],
325 silly audit   'is-number': [ '7.0.0' ],
325 silly audit   jiti: [ '1.21.7' ],
325 silly audit   'js-tokens': [ '4.0.0' ],
325 silly audit   lilconfig: [ '3.1.3' ],
325 silly audit   'lines-and-columns': [ '1.2.4' ],
325 silly audit   'loose-envify': [ '1.4.0' ],
325 silly audit   'lucide-react': [ '0.344.0' ],
325 silly audit   merge2: [ '1.4.1' ],
325 silly audit   micromatch: [ '4.0.8' ],
325 silly audit   'motion-dom': [ '11.18.1' ],
325 silly audit   'motion-utils': [ '11.18.1' ],
325 silly audit   mz: [ '2.7.0' ],
325 silly audit   nanoid: [ '3.3.11' ],
325 silly audit   next: [ '14.1.0' ],
325 silly audit   postcss: [ '8.4.31', '8.5.6' ],
325 silly audit   'node-releases': [ '2.0.27' ],
325 silly audit   'normalize-path': [ '3.0.0' ],
325 silly audit   'object-assign': [ '4.1.1' ],
325 silly audit   'object-hash': [ '3.0.0' ],
325 silly audit   'path-parse': [ '1.0.7' ],
325 silly audit   picocolors: [ '1.1.1' ],
325 silly audit   picomatch: [ '2.3.1', '4.0.3' ],
325 silly audit   pify: [ '2.3.0' ],
325 silly audit   pirates: [ '4.0.7' ],
325 silly audit   'postcss-import': [ '15.1.0' ],
325 silly audit   'postcss-js': [ '4.1.0' ],
325 silly audit   'postcss-nested': [ '6.2.0' ],
325 silly audit   'postcss-selector-parser': [ '6.1.2' ],
325 silly audit   'postcss-value-parser': [ '4.2.0' ],
325 silly audit   'queue-microtask': [ '1.2.3' ],
325 silly audit   react: [ '18.3.1' ],
325 silly audit   'react-dom': [ '18.3.1' ],
325 silly audit   'read-cache': [ '1.0.0' ],
325 silly audit   readdirp: [ '3.6.0' ],
325 silly audit   reusify: [ '1.1.0' ],
325 silly audit   'run-parallel': [ '1.2.0' ],
325 silly audit   scheduler: [ '0.23.2' ],
325 silly audit   'source-map-js': [ '1.2.1' ],
325 silly audit   streamsearch: [ '1.1.0' ],
325 silly audit   'styled-jsx': [ '5.1.1' ],
325 silly audit   sucrase: [ '3.35.1' ],
325 silly audit   'supports-preserve-symlinks-flag': [ '1.0.0' ],
325 silly audit   'tailwind-merge': [ '2.6.1' ],
325 silly audit   tailwindcss: [ '3.4.19' ],
325 silly audit   'postcss-load-config': [ '4.0.2' ],
325 silly audit   thenify: [ '3.3.1' ],
325 silly audit   'thenify-all': [ '1.6.0' ],
325 silly audit   tinyglobby: [ '0.2.15' ],
325 silly audit   fdir: [ '6.5.0' ],
325 silly audit   'to-regex-range': [ '5.0.1' ],
325 silly audit   'ts-interface-checker': [ '0.1.13' ],
325 silly audit   tslib: [ '2.8.1' ],
325 silly audit   'update-browserslist-db': [ '1.2.3' ],
325 silly audit   'util-deprecate': [ '1.0.2' ],
325 silly audit   yaml: [ '2.8.2' ]
325 silly audit }
326 verbose reify failed optional dependency /home/node/.openclaw/workspace/best-of-cebu/node_modules/fsevents
327 silly reify mark deleted [ '/home/node/.openclaw/workspace/best-of-cebu/node_modules/fsevents' ]
328 verbose reify failed optional dependency /home/node/.openclaw/workspace/best-of-cebu/node_modules/@next/swc-win32-x64-msvc
329 silly reify mark deleted [
329 silly reify   '/home/node/.openclaw/workspace/best-of-cebu/node_modules/@next/swc-win32-x64-msvc'
329 silly reify ]
330 verbose reify failed optional dependency /home/node/.openclaw/workspace/best-of-cebu/node_modules/@next/swc-win32-ia32-msvc
331 silly reify mark deleted [
331 silly reify   '/home/node/.openclaw/workspace/best-of-cebu/node_modules/@next/swc-win32-ia32-msvc'
331 silly reify ]
332 verbose reify failed optional dependency /home/node/.openclaw/workspace/best-of-cebu/node_modules/@next/swc-win32-arm64-msvc
333 silly reify mark deleted [
333 silly reify   '/home/node/.openclaw/workspace/best-of-cebu/node_modules/@next/swc-win32-arm64-msvc'
333 silly reify ]
334 verbose reify failed optional dependency /home/node/.openclaw/workspace/best-of-cebu/node_modules/@next/swc-linux-arm64-musl
335 silly reify mark deleted [
335 silly reify   '/home/node/.openclaw/workspace/best-of-cebu/node_modules/@next/swc-linux-arm64-musl'
335 silly reify ]
336 verbose reify failed optional dependency /home/node/.openclaw/workspace/best-of-cebu/node_modules/@next/swc-linux-arm64-gnu
337 silly reify mark deleted [
337 silly reify   '/home/node/.openclaw/workspace/best-of-cebu/node_modules/@next/swc-linux-arm64-gnu'
337 silly reify ]
338 verbose reify failed optional dependency /home/node/.openclaw/workspace/best-of-cebu/node_modules/@next/swc-darwin-x64
339 silly reify mark deleted [
339 silly reify   '/home/node/.openclaw/workspace/best-of-cebu/node_modules/@next/swc-darwin-x64'
339 silly reify ]
340 verbose reify failed optional dependency /home/node/.openclaw/workspace/best-of-cebu/node_modules/@next/swc-darwin-arm64
341 silly reify mark deleted [
341 silly reify   '/home/node/.openclaw/workspace/best-of-cebu/node_modules/@next/swc-darwin-arm64'
341 silly reify ]
342 http cache yaml@https://registry.npmjs.org/yaml/-/yaml-2.8.2.tgz 0ms (cache hit)
343 http cache util-deprecate@https://registry.npmjs.org/util-deprecate/-/util-deprecate-1.0.2.tgz 0ms (cache hit)
344 http cache update-browserslist-db@https://registry.npmjs.org/update-browserslist-db/-/update-browserslist-db-1.2.3.tgz 0ms (cache hit)
345 http cache tslib@https://registry.npmjs.org/tslib/-/tslib-2.8.1.tgz 0ms (cache hit)
346 http cache ts-interface-checker@https://registry.npmjs.org/ts-interface-checker/-/ts-interface-checker-0.1.13.tgz 0ms (cache hit)
347 http cache to-regex-range@https://registry.npmjs.org/to-regex-range/-/to-regex-range-5.0.1.tgz 0ms (cache hit)
348 http cache tinyglobby@https://registry.npmjs.org/tinyglobby/-/tinyglobby-0.2.15.tgz 0ms (cache hit)
349 http cache thenify-all@https://registry.npmjs.org/thenify-all/-/thenify-all-1.6.0.tgz 0ms (cache hit)
350 http cache thenify@https://registry.npmjs.org/thenify/-/thenify-3.3.1.tgz 0ms (cache hit)
351 http cache tailwindcss@https://registry.npmjs.org/tailwindcss/-/tailwindcss-3.4.19.tgz 0ms (cache hit)
352 http cache tailwind-merge@https://registry.npmjs.org/tailwind-merge/-/tailwind-merge-2.6.1.tgz 0ms (cache hit)
353 http cache supports-preserve-symlinks-flag@https://registry.npmjs.org/supports-preserve-symlinks-flag/-/supports-preserve-symlinks-flag-1.0.0.tgz 0ms (cache hit)
354 http cache sucrase@https://registry.npmjs.org/sucrase/-/sucrase-3.35.1.tgz 0ms (cache hit)
355 http cache styled-jsx@https://registry.npmjs.org/styled-jsx/-/styled-jsx-5.1.1.tgz 0ms (cache hit)
356 http cache streamsearch@https://registry.npmjs.org/streamsearch/-/streamsearch-1.1.0.tgz 0ms (cache hit)
357 http cache source-map-js@https://registry.npmjs.org/source-map-js/-/source-map-js-1.2.1.tgz 0ms (cache hit)
358 http cache scheduler@https://registry.npmjs.org/scheduler/-/scheduler-0.23.2.tgz 0ms (cache hit)
359 http cache run-parallel@https://registry.npmjs.org/run-parallel/-/run-parallel-1.2.0.tgz 0ms (cache hit)
360 http cache resolve@https://registry.npmjs.org/resolve/-/resolve-1.22.11.tgz 0ms (cache hit)
361 http cache read-cache@https://registry.npmjs.org/read-cache/-/read-cache-1.0.0.tgz 0ms (cache hit)
362 http cache react-dom@https://registry.npmjs.org/react-dom/-/react-dom-18.3.1.tgz 0ms (cache hit)
363 http cache react@https://registry.npmjs.org/react/-/react-18.3.1.tgz 0ms (cache hit)
364 http cache reusify@https://registry.npmjs.org/reusify/-/reusify-1.1.0.tgz 0ms (cache hit)
365 http cache readdirp@https://registry.npmjs.org/readdirp/-/readdirp-3.6.0.tgz 0ms (cache hit)
366 http cache queue-microtask@https://registry.npmjs.org/queue-microtask/-/queue-microtask-1.2.3.tgz 0ms (cache hit)
367 http cache postcss-value-parser@https://registry.npmjs.org/postcss-value-parser/-/postcss-value-parser-4.2.0.tgz 0ms (cache hit)
368 http cache postcss-nested@https://registry.npmjs.org/postcss-nested/-/postcss-nested-6.2.0.tgz 0ms (cache hit)
369 http cache postcss-js@https://registry.npmjs.org/postcss-js/-/postcss-js-4.1.0.tgz 0ms (cache hit)
370 http cache postcss-import@https://registry.npmjs.org/postcss-import/-/postcss-import-15.1.0.tgz 0ms (cache hit)
371 http cache postcss-selector-parser@https://registry.npmjs.org/postcss-selector-parser/-/postcss-selector-parser-6.1.2.tgz 0ms (cache hit)
372 http cache postcss@https://registry.npmjs.org/postcss/-/postcss-8.5.6.tgz 0ms (cache hit)
373 http cache pirates@https://registry.npmjs.org/pirates/-/pirates-4.0.7.tgz 0ms (cache hit)
374 http cache pify@https://registry.npmjs.org/pify/-/pify-2.3.0.tgz 0ms (cache hit)
375 http cache picomatch@https://registry.npmjs.org/picomatch/-/picomatch-2.3.1.tgz 0ms (cache hit)
376 http cache picocolors@https://registry.npmjs.org/picocolors/-/picocolors-1.1.1.tgz 0ms (cache hit)
377 http cache path-parse@https://registry.npmjs.org/path-parse/-/path-parse-1.0.7.tgz 0ms (cache hit)
378 http cache object-hash@https://registry.npmjs.org/object-hash/-/object-hash-3.0.0.tgz 0ms (cache hit)
379 http cache object-assign@https://registry.npmjs.org/object-assign/-/object-assign-4.1.1.tgz 0ms (cache hit)
380 http cache normalize-path@https://registry.npmjs.org/normalize-path/-/normalize-path-3.0.0.tgz 0ms (cache hit)
381 http cache node-releases@https://registry.npmjs.org/node-releases/-/node-releases-2.0.27.tgz 0ms (cache hit)
382 http cache next@https://registry.npmjs.org/next/-/next-14.1.0.tgz 0ms (cache hit)
383 http cache nanoid@https://registry.npmjs.org/nanoid/-/nanoid-3.3.11.tgz 0ms (cache hit)
384 http cache mz@https://registry.npmjs.org/mz/-/mz-2.7.0.tgz 0ms (cache hit)
385 http cache motion-utils@https://registry.npmjs.org/motion-utils/-/motion-utils-11.18.1.tgz 0ms (cache hit)
386 http cache motion-dom@https://registry.npmjs.org/motion-dom/-/motion-dom-11.18.1.tgz 0ms (cache hit)
387 http cache micromatch@https://registry.npmjs.org/micromatch/-/micromatch-4.0.8.tgz 0ms (cache hit)
388 http cache merge2@https://registry.npmjs.org/merge2/-/merge2-1.4.1.tgz 0ms (cache hit)
389 http cache lucide-react@https://registry.npmjs.org/lucide-react/-/lucide-react-0.344.0.tgz 0ms (cache hit)
390 http cache loose-envify@https://registry.npmjs.org/loose-envify/-/loose-envify-1.4.0.tgz 0ms (cache hit)
391 http cache lines-and-columns@https://registry.npmjs.org/lines-and-columns/-/lines-and-columns-1.2.4.tgz 0ms (cache hit)
392 http cache lilconfig@https://registry.npmjs.org/lilconfig/-/lilconfig-3.1.3.tgz 0ms (cache hit)
393 http cache js-tokens@https://registry.npmjs.org/js-tokens/-/js-tokens-4.0.0.tgz 0ms (cache hit)
394 http cache jiti@https://registry.npmjs.org/jiti/-/jiti-1.21.7.tgz 0ms (cache hit)
395 http cache is-number@https://registry.npmjs.org/is-number/-/is-number-7.0.0.tgz 0ms (cache hit)
396 http cache is-glob@https://registry.npmjs.org/is-glob/-/is-glob-4.0.3.tgz 0ms (cache hit)
397 http cache is-extglob@https://registry.npmjs.org/is-extglob/-/is-extglob-2.1.1.tgz 0ms (cache hit)
398 http cache is-core-module@https://registry.npmjs.org/is-core-module/-/is-core-module-2.16.1.tgz 0ms (cache hit)
399 http cache is-binary-path@https://registry.npmjs.org/is-binary-path/-/is-binary-path-2.1.0.tgz 0ms (cache hit)
400 http cache hasown@https://registry.npmjs.org/hasown/-/hasown-2.0.2.tgz 0ms (cache hit)
401 http cache graceful-fs@https://registry.npmjs.org/graceful-fs/-/graceful-fs-4.2.11.tgz 0ms (cache hit)
402 http cache glob-parent@https://registry.npmjs.org/glob-parent/-/glob-parent-6.0.2.tgz 0ms (cache hit)
403 http cache function-bind@https://registry.npmjs.org/function-bind/-/function-bind-1.1.2.tgz 0ms (cache hit)
404 http cache framer-motion@https://registry.npmjs.org/framer-motion/-/framer-motion-11.18.2.tgz 0ms (cache hit)
405 http cache fraction.js@https://registry.npmjs.org/fraction.js/-/fraction.js-5.3.4.tgz 0ms (cache hit)
406 http cache fill-range@https://registry.npmjs.org/fill-range/-/fill-range-7.1.1.tgz 0ms (cache hit)
407 http cache fastq@https://registry.npmjs.org/fastq/-/fastq-1.20.1.tgz 0ms (cache hit)
408 http cache fast-glob@https://registry.npmjs.org/fast-glob/-/fast-glob-3.3.3.tgz 0ms (cache hit)
409 http cache escalade@https://registry.npmjs.org/escalade/-/escalade-3.2.0.tgz 0ms (cache hit)
410 http cache electron-to-chromium@https://registry.npmjs.org/electron-to-chromium/-/electron-to-chromium-1.5.286.tgz 0ms (cache hit)
411 http cache dlv@https://registry.npmjs.org/dlv/-/dlv-1.1.3.tgz 0ms (cache hit)
412 http cache didyoumean@https://registry.npmjs.org/didyoumean/-/didyoumean-1.2.2.tgz 0ms (cache hit)
413 http cache cssesc@https://registry.npmjs.org/cssesc/-/cssesc-3.0.0.tgz 0ms (cache hit)
414 http cache commander@https://registry.npmjs.org/commander/-/commander-4.1.1.tgz 0ms (cache hit)
415 http cache clsx@https://registry.npmjs.org/clsx/-/clsx-2.1.1.tgz 0ms (cache hit)
416 http cache client-only@https://registry.npmjs.org/client-only/-/client-only-0.0.1.tgz 0ms (cache hit)
417 http cache chokidar@https://registry.npmjs.org/chokidar/-/chokidar-3.6.0.tgz 0ms (cache hit)
418 http cache caniuse-lite@https://registry.npmjs.org/caniuse-lite/-/caniuse-lite-1.0.30001770.tgz 0ms (cache hit)
419 http cache camelcase-css@https://registry.npmjs.org/camelcase-css/-/camelcase-css-2.0.1.tgz 0ms (cache hit)
420 http cache busboy@https://registry.npmjs.org/busboy/-/busboy-1.6.0.tgz 0ms (cache hit)
421 http cache browserslist@https://registry.npmjs.org/browserslist/-/browserslist-4.28.1.tgz 0ms (cache hit)
422 http cache braces@https://registry.npmjs.org/braces/-/braces-3.0.3.tgz 0ms (cache hit)
423 http cache binary-extensions@https://registry.npmjs.org/binary-extensions/-/binary-extensions-2.3.0.tgz 0ms (cache hit)
424 http cache baseline-browser-mapping@https://registry.npmjs.org/baseline-browser-mapping/-/baseline-browser-mapping-2.10.0.tgz 0ms (cache hit)
425 http cache autoprefixer@https://registry.npmjs.org/autoprefixer/-/autoprefixer-10.4.24.tgz 0ms (cache hit)
426 http cache arg@https://registry.npmjs.org/arg/-/arg-5.0.2.tgz 0ms (cache hit)
427 http cache anymatch@https://registry.npmjs.org/anymatch/-/anymatch-3.1.3.tgz 0ms (cache hit)
428 http cache any-promise@https://registry.npmjs.org/any-promise/-/any-promise-1.3.0.tgz 0ms (cache hit)
429 http cache @swc/helpers@https://registry.npmjs.org/@swc/helpers/-/helpers-0.5.2.tgz 0ms (cache hit)
430 http cache @nodelib/fs.walk@https://registry.npmjs.org/@nodelib/fs.walk/-/fs.walk-1.2.8.tgz 0ms (cache hit)
431 http cache @nodelib/fs.stat@https://registry.npmjs.org/@nodelib/fs.stat/-/fs.stat-2.0.5.tgz 0ms (cache hit)
432 http cache @nodelib/fs.scandir@https://registry.npmjs.org/@nodelib/fs.scandir/-/fs.scandir-2.1.5.tgz 0ms (cache hit)
433 http cache @next/swc-linux-x64-musl@https://registry.npmjs.org/@next/swc-linux-x64-musl/-/swc-linux-x64-musl-14.1.0.tgz 1ms (cache hit)
434 http cache @next/swc-linux-x64-gnu@https://registry.npmjs.org/@next/swc-linux-x64-gnu/-/swc-linux-x64-gnu-14.1.0.tgz 0ms (cache hit)
435 http cache @next/env@https://registry.npmjs.org/@next/env/-/env-14.1.0.tgz 0ms (cache hit)
436 http cache @jridgewell/trace-mapping@https://registry.npmjs.org/@jridgewell/trace-mapping/-/trace-mapping-0.3.31.tgz 0ms (cache hit)
437 http cache @jridgewell/sourcemap-codec@https://registry.npmjs.org/@jridgewell/sourcemap-codec/-/sourcemap-codec-1.5.5.tgz 0ms (cache hit)
438 http cache @jridgewell/resolve-uri@https://registry.npmjs.org/@jridgewell/resolve-uri/-/resolve-uri-3.1.2.tgz 0ms (cache hit)
439 http cache @jridgewell/gen-mapping@https://registry.npmjs.org/@jridgewell/gen-mapping/-/gen-mapping-0.3.13.tgz 0ms (cache hit)
440 http cache @alloc/quick-lru@https://registry.npmjs.org/@alloc/quick-lru/-/quick-lru-5.2.0.tgz 0ms (cache hit)
441 http cache picomatch@https://registry.npmjs.org/picomatch/-/picomatch-4.0.3.tgz 0ms (cache hit)
442 http cache fdir@https://registry.npmjs.org/fdir/-/fdir-6.5.0.tgz 0ms (cache hit)
443 http cache postcss-load-config@https://registry.npmjs.org/postcss-load-config/-/postcss-load-config-4.0.2.tgz 0ms (cache hit)
444 http cache postcss@https://registry.npmjs.org/postcss/-/postcss-8.4.31.tgz 0ms (cache hit)
445 http cache glob-parent@https://registry.npmjs.org/glob-parent/-/glob-parent-5.1.2.tgz 0ms (cache hit)
446 http cache glob-parent@https://registry.npmjs.org/glob-parent/-/glob-parent-5.1.2.tgz 0ms (cache hit)
447 http fetch POST 200 https://registry.npmjs.org/-/npm/v1/security/advisories/bulk 3710ms
448 silly audit report {
448 silly audit report   next: [
448 silly audit report     {
448 silly audit report       id: 1099638,
448 silly audit report       url: 'https://github.com/advisories/GHSA-gp8f-8m3g-qvj9',
448 silly audit report       title: 'Next.js Cache Poisoning',
448 silly audit report       severity: 'high',
448 silly audit report       vulnerable_versions: '>=14.0.0 <14.2.10',
448 silly audit report       cwe: [Array],
448 silly audit report       cvss: [Object]
448 silly audit report     },
448 silly audit report     {
448 silly audit report       id: 1100421,
448 silly audit report       url: 'https://github.com/advisories/GHSA-g77x-44xx-532m',
448 silly audit report       title: 'Denial of Service condition in Next.js image optimization',
448 silly audit report       severity: 'moderate',
448 silly audit report       vulnerable_versions: '>=10.0.0 <14.2.7',
448 silly audit report       cwe: [Array],
448 silly audit report       cvss: [Object]
448 silly audit report     },
448 silly audit report     {
448 silly audit report       id: 1101438,
448 silly audit report       url: 'https://github.com/advisories/GHSA-7m27-7ghc-44w9',
448 silly audit report       title: 'Next.js Allows a Denial of Service (DoS) with Server Actions',
448 silly audit report       severity: 'moderate',
448 silly audit report       vulnerable_versions: '>=14.0.0 <14.2.21',
448 silly audit report       cwe: [Array],
448 silly audit report       cvss: [Object]
448 silly audit report     },
448 silly audit report     {
448 silly audit report       id: 1105461,
448 silly audit report       url: 'https://github.com/advisories/GHSA-3h52-269p-cp9r',
448 silly audit report       title: 'Information exposure in Next.js dev server due to lack of origin verification',
448 silly audit report       severity: 'low',
448 silly audit report       vulnerable_versions: '>=13.0 <14.2.30',
448 silly audit report       cwe: [Array],
448 silly audit report       cvss: [Object]
448 silly audit report     },
448 silly audit report     {
448 silly audit report       id: 1111391,
448 silly audit report       url: 'https://github.com/advisories/GHSA-mwv6-3258-q52c',
448 silly audit report       title: 'Next Vulnerable to Denial of Service with Server Components',
448 silly audit report       severity: 'high',
448 silly audit report       vulnerable_versions: '>=13.3.0 <14.2.34',
448 silly audit report       cwe: [Array],
448 silly audit report       cvss: [Object]
448 silly audit report     },
448 silly audit report     {
448 silly audit report       id: 1107226,
448 silly audit report       url: 'https://github.com/advisories/GHSA-g5qg-72qw-gw5v',
448 silly audit report       title: 'Next.js Affected by Cache Key Confusion for Image Optimization API Routes',
448 silly audit report       severity: 'moderate',
448 silly audit report       vulnerable_versions: '>=0.9.9 <14.2.31',
448 silly audit report       cwe: [Array],
448 silly audit report       cvss: [Object]
448 silly audit report     },
448 silly audit report     {
448 silly audit report       id: 1107420,
448 silly audit report       url: 'https://github.com/advisories/GHSA-7gfc-8cq8-jh5f',
448 silly audit report       title: 'Next.js authorization bypass vulnerability',
448 silly audit report       severity: 'high',
448 silly audit report       vulnerable_versions: '>=9.5.5 <14.2.15',
448 silly audit report       cwe: [Array],
448 silly audit report       cvss: [Object]
448 silly audit report     },
448 silly audit report     {
448 silly audit report       id: 1107512,
448 silly audit report       url: 'https://github.com/advisories/GHSA-4342-x723-ch2f',
448 silly audit report       title: 'Next.js Improper Middleware Redirect Handling Leads to SSRF',
448 silly audit report       severity: 'moderate',
448 silly audit report       vulnerable_versions: '>=0.9.9 <14.2.32',
448 silly audit report       cwe: [Array],
448 silly audit report       cvss: [Object]
448 silly audit report     },
448 silly audit report     {
448 silly audit report       id: 1107513,
448 silly audit report       url: 'https://github.com/advisories/GHSA-xv57-4mr9-wg8v',
448 silly audit report       title: 'Next.js Content Injection Vulnerability for Image Optimization',
448 silly audit report       severity: 'moderate',
448 silly audit report       vulnerable_versions: '>=0.9.9 <14.2.31',
448 silly audit report       cwe: [Array],
448 silly audit report       cvss: [Object]
448 silly audit report     },
448 silly audit report     {
448 silly audit report       id: 1112182,
448 silly audit report       url: 'https://github.com/advisories/GHSA-5j59-xgg2-r9c4',
448 silly audit report       title: 'Next has a Denial of Service with Server Components - Incomplete Fix Follow-Up',
448 silly audit report       severity: 'high',
448 silly audit report       vulnerable_versions: '>=13.3.1-canary.0 <14.2.35',
448 silly audit report       cwe: [Array],
448 silly audit report       cvss: [Object]
448 silly audit report     },
448 silly audit report     {
448 silly audit report       id: 1108291,
448 silly audit report       url: 'https://github.com/advisories/GHSA-qpjv-v59x-3qc4',
448 silly audit report       title: 'Next.js Race Condition to Cache Poisoning',
448 silly audit report       severity: 'low',
448 silly audit report       vulnerable_versions: '>=0.9.9 <14.2.24',
448 silly audit report       cwe: [Array],
448 silly audit report       cvss: [Object]
448 silly audit report     },
448 silly audit report     {
448 silly audit report       id: 1108953,
448 silly audit report       url: 'https://github.com/advisories/GHSA-f82v-jwr5-mffw',
448 silly audit report       title: 'Authorization Bypass in Next.js Middleware',
448 silly audit report       severity: 'critical',
448 silly audit report       vulnerable_versions: '>=14.0.0 <14.2.25',
448 silly audit report       cwe: [Array],
448 silly audit report       cvss: [Object]
448 silly audit report     },
448 silly audit report     {
448 silly audit report       id: 1112593,
448 silly audit report       url: 'https://github.com/advisories/GHSA-9g9p-9gw9-jx7f',
448 silly audit report       title: 'Next.js self-hosted applications vulnerable to DoS via Image Optimizer remotePatterns configuration',
448 silly audit report       severity: 'moderate',
448 silly audit report       vulnerable_versions: '>=10.0.0 <15.5.10',
448 silly audit report       cwe: [Array],
448 silly audit report       cvss: [Object]
448 silly audit report     },
448 silly audit report     {
448 silly audit report       id: 1112653,
448 silly audit report       url: 'https://github.com/advisories/GHSA-h25m-26qc-wcjf',
448 silly audit report       title: 'Next.js HTTP request deserialization can lead to DoS when using insecure React Server Components',
448 silly audit report       severity: 'high',
448 silly audit report       vulnerable_versions: '>=13.0.0 <15.0.8',
448 silly audit report       cwe: [Array],
448 silly audit report       cvss: [Object]
448 silly audit report     },
448 silly audit report     {
448 silly audit report       id: 1097295,
448 silly audit report       url: 'https://github.com/advisories/GHSA-fr5h-rqp8-mj6g',
448 silly audit report       title: 'Next.js Server-Side Request Forgery in Server Actions',
448 silly audit report       severity: 'high',
448 silly audit report       vulnerable_versions: '>=13.4.0 <14.1.1',
448 silly audit report       cwe: [Array],
448 silly audit report       cvss: [Object]
448 silly audit report     }
448 silly audit report   ]
448 silly audit report }
449 silly packumentCache corgi:https://registry.npmjs.org/next cache-miss
450 http cache https://registry.npmjs.org/next 264ms (cache hit)
451 silly packumentCache corgi:https://registry.npmjs.org/next set size:23916753 disposed:false
452 warn deprecated next@14.1.0: This version has a security vulnerability. Please upgrade to a patched version. See https://nextjs.org/blog/security-update-2025-12-11 for more details.
453 silly ADD
454 silly ADD node_modules/yaml
455 silly ADD
456 silly ADD
457 silly ADD node_modules/string-width
458 silly ADD node_modules/emoji-regex
459 silly ADD
460 silly ADD node_modules/strip-ansi
461 silly ADD node_modules/ansi-styles
462 silly ADD node_modules/ansi-regex
463 silly ADD
464 silly ADD
465 silly ADD
466 silly ADD
467 silly ADD
468 silly ADD
469 silly ADD node_modules/util-deprecate
470 silly ADD
471 silly ADD node_modules/update-browserslist-db
472 silly ADD
473 silly ADD
474 silly ADD
475 silly ADD
476 silly ADD
477 silly ADD
478 silly ADD
479 silly ADD
480 silly ADD
481 silly ADD
482 silly ADD node_modules/tslib
483 silly ADD
484 silly ADD node_modules/ts-interface-checker
485 silly ADD
486 silly ADD node_modules/to-regex-range
487 silly ADD node_modules/tinyglobby
488 silly ADD node_modules/tinyglobby/node_modules/picomatch
489 silly ADD node_modules/tinyglobby/node_modules/fdir
490 silly ADD node_modules/thenify-all
491 silly ADD node_modules/thenify
492 silly ADD
493 silly ADD node_modules/tailwindcss
494 silly ADD node_modules/tailwindcss/node_modules/postcss-load-config
495 silly ADD node_modules/tailwind-merge
496 silly ADD node_modules/supports-preserve-symlinks-flag
497 silly ADD
498 silly ADD node_modules/sucrase
499 silly ADD node_modules/styled-jsx
500 silly ADD
501 silly ADD
502 silly ADD
503 silly ADD
504 silly ADD
505 silly ADD
506 silly ADD
507 silly ADD
508 silly ADD
509 silly ADD
510 silly ADD
511 silly ADD node_modules/emoji-regex
512 silly ADD
513 silly ADD node_modules/strip-ansi
514 silly ADD node_modules/ansi-regex
515 silly ADD node_modules/streamsearch
516 silly ADD
517 silly ADD
518 silly ADD node_modules/source-map-js
519 silly ADD
520 silly ADD
521 silly ADD
522 silly ADD
523 silly ADD
524 silly ADD
525 silly ADD
526 silly ADD
527 silly ADD
528 silly ADD
529 silly ADD
530 silly ADD
531 silly ADD node_modules/scheduler
532 silly ADD
533 silly ADD
534 silly ADD
535 silly ADD node_modules/run-parallel
536 silly ADD
537 silly ADD node_modules/glob
538 silly ADD node_modules/reusify
539 silly ADD
540 silly ADD
541 silly ADD node_modules/resolve
542 silly ADD
543 silly ADD
544 silly ADD node_modules/readdirp
545 silly ADD node_modules/read-cache
546 silly ADD
547 silly ADD node_modules/react-dom
548 silly ADD node_modules/react
549 silly ADD node_modules/queue-microtask
550 silly ADD
551 silly ADD
552 silly ADD
553 silly ADD node_modules/postcss-value-parser
554 silly ADD node_modules/postcss-selector-parser
555 silly ADD node_modules/postcss-nested
556 silly ADD node_modules/postcss-js
557 silly ADD node_modules/postcss-import
558 silly ADD node_modules/postcss
559 silly ADD
560 silly ADD node_modules/pirates
561 silly ADD node_modules/pify
562 silly ADD node_modules/picomatch
563 silly ADD node_modules/picocolors
564 silly ADD
565 silly ADD
566 silly ADD node_modules/path-parse
567 silly ADD
568 silly ADD
569 silly ADD
570 silly ADD
571 silly ADD
572 silly ADD
573 silly ADD
574 silly ADD
575 silly ADD
576 silly ADD
577 silly ADD
578 silly ADD
579 silly ADD
580 silly ADD
581 silly ADD
582 silly ADD
583 silly ADD node_modules/object-hash
584 silly ADD node_modules/object-assign
585 silly ADD node_modules/normalize-path
586 silly ADD node_modules/node-releases
587 silly ADD
588 silly ADD node_modules/semver
589 silly ADD node_modules/next
590 silly ADD node_modules/next/node_modules/postcss
591 silly ADD
592 silly ADD
593 silly ADD node_modules/nanoid
594 silly ADD node_modules/mz
595 silly ADD
596 silly ADD node_modules/motion-utils
597 silly ADD node_modules/motion-dom
598 silly ADD
599 silly ADD
600 silly ADD
601 silly ADD node_modules/micromatch
602 silly ADD node_modules/merge2
603 silly ADD
604 silly ADD node_modules/lucide-react
605 silly ADD
606 silly ADD node_modules/loose-envify
607 silly ADD
608 silly ADD
609 silly ADD node_modules/lines-and-columns
610 silly ADD node_modules/lilconfig
611 silly ADD
612 silly ADD
613 silly ADD
614 silly ADD
615 silly ADD
616 silly ADD
617 silly ADD
618 silly ADD
619 silly ADD
620 silly ADD
621 silly ADD node_modules/js-tokens
622 silly ADD node_modules/jiti
623 silly ADD
624 silly ADD
625 silly ADD
626 silly ADD
627 silly ADD
628 silly ADD
629 silly ADD
630 silly ADD
631 silly ADD
632 silly ADD
633 silly ADD
634 silly ADD
635 silly ADD
636 silly ADD
637 silly ADD
638 silly ADD node_modules/is-number
639 silly ADD
640 silly ADD
641 silly ADD node_modules/is-glob
642 silly ADD
643 silly ADD
644 silly ADD
645 silly ADD node_modules/is-extglob
646 silly ADD
647 silly ADD
648 silly ADD node_modules/is-core-module
649 silly ADD
650 silly ADD
651 silly ADD
652 silly ADD node_modules/is-binary-path
653 silly ADD
654 silly ADD
655 silly ADD
656 silly ADD
657 silly ADD
658 silly ADD
659 silly ADD
660 silly ADD
661 silly ADD
662 silly ADD node_modules/hasown
663 silly ADD
664 silly ADD
665 silly ADD
666 silly ADD
667 silly ADD
668 silly ADD
669 silly ADD
670 silly ADD node_modules/graceful-fs
671 silly ADD
672 silly ADD
673 silly ADD
674 silly ADD
675 silly ADD node_modules/glob-parent
676 silly ADD
677 silly ADD node_modules/minimatch
678 silly ADD node_modules/brace-expansion
679 silly ADD
680 silly ADD
681 silly ADD
682 silly ADD
683 silly ADD
684 silly ADD
685 silly ADD
686 silly ADD node_modules/function-bind
687 silly ADD
688 silly ADD
689 silly ADD node_modules/framer-motion
690 silly ADD node_modules/fraction.js
691 silly ADD
692 silly ADD
693 silly ADD
694 silly ADD
695 silly ADD
696 silly ADD node_modules/fill-range
697 silly ADD
698 silly ADD node_modules/fastq
699 silly ADD
700 silly ADD
701 silly ADD node_modules/fast-glob
702 silly ADD node_modules/fast-glob/node_modules/glob-parent
703 silly ADD
704 silly ADD
705 silly ADD
706 silly ADD
707 silly ADD
708 silly ADD
709 silly ADD
710 silly ADD
711 silly ADD
712 silly ADD
713 silly ADD node_modules/semver
714 silly ADD node_modules/resolve
715 silly ADD node_modules/doctrine
716 silly ADD
717 silly ADD
718 silly ADD node_modules/semver
719 silly ADD node_modules/doctrine
720 silly ADD node_modules/debug
721 silly ADD
722 silly ADD node_modules/debug
723 silly ADD
724 silly ADD
725 silly ADD node_modules/debug
726 silly ADD
727 silly ADD
728 silly ADD
729 silly ADD node_modules/escalade
730 silly ADD
731 silly ADD
732 silly ADD
733 silly ADD
734 silly ADD
735 silly ADD
736 silly ADD
737 silly ADD
738 silly ADD
739 silly ADD node_modules/electron-to-chromium
740 silly ADD
741 silly ADD
742 silly ADD
743 silly ADD node_modules/dlv
744 silly ADD
745 silly ADD node_modules/didyoumean
746 silly ADD
747 silly ADD
748 silly ADD
749 silly ADD
750 silly ADD
751 silly ADD
752 silly ADD
753 silly ADD
754 silly ADD
755 silly ADD node_modules/cssesc
756 silly ADD
757 silly ADD
758 silly ADD node_modules/commander
759 silly ADD
760 silly ADD
761 silly ADD node_modules/clsx
762 silly ADD node_modules/client-only
763 silly ADD node_modules/chokidar
764 silly ADD node_modules/chokidar/node_modules/glob-parent
765 silly ADD
766 silly ADD node_modules/caniuse-lite
767 silly ADD node_modules/camelcase-css
768 silly ADD
769 silly ADD
770 silly ADD
771 silly ADD
772 silly ADD node_modules/busboy
773 silly ADD node_modules/browserslist
774 silly ADD node_modules/braces
775 silly ADD
776 silly ADD node_modules/binary-extensions
777 silly ADD node_modules/baseline-browser-mapping
778 silly ADD
779 silly ADD
780 silly ADD
781 silly ADD
782 silly ADD node_modules/autoprefixer
783 silly ADD
784 silly ADD
785 silly ADD
786 silly ADD
787 silly ADD
788 silly ADD
789 silly ADD
790 silly ADD
791 silly ADD
792 silly ADD
793 silly ADD
794 silly ADD
795 silly ADD
796 silly ADD node_modules/arg
797 silly ADD node_modules/anymatch
798 silly ADD node_modules/any-promise
799 silly ADD
800 silly ADD
801 silly ADD
802 silly ADD
803 silly ADD
804 silly ADD
805 silly ADD
806 silly ADD
807 silly ADD
808 silly ADD
809 silly ADD
810 silly ADD
811 silly ADD
812 silly ADD
813 silly ADD
814 silly ADD
815 silly ADD
816 silly ADD
817 silly ADD
818 silly ADD
819 silly ADD
820 silly ADD
821 silly ADD
822 silly ADD
823 silly ADD
824 silly ADD
825 silly ADD
826 silly ADD node_modules/minimatch
827 silly ADD node_modules/brace-expansion
828 silly ADD
829 silly ADD
830 silly ADD
831 silly ADD
832 silly ADD
833 silly ADD
834 silly ADD
835 silly ADD
836 silly ADD
837 silly ADD node_modules/@swc/helpers
838 silly ADD
839 silly ADD
840 silly ADD
841 silly ADD
842 silly ADD node_modules/@nodelib/fs.walk
843 silly ADD node_modules/@nodelib/fs.stat
844 silly ADD node_modules/@nodelib/fs.scandir
845 silly ADD
846 silly ADD
847 silly ADD
848 silly ADD node_modules/@next/swc-linux-x64-musl
849 silly ADD node_modules/@next/swc-linux-x64-gnu
850 silly ADD
851 silly ADD
852 silly ADD
853 silly ADD
854 silly ADD
855 silly ADD node_modules/@next/env
856 silly ADD
857 silly ADD node_modules/@jridgewell/trace-mapping
858 silly ADD node_modules/@jridgewell/sourcemap-codec
859 silly ADD node_modules/@jridgewell/resolve-uri
860 silly ADD node_modules/@jridgewell/gen-mapping
861 silly ADD
862 silly ADD node_modules/strip-ansi
863 silly ADD node_modules/ansi-regex
864 silly ADD
865 silly ADD
866 silly ADD
867 silly ADD
868 silly ADD
869 silly ADD
870 silly ADD
871 silly ADD
872 silly ADD
873 silly ADD
874 silly ADD node_modules/@alloc/quick-lru
875 verbose cwd /home/node/.openclaw/workspace/best-of-cebu
876 verbose os Linux 6.8.0-100-generic
877 verbose node v22.22.0
878 verbose npm  v10.9.4
879 verbose exit 0
880 info ok
