0 verbose cli /usr/local/bin/node /usr/local/bin/npm
1 info using npm@10.9.4
2 info using node@v22.22.0
3 silly config load:file:/usr/local/lib/node_modules/npm/npmrc
4 silly config load:file:/home/node/.openclaw/workspace/best-of-cebu/.npmrc
5 silly config load:file:/home/node/.npmrc
6 silly config load:file:/usr/local/etc/npmrc
7 verbose title npm install typescript @types/react @types/node
8 verbose argv "install" "--save-exact" "--save-dev" "typescript" "@types/react" "@types/node"
9 verbose logfile logs-max:10 dir:/home/node/.openclaw/workspace/.npm_cache/_logs/2026-02-21T06_59_18_205Z-
10 verbose logfile /home/node/.openclaw/workspace/.npm_cache/_logs/2026-02-21T06_59_18_205Z-debug-0.log
11 silly logfile start cleaning logs, removing 1 files
12 silly packumentCache heap:2197815296 maxSize:549453824 maxEntrySize:274726912
13 silly logfile done cleaning log files
14 silly idealTree buildDeps
15 silly fetch manifest @types/node@^20.19.33
16 silly packumentCache full:https://registry.npmjs.org/@types%2fnode cache-miss
17 http fetch GET 200 https://registry.npmjs.org/@types%2fnode 193ms (cache revalidated)
18 silly packumentCache full:https://registry.npmjs.org/@types%2fnode set size:10864169 disposed:false
19 silly fetch manifest @types/react@^18.3.28
20 silly packumentCache full:https://registry.npmjs.org/@types%2freact cache-miss
21 http fetch GET 200 https://registry.npmjs.org/@types%2freact 60ms (cache revalidated)
22 silly packumentCache full:https://registry.npmjs.org/@types%2freact set size:2588986 disposed:false
23 silly fetch manifest typescript@^5.9.3
24 silly packumentCache full:https://registry.npmjs.org/typescript cache-miss
25 http fetch GET 200 https://registry.npmjs.org/typescript 228ms (cache updated)
26 silly packumentCache full:https://registry.npmjs.org/typescript set size:undefined disposed:false
27 silly placeDep ROOT @types/node@20.19.33 REPLACE for: best-of-cebu@0.1.0 want: ^20.19.33
28 silly placeDep ROOT @types/react@18.3.28 REPLACE for: best-of-cebu@0.1.0 want: ^18.3.28
29 silly placeDep ROOT typescript@5.9.3 REPLACE for: best-of-cebu@0.1.0 want: ^5.9.3
30 silly reify moves {}
31 silly audit bulk request {
31 silly audit   '@alloc/quick-lru': [ '5.2.0' ],
31 silly audit   '@emnapi/core': [ '1.8.1' ],
31 silly audit   '@emnapi/runtime': [ '1.8.1' ],
31 silly audit   '@emnapi/wasi-threads': [ '1.1.0' ],
31 silly audit   '@eslint-community/eslint-utils': [ '4.9.1' ],
31 silly audit   '@eslint-community/regexpp': [ '4.12.2' ],
31 silly audit   '@eslint/eslintrc': [ '2.1.4' ],
31 silly audit   '@eslint/js': [ '8.57.1' ],
31 silly audit   '@humanwhocodes/config-array': [ '0.13.0' ],
31 silly audit   '@humanwhocodes/module-importer': [ '1.0.1' ],
31 silly audit   '@humanwhocodes/object-schema': [ '2.0.3' ],
31 silly audit   '@isaacs/cliui': [ '8.0.2' ],
31 silly audit   'ansi-regex': [ '6.2.2', '5.0.1' ],
31 silly audit   'strip-ansi': [ '7.1.2', '6.0.1' ],
31 silly audit   '@jridgewell/gen-mapping': [ '0.3.13' ],
31 silly audit   '@jridgewell/resolve-uri': [ '3.1.2' ],
31 silly audit   '@jridgewell/sourcemap-codec': [ '1.5.5' ],
31 silly audit   '@jridgewell/trace-mapping': [ '0.3.31' ],
31 silly audit   '@napi-rs/wasm-runtime': [ '0.2.12' ],
31 silly audit   '@next/env': [ '14.1.0' ],
31 silly audit   '@next/eslint-plugin-next': [ '14.1.0' ],
31 silly audit   '@next/swc-darwin-arm64': [ '14.1.0' ],
31 silly audit   '@next/swc-darwin-x64': [ '14.1.0' ],
31 silly audit   '@next/swc-linux-arm64-gnu': [ '14.1.0' ],
31 silly audit   '@next/swc-linux-arm64-musl': [ '14.1.0' ],
31 silly audit   '@next/swc-linux-x64-gnu': [ '14.1.0' ],
31 silly audit   '@next/swc-linux-x64-musl': [ '14.1.0' ],
31 silly audit   '@next/swc-win32-arm64-msvc': [ '14.1.0' ],
31 silly audit   '@next/swc-win32-ia32-msvc': [ '14.1.0' ],
31 silly audit   '@next/swc-win32-x64-msvc': [ '14.1.0' ],
31 silly audit   '@nodelib/fs.scandir': [ '2.1.5' ],
31 silly audit   '@nodelib/fs.stat': [ '2.0.5' ],
31 silly audit   '@nodelib/fs.walk': [ '1.2.8' ],
31 silly audit   '@nolyfill/is-core-module': [ '1.0.39' ],
31 silly audit   '@pkgjs/parseargs': [ '0.11.0' ],
31 silly audit   '@rtsao/scc': [ '1.1.0' ],
31 silly audit   '@rushstack/eslint-patch': [ '1.16.1' ],
31 silly audit   '@swc/helpers': [ '0.5.2' ],
31 silly audit   '@tybys/wasm-util': [ '0.10.1' ],
31 silly audit   '@types/json5': [ '0.0.29' ],
31 silly audit   '@types/prop-types': [ '15.7.15' ],
31 silly audit   '@types/react-dom': [ '18.3.7' ],
31 silly audit   '@typescript-eslint/parser': [ '6.21.0' ],
31 silly audit   '@typescript-eslint/scope-manager': [ '6.21.0' ],
31 silly audit   '@typescript-eslint/types': [ '6.21.0' ],
31 silly audit   '@typescript-eslint/typescript-estree': [ '6.21.0' ],
31 silly audit   'brace-expansion': [ '2.0.2', '1.1.12' ],
31 silly audit   minimatch: [ '9.0.3', '9.0.5', '3.1.2' ],
31 silly audit   '@typescript-eslint/visitor-keys': [ '6.21.0' ],
31 silly audit   '@ungap/structured-clone': [ '1.3.0' ],
31 silly audit   '@unrs/resolver-binding-android-arm-eabi': [ '1.11.1' ],
31 silly audit   '@unrs/resolver-binding-android-arm64': [ '1.11.1' ],
31 silly audit   '@unrs/resolver-binding-darwin-arm64': [ '1.11.1' ],
31 silly audit   '@unrs/resolver-binding-darwin-x64': [ '1.11.1' ],
31 silly audit   '@unrs/resolver-binding-freebsd-x64': [ '1.11.1' ],
31 silly audit   '@unrs/resolver-binding-linux-arm-gnueabihf': [ '1.11.1' ],
31 silly audit   '@unrs/resolver-binding-linux-arm-musleabihf': [ '1.11.1' ],
31 silly audit   '@unrs/resolver-binding-linux-arm64-gnu': [ '1.11.1' ],
31 silly audit   '@unrs/resolver-binding-linux-arm64-musl': [ '1.11.1' ],
31 silly audit   '@unrs/resolver-binding-linux-ppc64-gnu': [ '1.11.1' ],
31 silly audit   '@unrs/resolver-binding-linux-riscv64-gnu': [ '1.11.1' ],
31 silly audit   '@unrs/resolver-binding-linux-riscv64-musl': [ '1.11.1' ],
31 silly audit   '@unrs/resolver-binding-linux-s390x-gnu': [ '1.11.1' ],
31 silly audit   '@unrs/resolver-binding-linux-x64-gnu': [ '1.11.1' ],
31 silly audit   '@unrs/resolver-binding-linux-x64-musl': [ '1.11.1' ],
31 silly audit   '@unrs/resolver-binding-wasm32-wasi': [ '1.11.1' ],
31 silly audit   '@unrs/resolver-binding-win32-arm64-msvc': [ '1.11.1' ],
31 silly audit   '@unrs/resolver-binding-win32-ia32-msvc': [ '1.11.1' ],
31 silly audit   '@unrs/resolver-binding-win32-x64-msvc': [ '1.11.1' ],
31 silly audit   acorn: [ '8.16.0' ],
31 silly audit   'acorn-jsx': [ '5.3.2' ],
31 silly audit   ajv: [ '6.12.6' ],
31 silly audit   'ansi-styles': [ '4.3.0', '6.2.3' ],
31 silly audit   'any-promise': [ '1.3.0' ],
31 silly audit   anymatch: [ '3.1.3' ],
31 silly audit   arg: [ '5.0.2' ],
31 silly audit   argparse: [ '2.0.1' ],
31 silly audit   'aria-query': [ '5.3.2' ],
31 silly audit   'array-buffer-byte-length': [ '1.0.2' ],
31 silly audit   'array-includes': [ '3.1.9' ],
31 silly audit   'array-union': [ '2.1.0' ],
31 silly audit   'array.prototype.findlast': [ '1.2.5' ],
31 silly audit   'array.prototype.findlastindex': [ '1.2.6' ],
31 silly audit   'array.prototype.flat': [ '1.3.3' ],
31 silly audit   'array.prototype.flatmap': [ '1.3.3' ],
31 silly audit   'array.prototype.tosorted': [ '1.1.4' ],
31 silly audit   'arraybuffer.prototype.slice': [ '1.0.4' ],
31 silly audit   'ast-types-flow': [ '0.0.8' ],
31 silly audit   'async-function': [ '1.0.0' ],
31 silly audit   autoprefixer: [ '10.4.24' ],
31 silly audit   'available-typed-arrays': [ '1.0.7' ],
31 silly audit   'axe-core': [ '4.11.1' ],
31 silly audit   'axobject-query': [ '4.1.0' ],
31 silly audit   'balanced-match': [ '1.0.2' ],
31 silly audit   'baseline-browser-mapping': [ '2.10.0' ],
31 silly audit   'binary-extensions': [ '2.3.0' ],
31 silly audit   braces: [ '3.0.3' ],
31 silly audit   browserslist: [ '4.28.1' ],
31 silly audit   busboy: [ '1.6.0' ],
31 silly audit   'call-bind': [ '1.0.8' ],
31 silly audit   'call-bind-apply-helpers': [ '1.0.2' ],
31 silly audit   'call-bound': [ '1.0.4' ],
31 silly audit   callsites: [ '3.1.0' ],
31 silly audit   'camelcase-css': [ '2.0.1' ],
31 silly audit   'caniuse-lite': [ '1.0.30001770' ],
31 silly audit   chalk: [ '4.1.2' ],
31 silly audit   chokidar: [ '3.6.0' ],
31 silly audit   'glob-parent': [ '5.1.2', '6.0.2' ],
31 silly audit   'client-only': [ '0.0.1' ],
31 silly audit   clsx: [ '2.1.1' ],
31 silly audit   'color-convert': [ '2.0.1' ],
31 silly audit   'color-name': [ '1.1.4' ],
31 silly audit   commander: [ '4.1.1' ],
31 silly audit   'concat-map': [ '0.0.1' ],
31 silly audit   'cross-spawn': [ '7.0.6' ],
31 silly audit   cssesc: [ '3.0.0' ],
31 silly audit   csstype: [ '3.2.3' ],
31 silly audit   'damerau-levenshtein': [ '1.0.8' ],
31 silly audit   'data-view-buffer': [ '1.0.2' ],
31 silly audit   'data-view-byte-length': [ '1.0.2' ],
31 silly audit   'data-view-byte-offset': [ '1.0.1' ],
31 silly audit   debug: [ '4.4.3', '3.2.7' ],
31 silly audit   'deep-is': [ '0.1.4' ],
31 silly audit   'define-data-property': [ '1.1.4' ],
31 silly audit   'define-properties': [ '1.2.1' ],
31 silly audit   didyoumean: [ '1.2.2' ],
31 silly audit   'dir-glob': [ '3.0.1' ],
31 silly audit   dlv: [ '1.1.3' ],
31 silly audit   doctrine: [ '3.0.0', '2.1.0' ],
31 silly audit   'dunder-proto': [ '1.0.1' ],
31 silly audit   eastasianwidth: [ '0.2.0' ],
31 silly audit   'electron-to-chromium': [ '1.5.286' ],
31 silly audit   'emoji-regex': [ '9.2.2', '8.0.0' ],
31 silly audit   'es-abstract': [ '1.24.1' ],
31 silly audit   'es-define-property': [ '1.0.1' ],
31 silly audit   'es-errors': [ '1.3.0' ],
31 silly audit   'es-iterator-helpers': [ '1.2.2' ],
31 silly audit   'es-object-atoms': [ '1.1.1' ],
31 silly audit   'es-set-tostringtag': [ '2.1.0' ],
31 silly audit   'es-shim-unscopables': [ '1.1.0' ],
31 silly audit   'es-to-primitive': [ '1.3.0' ],
31 silly audit   escalade: [ '3.2.0' ],
31 silly audit   'escape-string-regexp': [ '4.0.0' ],
31 silly audit   eslint: [ '8.57.1' ],
31 silly audit   'eslint-config-next': [ '14.1.0' ],
31 silly audit   'eslint-import-resolver-node': [ '0.3.9' ],
31 silly audit   'eslint-import-resolver-typescript': [ '3.10.1' ],
31 silly audit   'eslint-module-utils': [ '2.12.1' ],
31 silly audit   'eslint-plugin-import': [ '2.32.0' ],
31 silly audit   semver: [ '6.3.1', '7.7.4' ],
31 silly audit   'eslint-plugin-jsx-a11y': [ '6.10.2' ],
31 silly audit   'eslint-plugin-react': [ '7.37.5' ],
31 silly audit   'eslint-plugin-react-hooks': [ '5.0.0-canary-7118f5dd7-20230705' ],
31 silly audit   resolve: [ '2.0.0-next.6', '1.22.11' ],
31 silly audit   'eslint-scope': [ '7.2.2' ],
31 silly audit   'eslint-visitor-keys': [ '3.4.3' ],
31 silly audit   espree: [ '9.6.1' ],
31 silly audit   esquery: [ '1.7.0' ],
31 silly audit   esrecurse: [ '4.3.0' ],
31 silly audit   estraverse: [ '5.3.0' ],
31 silly audit   esutils: [ '2.0.3' ],
31 silly audit   'fast-deep-equal': [ '3.1.3' ],
31 silly audit   'fast-glob': [ '3.3.3' ],
31 silly audit   'fast-json-stable-stringify': [ '2.1.0' ],
31 silly audit   'fast-levenshtein': [ '2.0.6' ],
31 silly audit   fastq: [ '1.20.1' ],
31 silly audit   'file-entry-cache': [ '6.0.1' ],
31 silly audit   'fill-range': [ '7.1.1' ],
31 silly audit   'find-up': [ '5.0.0' ],
31 silly audit   'flat-cache': [ '3.2.0' ],
31 silly audit   flatted: [ '3.3.3' ],
31 silly audit   'for-each': [ '0.3.5' ],
31 silly audit   'foreground-child': [ '3.3.1' ],
31 silly audit   'fraction.js': [ '5.3.4' ],
31 silly audit   'framer-motion': [ '11.18.2' ],
31 silly audit   'fs.realpath': [ '1.0.0' ],
31 silly audit   fsevents: [ '2.3.3' ],
31 silly audit   'function-bind': [ '1.1.2' ],
31 silly audit   'function.prototype.name': [ '1.1.8' ],
31 silly audit   'functions-have-names': [ '1.2.3' ],
31 silly audit   'generator-function': [ '2.0.1' ],
31 silly audit   'get-intrinsic': [ '1.3.0' ],
31 silly audit   'get-proto': [ '1.0.1' ],
31 silly audit   'get-symbol-description': [ '1.1.0' ],
31 silly audit   'get-tsconfig': [ '4.13.6' ],
31 silly audit   glob: [ '10.3.10', '7.2.3' ],
31 silly audit   globals: [ '13.24.0' ],
31 silly audit   globalthis: [ '1.0.4' ],
31 silly audit   globby: [ '11.1.0' ],
31 silly audit   gopd: [ '1.2.0' ],
31 silly audit   'graceful-fs': [ '4.2.11' ],
31 silly audit   graphemer: [ '1.4.0' ],
31 silly audit   'has-bigints': [ '1.1.0' ],
31 silly audit   'has-flag': [ '4.0.0' ],
31 silly audit   'has-property-descriptors': [ '1.0.2' ],
31 silly audit   'has-proto': [ '1.2.0' ],
31 silly audit   'has-symbols': [ '1.1.0' ],
31 silly audit   'has-tostringtag': [ '1.0.2' ],
31 silly audit   hasown: [ '2.0.2' ],
31 silly audit   ignore: [ '5.3.2' ],
31 silly audit   'import-fresh': [ '3.3.1' ],
31 silly audit   imurmurhash: [ '0.1.4' ],
31 silly audit   inflight: [ '1.0.6' ],
31 silly audit   inherits: [ '2.0.4' ],
31 silly audit   'internal-slot': [ '1.1.0' ],
31 silly audit   'is-array-buffer': [ '3.0.5' ],
31 silly audit   'is-async-function': [ '2.1.1' ],
31 silly audit   'is-bigint': [ '1.1.0' ],
31 silly audit   'is-binary-path': [ '2.1.0' ],
31 silly audit   'is-boolean-object': [ '1.2.2' ],
31 silly audit   'is-bun-module': [ '2.0.0' ],
31 silly audit   'is-callable': [ '1.2.7' ],
31 silly audit   'is-core-module': [ '2.16.1' ],
31 silly audit   'is-data-view': [ '1.0.2' ],
31 silly audit   'is-date-object': [ '1.1.0' ],
31 silly audit   'is-extglob': [ '2.1.1' ],
31 silly audit   'is-finalizationregistry': [ '1.1.1' ],
31 silly audit   'is-fullwidth-code-point': [ '3.0.0' ],
31 silly audit   'is-generator-function': [ '1.1.2' ],
31 silly audit   'is-glob': [ '4.0.3' ],
31 silly audit   'is-map': [ '2.0.3' ],
31 silly audit   'is-negative-zero': [ '2.0.3' ],
31 silly audit   'is-number': [ '7.0.0' ],
31 silly audit   'is-number-object': [ '1.1.1' ],
31 silly audit   'is-path-inside': [ '3.0.3' ],
31 silly audit   'is-regex': [ '1.2.1' ],
31 silly audit   'is-set': [ '2.0.3' ],
31 silly audit   'is-shared-array-buffer': [ '1.0.4' ],
31 silly audit   'is-string': [ '1.1.1' ],
31 silly audit   'is-symbol': [ '1.1.1' ],
31 silly audit   'is-typed-array': [ '1.1.15' ],
31 silly audit   'is-weakmap': [ '2.0.2' ],
31 silly audit   'is-weakref': [ '1.1.1' ],
31 silly audit   'is-weakset': [ '2.0.4' ],
31 silly audit   isarray: [ '2.0.5' ],
31 silly audit   isexe: [ '2.0.0' ],
31 silly audit   'iterator.prototype': [ '1.1.5' ],
31 silly audit   jackspeak: [ '2.3.6' ],
31 silly audit   jiti: [ '1.21.7' ],
31 silly audit   'js-tokens': [ '4.0.0' ],
31 silly audit   'js-yaml': [ '4.1.1' ],
31 silly audit   'json-buffer': [ '3.0.1' ],
31 silly audit   'json-schema-traverse': [ '0.4.1' ],
31 silly audit   'json-stable-stringify-without-jsonify': [ '1.0.1' ],
31 silly audit   json5: [ '1.0.2' ],
31 silly audit   'jsx-ast-utils': [ '3.3.5' ],
31 silly audit   keyv: [ '4.5.4' ],
31 silly audit   'language-subtag-registry': [ '0.3.23' ],
31 silly audit   'language-tags': [ '1.0.9' ],
31 silly audit   levn: [ '0.4.1' ],
31 silly audit   lilconfig: [ '3.1.3' ],
31 silly audit   'lines-and-columns': [ '1.2.4' ],
31 silly audit   'locate-path': [ '6.0.0' ],
31 silly audit   'lodash.merge': [ '4.6.2' ],
31 silly audit   'loose-envify': [ '1.4.0' ],
31 silly audit   'lru-cache': [ '10.4.3' ],
31 silly audit   'lucide-react': [ '0.344.0' ],
31 silly audit   'math-intrinsics': [ '1.1.0' ],
31 silly audit   merge2: [ '1.4.1' ],
31 silly audit   micromatch: [ '4.0.8' ],
31 silly audit   minimist: [ '1.2.8' ],
31 silly audit   minipass: [ '7.1.3' ],
31 silly audit   'motion-dom': [ '11.18.1' ],
31 silly audit   'motion-utils': [ '11.18.1' ],
31 silly audit   ms: [ '2.1.3' ],
31 silly audit   mz: [ '2.7.0' ],
31 silly audit   nanoid: [ '3.3.11' ],
31 silly audit   'napi-postinstall': [ '0.3.4' ],
31 silly audit   'natural-compare': [ '1.4.0' ],
31 silly audit   next: [ '14.1.0' ],
31 silly audit   postcss: [ '8.4.31', '8.5.6' ],
31 silly audit   'node-exports-info': [ '1.6.0' ],
31 silly audit   'node-releases': [ '2.0.27' ],
31 silly audit   'normalize-path': [ '3.0.0' ],
31 silly audit   'object-assign': [ '4.1.1' ],
31 silly audit   'object-hash': [ '3.0.0' ],
31 silly audit   'object-inspect': [ '1.13.4' ],
31 silly audit   'object-keys': [ '1.1.1' ],
31 silly audit   'object.assign': [ '4.1.7' ],
31 silly audit   'object.entries': [ '1.1.9' ],
31 silly audit   'object.fromentries': [ '2.0.8' ],
31 silly audit   'object.groupby': [ '1.0.3' ],
31 silly audit   'object.values': [ '1.2.1' ],
31 silly audit   once: [ '1.4.0' ],
31 silly audit   optionator: [ '0.9.4' ],
31 silly audit   'own-keys': [ '1.0.1' ],
31 silly audit   'p-limit': [ '3.1.0' ],
31 silly audit   'p-locate': [ '5.0.0' ],
31 silly audit   'parent-module': [ '1.0.1' ],
31 silly audit   'path-exists': [ '4.0.0' ],
31 silly audit   'path-is-absolute': [ '1.0.1' ],
31 silly audit   'path-key': [ '3.1.1' ],
31 silly audit   'path-parse': [ '1.0.7' ],
31 silly audit   'path-scurry': [ '1.11.1' ],
31 silly audit   'path-type': [ '4.0.0' ],
31 silly audit   picocolors: [ '1.1.1' ],
31 silly audit   picomatch: [ '2.3.1', '4.0.3' ],
31 silly audit   pify: [ '2.3.0' ],
31 silly audit   pirates: [ '4.0.7' ],
31 silly audit   'possible-typed-array-names': [ '1.1.0' ],
31 silly audit   'postcss-import': [ '15.1.0' ],
31 silly audit   'postcss-js': [ '4.1.0' ],
31 silly audit   'postcss-load-config': [ '6.0.1' ],
31 silly audit   'postcss-nested': [ '6.2.0' ],
31 silly audit   'postcss-selector-parser': [ '6.1.2' ],
31 silly audit   'postcss-value-parser': [ '4.2.0' ],
31 silly audit   'prelude-ls': [ '1.2.1' ],
31 silly audit   'prop-types': [ '15.8.1' ],
31 silly audit   punycode: [ '2.3.1' ],
31 silly audit   'queue-microtask': [ '1.2.3' ],
31 silly audit   react: [ '18.3.1' ],
31 silly audit   'react-dom': [ '18.3.1' ],
31 silly audit   'react-is': [ '16.13.1' ],
31 silly audit   'read-cache': [ '1.0.0' ],
31 silly audit   readdirp: [ '3.6.0' ],
31 silly audit   'reflect.getprototypeof': [ '1.0.10' ],
31 silly audit   'regexp.prototype.flags': [ '1.5.4' ],
31 silly audit   'resolve-from': [ '4.0.0' ],
31 silly audit   'resolve-pkg-maps': [ '1.0.0' ],
31 silly audit   reusify: [ '1.1.0' ],
31 silly audit   rimraf: [ '3.0.2' ],
31 silly audit   'run-parallel': [ '1.2.0' ],
31 silly audit   'safe-array-concat': [ '1.1.3' ],
31 silly audit   'safe-push-apply': [ '1.0.0' ],
31 silly audit   'safe-regex-test': [ '1.1.0' ],
31 silly audit   scheduler: [ '0.23.2' ],
31 silly audit   'set-function-length': [ '1.2.2' ],
31 silly audit   'set-function-name': [ '2.0.2' ],
31 silly audit   'set-proto': [ '1.0.0' ],
31 silly audit   'shebang-command': [ '2.0.0' ],
31 silly audit   'shebang-regex': [ '3.0.0' ],
31 silly audit   'side-channel': [ '1.1.0' ],
31 silly audit   'side-channel-list': [ '1.0.0' ],
31 silly audit   'side-channel-map': [ '1.0.1' ],
31 silly audit   'side-channel-weakmap': [ '1.0.2' ],
31 silly audit   'signal-exit': [ '4.1.0' ],
31 silly audit   slash: [ '3.0.0' ],
31 silly audit   'source-map-js': [ '1.2.1' ],
31 silly audit   'stable-hash': [ '0.0.5' ],
31 silly audit   'stop-iteration-iterator': [ '1.1.0' ],
31 silly audit   streamsearch: [ '1.1.0' ],
31 silly audit   'string-width': [ '5.1.2', '4.2.3' ],
31 silly audit   'string.prototype.includes': [ '2.0.1' ],
31 silly audit   'string.prototype.matchall': [ '4.0.12' ],
31 silly audit   'string.prototype.repeat': [ '1.0.0' ],
31 silly audit   'string.prototype.trim': [ '1.2.10' ],
31 silly audit   'string.prototype.trimend': [ '1.0.9' ],
31 silly audit   'string.prototype.trimstart': [ '1.0.8' ],
31 silly audit   'strip-bom': [ '3.0.0' ],
31 silly audit   'strip-json-comments': [ '3.1.1' ],
31 silly audit   'styled-jsx': [ '5.1.1' ],
31 silly audit   sucrase: [ '3.35.1' ],
31 silly audit   'supports-color': [ '7.2.0' ],
31 silly audit   'supports-preserve-symlinks-flag': [ '1.0.0' ],
31 silly audit   'tailwind-merge': [ '2.6.1' ],
31 silly audit   tailwindcss: [ '3.4.19' ],
31 silly audit   'text-table': [ '0.2.0' ],
31 silly audit   thenify: [ '3.3.1' ],
31 silly audit   'thenify-all': [ '1.6.0' ],
31 silly audit   tinyglobby: [ '0.2.15' ],
31 silly audit   fdir: [ '6.5.0' ],
31 silly audit   'to-regex-range': [ '5.0.1' ],
31 silly audit   'ts-api-utils': [ '1.4.3' ],
31 silly audit   'ts-interface-checker': [ '0.1.13' ],
31 silly audit   'tsconfig-paths': [ '3.15.0' ],
31 silly audit   tslib: [ '2.8.1' ],
31 silly audit   'type-check': [ '0.4.0' ],
31 silly audit   'type-fest': [ '0.20.2' ],
31 silly audit   'typed-array-buffer': [ '1.0.3' ],
31 silly audit   'typed-array-byte-length': [ '1.0.3' ],
31 silly audit   'typed-array-byte-offset': [ '1.0.4' ],
31 silly audit   'typed-array-length': [ '1.0.7' ],
31 silly audit   'unbox-primitive': [ '1.1.0' ],
31 silly audit   'undici-types': [ '6.21.0' ],
31 silly audit   'unrs-resolver': [ '1.11.1' ],
31 silly audit   'update-browserslist-db': [ '1.2.3' ],
31 silly audit   'uri-js': [ '4.4.1' ],
31 silly audit   'util-deprecate': [ '1.0.2' ],
31 silly audit   which: [ '2.0.2' ],
31 silly audit   'which-boxed-primitive': [ '1.1.1' ],
31 silly audit   'which-builtin-type': [ '1.2.1' ],
31 silly audit   'which-collection': [ '1.0.2' ],
31 silly audit   'which-typed-array': [ '1.1.20' ],
31 silly audit   'word-wrap': [ '1.2.5' ],
31 silly audit   'wrap-ansi': [ '8.1.0', '7.0.0' ],
31 silly audit   wrappy: [ '1.0.2' ],
31 silly audit   'yocto-queue': [ '0.1.0' ],
31 silly audit   '@types/node': [ '20.19.33' ],
31 silly audit   '@types/react': [ '18.3.28' ],
31 silly audit   typescript: [ '5.9.3' ]
31 silly audit }
32 verbose reify failed optional dependency /home/node/.openclaw/workspace/best-of-cebu/node_modules/fsevents
33 silly reify mark deleted [ '/home/node/.openclaw/workspace/best-of-cebu/node_modules/fsevents' ]
34 verbose reify failed optional dependency /home/node/.openclaw/workspace/best-of-cebu/node_modules/@unrs/resolver-binding-win32-x64-msvc
35 silly reify mark deleted [
35 silly reify   '/home/node/.openclaw/workspace/best-of-cebu/node_modules/@unrs/resolver-binding-win32-x64-msvc'
35 silly reify ]
36 verbose reify failed optional dependency /home/node/.openclaw/workspace/best-of-cebu/node_modules/@unrs/resolver-binding-win32-ia32-msvc
37 silly reify mark deleted [
37 silly reify   '/home/node/.openclaw/workspace/best-of-cebu/node_modules/@unrs/resolver-binding-win32-ia32-msvc'
37 silly reify ]
38 verbose reify failed optional dependency /home/node/.openclaw/workspace/best-of-cebu/node_modules/@unrs/resolver-binding-win32-arm64-msvc
39 silly reify mark deleted [
39 silly reify   '/home/node/.openclaw/workspace/best-of-cebu/node_modules/@unrs/resolver-binding-win32-arm64-msvc'
39 silly reify ]
40 verbose reify failed optional dependency /home/node/.openclaw/workspace/best-of-cebu/node_modules/@unrs/resolver-binding-wasm32-wasi
41 silly reify mark deleted [
41 silly reify   '/home/node/.openclaw/workspace/best-of-cebu/node_modules/@unrs/resolver-binding-wasm32-wasi'
41 silly reify ]
42 verbose reify failed optional dependency /home/node/.openclaw/workspace/best-of-cebu/node_modules/@napi-rs/wasm-runtime
43 silly reify mark deleted [
43 silly reify   '/home/node/.openclaw/workspace/best-of-cebu/node_modules/@napi-rs/wasm-runtime'
43 silly reify ]
44 verbose reify failed optional dependency /home/node/.openclaw/workspace/best-of-cebu/node_modules/@emnapi/core
45 silly reify mark deleted [
45 silly reify   '/home/node/.openclaw/workspace/best-of-cebu/node_modules/@emnapi/core'
45 silly reify ]
46 verbose reify failed optional dependency /home/node/.openclaw/workspace/best-of-cebu/node_modules/@emnapi/runtime
47 silly reify mark deleted [
47 silly reify   '/home/node/.openclaw/workspace/best-of-cebu/node_modules/@emnapi/runtime'
47 silly reify ]
48 verbose reify failed optional dependency /home/node/.openclaw/workspace/best-of-cebu/node_modules/@tybys/wasm-util
49 silly reify mark deleted [
49 silly reify   '/home/node/.openclaw/workspace/best-of-cebu/node_modules/@tybys/wasm-util'
49 silly reify ]
50 verbose reify failed optional dependency /home/node/.openclaw/workspace/best-of-cebu/node_modules/@emnapi/wasi-threads
51 silly reify mark deleted [
51 silly reify   '/home/node/.openclaw/workspace/best-of-cebu/node_modules/@emnapi/wasi-threads'
51 silly reify ]
52 verbose reify failed optional dependency /home/node/.openclaw/workspace/best-of-cebu/node_modules/@unrs/resolver-binding-linux-s390x-gnu
53 silly reify mark deleted [
53 silly reify   '/home/node/.openclaw/workspace/best-of-cebu/node_modules/@unrs/resolver-binding-linux-s390x-gnu'
53 silly reify ]
54 verbose reify failed optional dependency /home/node/.openclaw/workspace/best-of-cebu/node_modules/@unrs/resolver-binding-linux-riscv64-musl
55 silly reify mark deleted [
55 silly reify   '/home/node/.openclaw/workspace/best-of-cebu/node_modules/@unrs/resolver-binding-linux-riscv64-musl'
55 silly reify ]
56 verbose reify failed optional dependency /home/node/.openclaw/workspace/best-of-cebu/node_modules/@unrs/resolver-binding-linux-riscv64-gnu
57 silly reify mark deleted [
57 silly reify   '/home/node/.openclaw/workspace/best-of-cebu/node_modules/@unrs/resolver-binding-linux-riscv64-gnu'
57 silly reify ]
58 verbose reify failed optional dependency /home/node/.openclaw/workspace/best-of-cebu/node_modules/@unrs/resolver-binding-linux-ppc64-gnu
59 silly reify mark deleted [
59 silly reify   '/home/node/.openclaw/workspace/best-of-cebu/node_modules/@unrs/resolver-binding-linux-ppc64-gnu'
59 silly reify ]
60 verbose reify failed optional dependency /home/node/.openclaw/workspace/best-of-cebu/node_modules/@unrs/resolver-binding-linux-arm64-musl
61 silly reify mark deleted [
61 silly reify   '/home/node/.openclaw/workspace/best-of-cebu/node_modules/@unrs/resolver-binding-linux-arm64-musl'
61 silly reify ]
62 verbose reify failed optional dependency /home/node/.openclaw/workspace/best-of-cebu/node_modules/@unrs/resolver-binding-linux-arm64-gnu
63 silly reify mark deleted [
63 silly reify   '/home/node/.openclaw/workspace/best-of-cebu/node_modules/@unrs/resolver-binding-linux-arm64-gnu'
63 silly reify ]
64 verbose reify failed optional dependency /home/node/.openclaw/workspace/best-of-cebu/node_modules/@unrs/resolver-binding-linux-arm-musleabihf
65 silly reify mark deleted [
65 silly reify   '/home/node/.openclaw/workspace/best-of-cebu/node_modules/@unrs/resolver-binding-linux-arm-musleabihf'
65 silly reify ]
66 verbose reify failed optional dependency /home/node/.openclaw/workspace/best-of-cebu/node_modules/@unrs/resolver-binding-linux-arm-gnueabihf
67 silly reify mark deleted [
67 silly reify   '/home/node/.openclaw/workspace/best-of-cebu/node_modules/@unrs/resolver-binding-linux-arm-gnueabihf'
67 silly reify ]
68 verbose reify failed optional dependency /home/node/.openclaw/workspace/best-of-cebu/node_modules/@unrs/resolver-binding-freebsd-x64
69 silly reify mark deleted [
69 silly reify   '/home/node/.openclaw/workspace/best-of-cebu/node_modules/@unrs/resolver-binding-freebsd-x64'
69 silly reify ]
70 verbose reify failed optional dependency /home/node/.openclaw/workspace/best-of-cebu/node_modules/@unrs/resolver-binding-darwin-x64
71 silly reify mark deleted [
71 silly reify   '/home/node/.openclaw/workspace/best-of-cebu/node_modules/@unrs/resolver-binding-darwin-x64'
71 silly reify ]
72 verbose reify failed optional dependency /home/node/.openclaw/workspace/best-of-cebu/node_modules/@unrs/resolver-binding-darwin-arm64
73 silly reify mark deleted [
73 silly reify   '/home/node/.openclaw/workspace/best-of-cebu/node_modules/@unrs/resolver-binding-darwin-arm64'
73 silly reify ]
74 verbose reify failed optional dependency /home/node/.openclaw/workspace/best-of-cebu/node_modules/@unrs/resolver-binding-android-arm64
75 silly reify mark deleted [
75 silly reify   '/home/node/.openclaw/workspace/best-of-cebu/node_modules/@unrs/resolver-binding-android-arm64'
75 silly reify ]
76 verbose reify failed optional dependency /home/node/.openclaw/workspace/best-of-cebu/node_modules/@unrs/resolver-binding-android-arm-eabi
77 silly reify mark deleted [
77 silly reify   '/home/node/.openclaw/workspace/best-of-cebu/node_modules/@unrs/resolver-binding-android-arm-eabi'
77 silly reify ]
78 verbose reify failed optional dependency /home/node/.openclaw/workspace/best-of-cebu/node_modules/@next/swc-win32-x64-msvc
79 silly reify mark deleted [
79 silly reify   '/home/node/.openclaw/workspace/best-of-cebu/node_modules/@next/swc-win32-x64-msvc'
79 silly reify ]
80 verbose reify failed optional dependency /home/node/.openclaw/workspace/best-of-cebu/node_modules/@next/swc-win32-ia32-msvc
81 silly reify mark deleted [
81 silly reify   '/home/node/.openclaw/workspace/best-of-cebu/node_modules/@next/swc-win32-ia32-msvc'
81 silly reify ]
82 verbose reify failed optional dependency /home/node/.openclaw/workspace/best-of-cebu/node_modules/@next/swc-win32-arm64-msvc
83 silly reify mark deleted [
83 silly reify   '/home/node/.openclaw/workspace/best-of-cebu/node_modules/@next/swc-win32-arm64-msvc'
83 silly reify ]
84 verbose reify failed optional dependency /home/node/.openclaw/workspace/best-of-cebu/node_modules/@next/swc-linux-arm64-musl
85 silly reify mark deleted [
85 silly reify   '/home/node/.openclaw/workspace/best-of-cebu/node_modules/@next/swc-linux-arm64-musl'
85 silly reify ]
86 verbose reify failed optional dependency /home/node/.openclaw/workspace/best-of-cebu/node_modules/@next/swc-linux-arm64-gnu
87 silly reify mark deleted [
87 silly reify   '/home/node/.openclaw/workspace/best-of-cebu/node_modules/@next/swc-linux-arm64-gnu'
87 silly reify ]
88 verbose reify failed optional dependency /home/node/.openclaw/workspace/best-of-cebu/node_modules/@next/swc-darwin-x64
89 silly reify mark deleted [
89 silly reify   '/home/node/.openclaw/workspace/best-of-cebu/node_modules/@next/swc-darwin-x64'
89 silly reify ]
90 verbose reify failed optional dependency /home/node/.openclaw/workspace/best-of-cebu/node_modules/@next/swc-darwin-arm64
91 silly reify mark deleted [
91 silly reify   '/home/node/.openclaw/workspace/best-of-cebu/node_modules/@next/swc-darwin-arm64'
91 silly reify ]
92 http cache @types/react@https://registry.npmjs.org/@types/react/-/react-18.3.28.tgz 0ms (cache hit)
93 http cache typescript@https://registry.npmjs.org/typescript/-/typescript-5.9.3.tgz 0ms (cache hit)
94 http cache @types/node@https://registry.npmjs.org/@types/node/-/node-20.19.33.tgz 0ms (cache hit)
95 http cache yocto-queue@https://registry.npmjs.org/yocto-queue/-/yocto-queue-0.1.0.tgz 0ms (cache hit)
96 http cache wrappy@https://registry.npmjs.org/wrappy/-/wrappy-1.0.2.tgz 0ms (cache hit)
97 http cache wrap-ansi@https://registry.npmjs.org/wrap-ansi/-/wrap-ansi-8.1.0.tgz 0ms (cache hit)
98 http cache wrap-ansi-cjs@https://registry.npmjs.org/wrap-ansi/-/wrap-ansi-7.0.0.tgz 0ms (cache hit)
99 http cache which-typed-array@https://registry.npmjs.org/which-typed-array/-/which-typed-array-1.1.20.tgz 0ms (cache hit)
100 http cache word-wrap@https://registry.npmjs.org/word-wrap/-/word-wrap-1.2.5.tgz 0ms (cache hit)
101 http cache which-builtin-type@https://registry.npmjs.org/which-builtin-type/-/which-builtin-type-1.2.1.tgz 0ms (cache hit)
102 http cache which@https://registry.npmjs.org/which/-/which-2.0.2.tgz 0ms (cache hit)
103 http cache which-collection@https://registry.npmjs.org/which-collection/-/which-collection-1.0.2.tgz 0ms (cache hit)
104 http cache which-boxed-primitive@https://registry.npmjs.org/which-boxed-primitive/-/which-boxed-primitive-1.1.1.tgz 0ms (cache hit)
105 http cache uri-js@https://registry.npmjs.org/uri-js/-/uri-js-4.4.1.tgz 0ms (cache hit)
106 http cache unrs-resolver@https://registry.npmjs.org/unrs-resolver/-/unrs-resolver-1.11.1.tgz 0ms (cache hit)
107 http cache undici-types@https://registry.npmjs.org/undici-types/-/undici-types-6.21.0.tgz 0ms (cache hit)
108 http cache unbox-primitive@https://registry.npmjs.org/unbox-primitive/-/unbox-primitive-1.1.0.tgz 0ms (cache hit)
109 http cache typed-array-byte-offset@https://registry.npmjs.org/typed-array-byte-offset/-/typed-array-byte-offset-1.0.4.tgz 0ms (cache hit)
110 http cache typed-array-byte-length@https://registry.npmjs.org/typed-array-byte-length/-/typed-array-byte-length-1.0.3.tgz 0ms (cache hit)
111 http cache typed-array-length@https://registry.npmjs.org/typed-array-length/-/typed-array-length-1.0.7.tgz 0ms (cache hit)
112 http cache type-fest@https://registry.npmjs.org/type-fest/-/type-fest-0.20.2.tgz 0ms (cache hit)
113 http cache typed-array-buffer@https://registry.npmjs.org/typed-array-buffer/-/typed-array-buffer-1.0.3.tgz 0ms (cache hit)
114 http cache tsconfig-paths@https://registry.npmjs.org/tsconfig-paths/-/tsconfig-paths-3.15.0.tgz 0ms (cache hit)
115 http cache type-check@https://registry.npmjs.org/type-check/-/type-check-0.4.0.tgz 0ms (cache hit)
116 http cache ts-api-utils@https://registry.npmjs.org/ts-api-utils/-/ts-api-utils-1.4.3.tgz 0ms (cache hit)
117 http cache text-table@https://registry.npmjs.org/text-table/-/text-table-0.2.0.tgz 0ms (cache hit)
118 http cache strip-json-comments@https://registry.npmjs.org/strip-json-comments/-/strip-json-comments-3.1.1.tgz 0ms (cache hit)
119 http cache supports-color@https://registry.npmjs.org/supports-color/-/supports-color-7.2.0.tgz 0ms (cache hit)
120 http cache strip-bom@https://registry.npmjs.org/strip-bom/-/strip-bom-3.0.0.tgz 0ms (cache hit)
121 http cache strip-ansi-cjs@https://registry.npmjs.org/strip-ansi/-/strip-ansi-6.0.1.tgz 0ms (cache hit)
122 http cache strip-ansi@https://registry.npmjs.org/strip-ansi/-/strip-ansi-6.0.1.tgz 0ms (cache hit)
123 http cache string.prototype.trimstart@https://registry.npmjs.org/string.prototype.trimstart/-/string.prototype.trimstart-1.0.8.tgz 0ms (cache hit)
124 http cache string.prototype.trimend@https://registry.npmjs.org/string.prototype.trimend/-/string.prototype.trimend-1.0.9.tgz 0ms (cache hit)
125 http cache string.prototype.trim@https://registry.npmjs.org/string.prototype.trim/-/string.prototype.trim-1.2.10.tgz 0ms (cache hit)
126 http cache string.prototype.repeat@https://registry.npmjs.org/string.prototype.repeat/-/string.prototype.repeat-1.0.0.tgz 0ms (cache hit)
127 http cache string.prototype.includes@https://registry.npmjs.org/string.prototype.includes/-/string.prototype.includes-2.0.1.tgz 0ms (cache hit)
128 http cache string.prototype.matchall@https://registry.npmjs.org/string.prototype.matchall/-/string.prototype.matchall-4.0.12.tgz 0ms (cache hit)
129 http cache string-width@https://registry.npmjs.org/string-width/-/string-width-5.1.2.tgz 0ms (cache hit)
130 http cache stop-iteration-iterator@https://registry.npmjs.org/stop-iteration-iterator/-/stop-iteration-iterator-1.1.0.tgz 0ms (cache hit)
131 http cache stable-hash@https://registry.npmjs.org/stable-hash/-/stable-hash-0.0.5.tgz 0ms (cache hit)
132 http cache string-width-cjs@https://registry.npmjs.org/string-width/-/string-width-4.2.3.tgz 0ms (cache hit)
133 http cache slash@https://registry.npmjs.org/slash/-/slash-3.0.0.tgz 0ms (cache hit)
134 http cache side-channel-map@https://registry.npmjs.org/side-channel-map/-/side-channel-map-1.0.1.tgz 0ms (cache hit)
135 http cache signal-exit@https://registry.npmjs.org/signal-exit/-/signal-exit-4.1.0.tgz 0ms (cache hit)
136 http cache side-channel-weakmap@https://registry.npmjs.org/side-channel-weakmap/-/side-channel-weakmap-1.0.2.tgz 0ms (cache hit)
137 http cache side-channel@https://registry.npmjs.org/side-channel/-/side-channel-1.1.0.tgz 0ms (cache hit)
138 http cache side-channel-list@https://registry.npmjs.org/side-channel-list/-/side-channel-list-1.0.0.tgz 0ms (cache hit)
139 http cache shebang-command@https://registry.npmjs.org/shebang-command/-/shebang-command-2.0.0.tgz 0ms (cache hit)
140 http cache shebang-regex@https://registry.npmjs.org/shebang-regex/-/shebang-regex-3.0.0.tgz 0ms (cache hit)
141 http cache set-proto@https://registry.npmjs.org/set-proto/-/set-proto-1.0.0.tgz 0ms (cache hit)
142 http cache set-function-name@https://registry.npmjs.org/set-function-name/-/set-function-name-2.0.2.tgz 0ms (cache hit)
143 http cache set-function-length@https://registry.npmjs.org/set-function-length/-/set-function-length-1.2.2.tgz 0ms (cache hit)
144 http cache semver@https://registry.npmjs.org/semver/-/semver-7.7.4.tgz 0ms (cache hit)
145 http cache safe-regex-test@https://registry.npmjs.org/safe-regex-test/-/safe-regex-test-1.1.0.tgz 0ms (cache hit)
146 http cache safe-push-apply@https://registry.npmjs.org/safe-push-apply/-/safe-push-apply-1.0.0.tgz 0ms (cache hit)
147 http cache safe-array-concat@https://registry.npmjs.org/safe-array-concat/-/safe-array-concat-1.1.3.tgz 0ms (cache hit)
148 http cache rimraf@https://registry.npmjs.org/rimraf/-/rimraf-3.0.2.tgz 0ms (cache hit)
149 http cache resolve-pkg-maps@https://registry.npmjs.org/resolve-pkg-maps/-/resolve-pkg-maps-1.0.0.tgz 0ms (cache hit)
150 http cache resolve-from@https://registry.npmjs.org/resolve-from/-/resolve-from-4.0.0.tgz 0ms (cache hit)
151 http cache regexp.prototype.flags@https://registry.npmjs.org/regexp.prototype.flags/-/regexp.prototype.flags-1.5.4.tgz 0ms (cache hit)
152 http cache reflect.getprototypeof@https://registry.npmjs.org/reflect.getprototypeof/-/reflect.getprototypeof-1.0.10.tgz 0ms (cache hit)
153 http cache react-is@https://registry.npmjs.org/react-is/-/react-is-16.13.1.tgz 0ms (cache hit)
154 http cache punycode@https://registry.npmjs.org/punycode/-/punycode-2.3.1.tgz 0ms (cache hit)
155 http cache prelude-ls@https://registry.npmjs.org/prelude-ls/-/prelude-ls-1.2.1.tgz 0ms (cache hit)
156 http cache possible-typed-array-names@https://registry.npmjs.org/possible-typed-array-names/-/possible-typed-array-names-1.1.0.tgz 0ms (cache hit)
157 http cache path-type@https://registry.npmjs.org/path-type/-/path-type-4.0.0.tgz 0ms (cache hit)
158 http cache path-scurry@https://registry.npmjs.org/path-scurry/-/path-scurry-1.11.1.tgz 0ms (cache hit)
159 http cache path-key@https://registry.npmjs.org/path-key/-/path-key-3.1.1.tgz 0ms (cache hit)
160 http cache path-is-absolute@https://registry.npmjs.org/path-is-absolute/-/path-is-absolute-1.0.1.tgz 0ms (cache hit)
161 http cache path-exists@https://registry.npmjs.org/path-exists/-/path-exists-4.0.0.tgz 0ms (cache hit)
162 http cache parent-module@https://registry.npmjs.org/parent-module/-/parent-module-1.0.1.tgz 0ms (cache hit)
163 http cache p-locate@https://registry.npmjs.org/p-locate/-/p-locate-5.0.0.tgz 0ms (cache hit)
164 http cache prop-types@https://registry.npmjs.org/prop-types/-/prop-types-15.8.1.tgz 0ms (cache hit)
165 http cache p-limit@https://registry.npmjs.org/p-limit/-/p-limit-3.1.0.tgz 0ms (cache hit)
166 http cache own-keys@https://registry.npmjs.org/own-keys/-/own-keys-1.0.1.tgz 0ms (cache hit)
167 http cache optionator@https://registry.npmjs.org/optionator/-/optionator-0.9.4.tgz 0ms (cache hit)
168 http cache once@https://registry.npmjs.org/once/-/once-1.4.0.tgz 0ms (cache hit)
169 http cache object.groupby@https://registry.npmjs.org/object.groupby/-/object.groupby-1.0.3.tgz 0ms (cache hit)
170 http cache object.values@https://registry.npmjs.org/object.values/-/object.values-1.2.1.tgz 0ms (cache hit)
171 http cache object.fromentries@https://registry.npmjs.org/object.fromentries/-/object.fromentries-2.0.8.tgz 0ms (cache hit)
172 http cache object.assign@https://registry.npmjs.org/object.assign/-/object.assign-4.1.7.tgz 0ms (cache hit)
173 http cache object.entries@https://registry.npmjs.org/object.entries/-/object.entries-1.1.9.tgz 0ms (cache hit)
174 http cache object-keys@https://registry.npmjs.org/object-keys/-/object-keys-1.1.1.tgz 0ms (cache hit)
175 http cache node-exports-info@https://registry.npmjs.org/node-exports-info/-/node-exports-info-1.6.0.tgz 0ms (cache hit)
176 http cache natural-compare@https://registry.npmjs.org/natural-compare/-/natural-compare-1.4.0.tgz 0ms (cache hit)
177 http cache object-inspect@https://registry.npmjs.org/object-inspect/-/object-inspect-1.13.4.tgz 0ms (cache hit)
178 http cache ms@https://registry.npmjs.org/ms/-/ms-2.1.3.tgz 0ms (cache hit)
179 http cache minipass@https://registry.npmjs.org/minipass/-/minipass-7.1.3.tgz 0ms (cache hit)
180 http cache minimatch@https://registry.npmjs.org/minimatch/-/minimatch-3.1.2.tgz 0ms (cache hit)
181 http cache minimist@https://registry.npmjs.org/minimist/-/minimist-1.2.8.tgz 0ms (cache hit)
182 http cache lru-cache@https://registry.npmjs.org/lru-cache/-/lru-cache-10.4.3.tgz 0ms (cache hit)
183 http cache math-intrinsics@https://registry.npmjs.org/math-intrinsics/-/math-intrinsics-1.1.0.tgz 0ms (cache hit)
184 http cache napi-postinstall@https://registry.npmjs.org/napi-postinstall/-/napi-postinstall-0.3.4.tgz 0ms (cache hit)
185 http cache lodash.merge@https://registry.npmjs.org/lodash.merge/-/lodash.merge-4.6.2.tgz 0ms (cache hit)
186 http cache levn@https://registry.npmjs.org/levn/-/levn-0.4.1.tgz 0ms (cache hit)
187 http cache locate-path@https://registry.npmjs.org/locate-path/-/locate-path-6.0.0.tgz 0ms (cache hit)
188 http cache language-tags@https://registry.npmjs.org/language-tags/-/language-tags-1.0.9.tgz 0ms (cache hit)
189 http cache keyv@https://registry.npmjs.org/keyv/-/keyv-4.5.4.tgz 0ms (cache hit)
190 http cache json5@https://registry.npmjs.org/json5/-/json5-1.0.2.tgz 0ms (cache hit)
191 http cache jsx-ast-utils@https://registry.npmjs.org/jsx-ast-utils/-/jsx-ast-utils-3.3.5.tgz 0ms (cache hit)
192 http cache json-stable-stringify-without-jsonify@https://registry.npmjs.org/json-stable-stringify-without-jsonify/-/json-stable-stringify-without-jsonify-1.0.1.tgz 0ms (cache hit)
193 http cache json-schema-traverse@https://registry.npmjs.org/json-schema-traverse/-/json-schema-traverse-0.4.1.tgz 0ms (cache hit)
194 http cache json-buffer@https://registry.npmjs.org/json-buffer/-/json-buffer-3.0.1.tgz 0ms (cache hit)
195 http cache js-yaml@https://registry.npmjs.org/js-yaml/-/js-yaml-4.1.1.tgz 0ms (cache hit)
196 http cache jackspeak@https://registry.npmjs.org/jackspeak/-/jackspeak-2.3.6.tgz 0ms (cache hit)
197 http cache language-subtag-registry@https://registry.npmjs.org/language-subtag-registry/-/language-subtag-registry-0.3.23.tgz 0ms (cache hit)
198 http cache iterator.prototype@https://registry.npmjs.org/iterator.prototype/-/iterator.prototype-1.1.5.tgz 0ms (cache hit)
199 http cache isexe@https://registry.npmjs.org/isexe/-/isexe-2.0.0.tgz 0ms (cache hit)
200 http cache isarray@https://registry.npmjs.org/isarray/-/isarray-2.0.5.tgz 0ms (cache hit)
201 http cache is-weakset@https://registry.npmjs.org/is-weakset/-/is-weakset-2.0.4.tgz 0ms (cache hit)
202 http cache is-weakref@https://registry.npmjs.org/is-weakref/-/is-weakref-1.1.1.tgz 0ms (cache hit)
203 http cache is-typed-array@https://registry.npmjs.org/is-typed-array/-/is-typed-array-1.1.15.tgz 0ms (cache hit)
204 http cache is-weakmap@https://registry.npmjs.org/is-weakmap/-/is-weakmap-2.0.2.tgz 0ms (cache hit)
205 http cache is-symbol@https://registry.npmjs.org/is-symbol/-/is-symbol-1.1.1.tgz 0ms (cache hit)
206 http cache is-string@https://registry.npmjs.org/is-string/-/is-string-1.1.1.tgz 0ms (cache hit)
207 http cache is-set@https://registry.npmjs.org/is-set/-/is-set-2.0.3.tgz 0ms (cache hit)
208 http cache is-path-inside@https://registry.npmjs.org/is-path-inside/-/is-path-inside-3.0.3.tgz 0ms (cache hit)
209 http cache is-regex@https://registry.npmjs.org/is-regex/-/is-regex-1.2.1.tgz 0ms (cache hit)
210 http cache is-shared-array-buffer@https://registry.npmjs.org/is-shared-array-buffer/-/is-shared-array-buffer-1.0.4.tgz 0ms (cache hit)
211 http cache is-number-object@https://registry.npmjs.org/is-number-object/-/is-number-object-1.1.1.tgz 0ms (cache hit)
212 http cache is-negative-zero@https://registry.npmjs.org/is-negative-zero/-/is-negative-zero-2.0.3.tgz 0ms (cache hit)
213 http cache is-map@https://registry.npmjs.org/is-map/-/is-map-2.0.3.tgz 0ms (cache hit)
214 http cache is-fullwidth-code-point@https://registry.npmjs.org/is-fullwidth-code-point/-/is-fullwidth-code-point-3.0.0.tgz 0ms (cache hit)
215 http cache is-generator-function@https://registry.npmjs.org/is-generator-function/-/is-generator-function-1.1.2.tgz 0ms (cache hit)
216 http cache is-data-view@https://registry.npmjs.org/is-data-view/-/is-data-view-1.0.2.tgz 0ms (cache hit)
217 http cache is-finalizationregistry@https://registry.npmjs.org/is-finalizationregistry/-/is-finalizationregistry-1.1.1.tgz 0ms (cache hit)
218 http cache is-date-object@https://registry.npmjs.org/is-date-object/-/is-date-object-1.1.0.tgz 0ms (cache hit)
219 http cache is-callable@https://registry.npmjs.org/is-callable/-/is-callable-1.2.7.tgz 0ms (cache hit)
220 http cache is-bun-module@https://registry.npmjs.org/is-bun-module/-/is-bun-module-2.0.0.tgz 0ms (cache hit)
221 http cache is-bigint@https://registry.npmjs.org/is-bigint/-/is-bigint-1.1.0.tgz 0ms (cache hit)
222 http cache is-boolean-object@https://registry.npmjs.org/is-boolean-object/-/is-boolean-object-1.2.2.tgz 0ms (cache hit)
223 http cache is-async-function@https://registry.npmjs.org/is-async-function/-/is-async-function-2.1.1.tgz 0ms (cache hit)
224 http cache internal-slot@https://registry.npmjs.org/internal-slot/-/internal-slot-1.1.0.tgz 0ms (cache hit)
225 http cache inherits@https://registry.npmjs.org/inherits/-/inherits-2.0.4.tgz 0ms (cache hit)
226 http cache is-array-buffer@https://registry.npmjs.org/is-array-buffer/-/is-array-buffer-3.0.5.tgz 0ms (cache hit)
227 http cache inflight@https://registry.npmjs.org/inflight/-/inflight-1.0.6.tgz 0ms (cache hit)
228 http cache import-fresh@https://registry.npmjs.org/import-fresh/-/import-fresh-3.3.1.tgz 0ms (cache hit)
229 http cache imurmurhash@https://registry.npmjs.org/imurmurhash/-/imurmurhash-0.1.4.tgz 0ms (cache hit)
230 http cache ignore@https://registry.npmjs.org/ignore/-/ignore-5.3.2.tgz 0ms (cache hit)
231 http cache has-tostringtag@https://registry.npmjs.org/has-tostringtag/-/has-tostringtag-1.0.2.tgz 0ms (cache hit)
232 http cache has-symbols@https://registry.npmjs.org/has-symbols/-/has-symbols-1.1.0.tgz 0ms (cache hit)
233 http cache has-property-descriptors@https://registry.npmjs.org/has-property-descriptors/-/has-property-descriptors-1.0.2.tgz 0ms (cache hit)
234 http cache has-proto@https://registry.npmjs.org/has-proto/-/has-proto-1.2.0.tgz 0ms (cache hit)
235 http cache has-flag@https://registry.npmjs.org/has-flag/-/has-flag-4.0.0.tgz 0ms (cache hit)
236 http cache has-bigints@https://registry.npmjs.org/has-bigints/-/has-bigints-1.1.0.tgz 0ms (cache hit)
237 http cache gopd@https://registry.npmjs.org/gopd/-/gopd-1.2.0.tgz 0ms (cache hit)
238 http cache globby@https://registry.npmjs.org/globby/-/globby-11.1.0.tgz 0ms (cache hit)
239 http cache graphemer@https://registry.npmjs.org/graphemer/-/graphemer-1.4.0.tgz 0ms (cache hit)
240 http cache globalthis@https://registry.npmjs.org/globalthis/-/globalthis-1.0.4.tgz 0ms (cache hit)
241 http cache globals@https://registry.npmjs.org/globals/-/globals-13.24.0.tgz 0ms (cache hit)
242 http cache glob@https://registry.npmjs.org/glob/-/glob-10.3.10.tgz 0ms (cache hit)
243 http cache get-tsconfig@https://registry.npmjs.org/get-tsconfig/-/get-tsconfig-4.13.6.tgz 0ms (cache hit)
244 http cache get-symbol-description@https://registry.npmjs.org/get-symbol-description/-/get-symbol-description-1.1.0.tgz 0ms (cache hit)
245 http cache get-proto@https://registry.npmjs.org/get-proto/-/get-proto-1.0.1.tgz 0ms (cache hit)
246 http cache get-intrinsic@https://registry.npmjs.org/get-intrinsic/-/get-intrinsic-1.3.0.tgz 0ms (cache hit)
247 http cache generator-function@https://registry.npmjs.org/generator-function/-/generator-function-2.0.1.tgz 0ms (cache hit)
248 http cache functions-have-names@https://registry.npmjs.org/functions-have-names/-/functions-have-names-1.2.3.tgz 0ms (cache hit)
249 http cache fs.realpath@https://registry.npmjs.org/fs.realpath/-/fs.realpath-1.0.0.tgz 0ms (cache hit)
250 http cache foreground-child@https://registry.npmjs.org/foreground-child/-/foreground-child-3.3.1.tgz 0ms (cache hit)
251 http cache function.prototype.name@https://registry.npmjs.org/function.prototype.name/-/function.prototype.name-1.1.8.tgz 0ms (cache hit)
252 http cache for-each@https://registry.npmjs.org/for-each/-/for-each-0.3.5.tgz 0ms (cache hit)
253 http cache flatted@https://registry.npmjs.org/flatted/-/flatted-3.3.3.tgz 0ms (cache hit)
254 http cache flat-cache@https://registry.npmjs.org/flat-cache/-/flat-cache-3.2.0.tgz 0ms (cache hit)
255 http cache find-up@https://registry.npmjs.org/find-up/-/find-up-5.0.0.tgz 0ms (cache hit)
256 http cache file-entry-cache@https://registry.npmjs.org/file-entry-cache/-/file-entry-cache-6.0.1.tgz 0ms (cache hit)
257 http cache fast-levenshtein@https://registry.npmjs.org/fast-levenshtein/-/fast-levenshtein-2.0.6.tgz 0ms (cache hit)
258 http cache fast-json-stable-stringify@https://registry.npmjs.org/fast-json-stable-stringify/-/fast-json-stable-stringify-2.1.0.tgz 0ms (cache hit)
259 http cache fast-deep-equal@https://registry.npmjs.org/fast-deep-equal/-/fast-deep-equal-3.1.3.tgz 0ms (cache hit)
260 http cache esutils@https://registry.npmjs.org/esutils/-/esutils-2.0.3.tgz 0ms (cache hit)
261 http cache estraverse@https://registry.npmjs.org/estraverse/-/estraverse-5.3.0.tgz 0ms (cache hit)
262 http cache esrecurse@https://registry.npmjs.org/esrecurse/-/esrecurse-4.3.0.tgz 0ms (cache hit)
263 http cache esquery@https://registry.npmjs.org/esquery/-/esquery-1.7.0.tgz 0ms (cache hit)
264 http cache espree@https://registry.npmjs.org/espree/-/espree-9.6.1.tgz 0ms (cache hit)
265 http cache eslint-scope@https://registry.npmjs.org/eslint-scope/-/eslint-scope-7.2.2.tgz 0ms (cache hit)
266 http cache eslint-visitor-keys@https://registry.npmjs.org/eslint-visitor-keys/-/eslint-visitor-keys-3.4.3.tgz 0ms (cache hit)
267 http cache eslint-plugin-react-hooks@https://registry.npmjs.org/eslint-plugin-react-hooks/-/eslint-plugin-react-hooks-5.0.0-canary-7118f5dd7-20230705.tgz 0ms (cache hit)
268 http cache eslint-plugin-react@https://registry.npmjs.org/eslint-plugin-react/-/eslint-plugin-react-7.37.5.tgz 0ms (cache hit)
269 http cache eslint-plugin-jsx-a11y@https://registry.npmjs.org/eslint-plugin-jsx-a11y/-/eslint-plugin-jsx-a11y-6.10.2.tgz 0ms (cache hit)
270 http cache eslint-plugin-import@https://registry.npmjs.org/eslint-plugin-import/-/eslint-plugin-import-2.32.0.tgz 0ms (cache hit)
271 http cache eslint-module-utils@https://registry.npmjs.org/eslint-module-utils/-/eslint-module-utils-2.12.1.tgz 0ms (cache hit)
272 http cache eslint-import-resolver-typescript@https://registry.npmjs.org/eslint-import-resolver-typescript/-/eslint-import-resolver-typescript-3.10.1.tgz 0ms (cache hit)
273 http cache eslint-import-resolver-node@https://registry.npmjs.org/eslint-import-resolver-node/-/eslint-import-resolver-node-0.3.9.tgz 0ms (cache hit)
274 http cache eslint@https://registry.npmjs.org/eslint/-/eslint-8.57.1.tgz 0ms (cache hit)
275 http cache escape-string-regexp@https://registry.npmjs.org/escape-string-regexp/-/escape-string-regexp-4.0.0.tgz 0ms (cache hit)
276 http cache eslint-config-next@https://registry.npmjs.org/eslint-config-next/-/eslint-config-next-14.1.0.tgz 0ms (cache hit)
277 http cache es-to-primitive@https://registry.npmjs.org/es-to-primitive/-/es-to-primitive-1.3.0.tgz 0ms (cache hit)
278 http cache es-shim-unscopables@https://registry.npmjs.org/es-shim-unscopables/-/es-shim-unscopables-1.1.0.tgz 0ms (cache hit)
279 http cache es-set-tostringtag@https://registry.npmjs.org/es-set-tostringtag/-/es-set-tostringtag-2.1.0.tgz 0ms (cache hit)
280 http cache es-object-atoms@https://registry.npmjs.org/es-object-atoms/-/es-object-atoms-1.1.1.tgz 0ms (cache hit)
281 http cache es-iterator-helpers@https://registry.npmjs.org/es-iterator-helpers/-/es-iterator-helpers-1.2.2.tgz 0ms (cache hit)
282 http cache es-define-property@https://registry.npmjs.org/es-define-property/-/es-define-property-1.0.1.tgz 0ms (cache hit)
283 http cache es-errors@https://registry.npmjs.org/es-errors/-/es-errors-1.3.0.tgz 0ms (cache hit)
284 http cache es-abstract@https://registry.npmjs.org/es-abstract/-/es-abstract-1.24.1.tgz 0ms (cache hit)
285 http cache emoji-regex@https://registry.npmjs.org/emoji-regex/-/emoji-regex-9.2.2.tgz 0ms (cache hit)
286 http cache dunder-proto@https://registry.npmjs.org/dunder-proto/-/dunder-proto-1.0.1.tgz 0ms (cache hit)
287 http cache eastasianwidth@https://registry.npmjs.org/eastasianwidth/-/eastasianwidth-0.2.0.tgz 0ms (cache hit)
288 http cache doctrine@https://registry.npmjs.org/doctrine/-/doctrine-3.0.0.tgz 0ms (cache hit)
289 http cache dir-glob@https://registry.npmjs.org/dir-glob/-/dir-glob-3.0.1.tgz 0ms (cache hit)
290 http cache define-data-property@https://registry.npmjs.org/define-data-property/-/define-data-property-1.1.4.tgz 0ms (cache hit)
291 http cache deep-is@https://registry.npmjs.org/deep-is/-/deep-is-0.1.4.tgz 0ms (cache hit)
292 http cache debug@https://registry.npmjs.org/debug/-/debug-4.4.3.tgz 0ms (cache hit)
293 http cache data-view-byte-offset@https://registry.npmjs.org/data-view-byte-offset/-/data-view-byte-offset-1.0.1.tgz 0ms (cache hit)
294 http cache data-view-byte-length@https://registry.npmjs.org/data-view-byte-length/-/data-view-byte-length-1.0.2.tgz 0ms (cache hit)
295 http cache data-view-buffer@https://registry.npmjs.org/data-view-buffer/-/data-view-buffer-1.0.2.tgz 0ms (cache hit)
296 http cache damerau-levenshtein@https://registry.npmjs.org/damerau-levenshtein/-/damerau-levenshtein-1.0.8.tgz 0ms (cache hit)
297 http cache cross-spawn@https://registry.npmjs.org/cross-spawn/-/cross-spawn-7.0.6.tgz 0ms (cache hit)
298 http cache csstype@https://registry.npmjs.org/csstype/-/csstype-3.2.3.tgz 0ms (cache hit)
299 http cache concat-map@https://registry.npmjs.org/concat-map/-/concat-map-0.0.1.tgz 0ms (cache hit)
300 http cache define-properties@https://registry.npmjs.org/define-properties/-/define-properties-1.2.1.tgz 0ms (cache hit)
301 http cache color-convert@https://registry.npmjs.org/color-convert/-/color-convert-2.0.1.tgz 0ms (cache hit)
302 http cache color-name@https://registry.npmjs.org/color-name/-/color-name-1.1.4.tgz 0ms (cache hit)
303 http cache chalk@https://registry.npmjs.org/chalk/-/chalk-4.1.2.tgz 0ms (cache hit)
304 http cache callsites@https://registry.npmjs.org/callsites/-/callsites-3.1.0.tgz 0ms (cache hit)
305 http cache call-bind@https://registry.npmjs.org/call-bind/-/call-bind-1.0.8.tgz 0ms (cache hit)
306 http cache call-bound@https://registry.npmjs.org/call-bound/-/call-bound-1.0.4.tgz 0ms (cache hit)
307 http cache brace-expansion@https://registry.npmjs.org/brace-expansion/-/brace-expansion-1.1.12.tgz 0ms (cache hit)
308 http cache balanced-match@https://registry.npmjs.org/balanced-match/-/balanced-match-1.0.2.tgz 0ms (cache hit)
309 http cache available-typed-arrays@https://registry.npmjs.org/available-typed-arrays/-/available-typed-arrays-1.0.7.tgz 0ms (cache hit)
310 http cache axobject-query@https://registry.npmjs.org/axobject-query/-/axobject-query-4.1.0.tgz 0ms (cache hit)
311 http cache ast-types-flow@https://registry.npmjs.org/ast-types-flow/-/ast-types-flow-0.0.8.tgz 0ms (cache hit)
312 http cache async-function@https://registry.npmjs.org/async-function/-/async-function-1.0.0.tgz 0ms (cache hit)
313 http cache arraybuffer.prototype.slice@https://registry.npmjs.org/arraybuffer.prototype.slice/-/arraybuffer.prototype.slice-1.0.4.tgz 0ms (cache hit)
314 http cache array.prototype.tosorted@https://registry.npmjs.org/array.prototype.tosorted/-/array.prototype.tosorted-1.1.4.tgz 0ms (cache hit)
315 http cache array.prototype.flatmap@https://registry.npmjs.org/array.prototype.flatmap/-/array.prototype.flatmap-1.3.3.tgz 0ms (cache hit)
316 http cache array.prototype.flat@https://registry.npmjs.org/array.prototype.flat/-/array.prototype.flat-1.3.3.tgz 0ms (cache hit)
317 http cache array.prototype.findlastindex@https://registry.npmjs.org/array.prototype.findlastindex/-/array.prototype.findlastindex-1.2.6.tgz 0ms (cache hit)
318 http cache array.prototype.findlast@https://registry.npmjs.org/array.prototype.findlast/-/array.prototype.findlast-1.2.5.tgz 0ms (cache hit)
319 http cache array-includes@https://registry.npmjs.org/array-includes/-/array-includes-3.1.9.tgz 0ms (cache hit)
320 http cache array-buffer-byte-length@https://registry.npmjs.org/array-buffer-byte-length/-/array-buffer-byte-length-1.0.2.tgz 0ms (cache hit)
321 http cache array-union@https://registry.npmjs.org/array-union/-/array-union-2.1.0.tgz 0ms (cache hit)
322 http cache aria-query@https://registry.npmjs.org/aria-query/-/aria-query-5.3.2.tgz 0ms (cache hit)
323 http cache ansi-styles@https://registry.npmjs.org/ansi-styles/-/ansi-styles-4.3.0.tgz 0ms (cache hit)
324 http cache argparse@https://registry.npmjs.org/argparse/-/argparse-2.0.1.tgz 0ms (cache hit)
325 http cache ansi-regex@https://registry.npmjs.org/ansi-regex/-/ansi-regex-5.0.1.tgz 0ms (cache hit)
326 http cache ajv@https://registry.npmjs.org/ajv/-/ajv-6.12.6.tgz 0ms (cache hit)
327 http cache acorn-jsx@https://registry.npmjs.org/acorn-jsx/-/acorn-jsx-5.3.2.tgz 0ms (cache hit)
328 http cache call-bind-apply-helpers@https://registry.npmjs.org/call-bind-apply-helpers/-/call-bind-apply-helpers-1.0.2.tgz 0ms (cache hit)
329 http cache acorn@https://registry.npmjs.org/acorn/-/acorn-8.16.0.tgz 0ms (cache hit)
330 http cache @unrs/resolver-binding-linux-x64-musl@https://registry.npmjs.org/@unrs/resolver-binding-linux-x64-musl/-/resolver-binding-linux-x64-musl-1.11.1.tgz 0ms (cache hit)
331 http cache @unrs/resolver-binding-linux-x64-gnu@https://registry.npmjs.org/@unrs/resolver-binding-linux-x64-gnu/-/resolver-binding-linux-x64-gnu-1.11.1.tgz 0ms (cache hit)
332 http cache @ungap/structured-clone@https://registry.npmjs.org/@ungap/structured-clone/-/structured-clone-1.3.0.tgz 0ms (cache hit)
333 http cache @typescript-eslint/visitor-keys@https://registry.npmjs.org/@typescript-eslint/visitor-keys/-/visitor-keys-6.21.0.tgz 0ms (cache hit)
334 http cache @typescript-eslint/typescript-estree@https://registry.npmjs.org/@typescript-eslint/typescript-estree/-/typescript-estree-6.21.0.tgz 0ms (cache hit)
335 http cache @typescript-eslint/types@https://registry.npmjs.org/@typescript-eslint/types/-/types-6.21.0.tgz 0ms (cache hit)
336 http cache @typescript-eslint/parser@https://registry.npmjs.org/@typescript-eslint/parser/-/parser-6.21.0.tgz 0ms (cache hit)
337 http cache @typescript-eslint/scope-manager@https://registry.npmjs.org/@typescript-eslint/scope-manager/-/scope-manager-6.21.0.tgz 0ms (cache hit)
338 http cache @types/json5@https://registry.npmjs.org/@types/json5/-/json5-0.0.29.tgz 0ms (cache hit)
339 http cache @types/react-dom@https://registry.npmjs.org/@types/react-dom/-/react-dom-18.3.7.tgz 0ms (cache hit)
340 http cache @tybys/wasm-util@https://registry.npmjs.org/@tybys/wasm-util/-/wasm-util-0.10.1.tgz 0ms (cache hit)
341 http cache @rushstack/eslint-patch@https://registry.npmjs.org/@rushstack/eslint-patch/-/eslint-patch-1.16.1.tgz 0ms (cache hit)
342 http cache @rtsao/scc@https://registry.npmjs.org/@rtsao/scc/-/scc-1.1.0.tgz 0ms (cache hit)
343 http cache @pkgjs/parseargs@https://registry.npmjs.org/@pkgjs/parseargs/-/parseargs-0.11.0.tgz 0ms (cache hit)
344 http cache @nolyfill/is-core-module@https://registry.npmjs.org/@nolyfill/is-core-module/-/is-core-module-1.0.39.tgz 0ms (cache hit)
345 http cache @next/eslint-plugin-next@https://registry.npmjs.org/@next/eslint-plugin-next/-/eslint-plugin-next-14.1.0.tgz 0ms (cache hit)
346 http cache @next/swc-linux-x64-musl@https://registry.npmjs.org/@next/swc-linux-x64-musl/-/swc-linux-x64-musl-14.1.0.tgz 0ms (cache hit)
347 http cache @isaacs/cliui@https://registry.npmjs.org/@isaacs/cliui/-/cliui-8.0.2.tgz 0ms (cache hit)
348 http cache @types/prop-types@https://registry.npmjs.org/@types/prop-types/-/prop-types-15.7.15.tgz 0ms (cache hit)
349 http cache @napi-rs/wasm-runtime@https://registry.npmjs.org/@napi-rs/wasm-runtime/-/wasm-runtime-0.2.12.tgz 0ms (cache hit)
350 http cache @humanwhocodes/object-schema@https://registry.npmjs.org/@humanwhocodes/object-schema/-/object-schema-2.0.3.tgz 0ms (cache hit)
351 http cache @humanwhocodes/module-importer@https://registry.npmjs.org/@humanwhocodes/module-importer/-/module-importer-1.0.1.tgz 0ms (cache hit)
352 http cache @humanwhocodes/config-array@https://registry.npmjs.org/@humanwhocodes/config-array/-/config-array-0.13.0.tgz 0ms (cache hit)
353 http cache @eslint/eslintrc@https://registry.npmjs.org/@eslint/eslintrc/-/eslintrc-2.1.4.tgz 0ms (cache hit)
354 http cache @eslint/js@https://registry.npmjs.org/@eslint/js/-/js-8.57.1.tgz 0ms (cache hit)
355 http cache @eslint-community/regexpp@https://registry.npmjs.org/@eslint-community/regexpp/-/regexpp-4.12.2.tgz 0ms (cache hit)
356 http cache @eslint-community/eslint-utils@https://registry.npmjs.org/@eslint-community/eslint-utils/-/eslint-utils-4.9.1.tgz 0ms (cache hit)
357 http cache @emnapi/wasi-threads@https://registry.npmjs.org/@emnapi/wasi-threads/-/wasi-threads-1.1.0.tgz 0ms (cache hit)
358 http cache @emnapi/runtime@https://registry.npmjs.org/@emnapi/runtime/-/runtime-1.8.1.tgz 0ms (cache hit)
359 http cache @emnapi/core@https://registry.npmjs.org/@emnapi/core/-/core-1.8.1.tgz 0ms (cache hit)
360 http cache emoji-regex@https://registry.npmjs.org/emoji-regex/-/emoji-regex-8.0.0.tgz 0ms (cache hit)
361 http cache string-width@https://registry.npmjs.org/string-width/-/string-width-4.2.3.tgz 0ms (cache hit)
362 http cache strip-ansi@https://registry.npmjs.org/strip-ansi/-/strip-ansi-7.1.2.tgz 0ms (cache hit)
363 http cache ansi-styles@https://registry.npmjs.org/ansi-styles/-/ansi-styles-6.2.3.tgz 0ms (cache hit)
364 http cache ansi-regex@https://registry.npmjs.org/ansi-regex/-/ansi-regex-6.2.2.tgz 0ms (cache hit)
365 http cache strip-ansi@https://registry.npmjs.org/strip-ansi/-/strip-ansi-7.1.2.tgz 0ms (cache hit)
366 http cache emoji-regex@https://registry.npmjs.org/emoji-regex/-/emoji-regex-8.0.0.tgz 0ms (cache hit)
367 http cache ansi-regex@https://registry.npmjs.org/ansi-regex/-/ansi-regex-6.2.2.tgz 0ms (cache hit)
368 http cache glob@https://registry.npmjs.org/glob/-/glob-7.2.3.tgz 0ms (cache hit)
369 http cache semver@https://registry.npmjs.org/semver/-/semver-6.3.1.tgz 0ms (cache hit)
370 http cache minimatch@https://registry.npmjs.org/minimatch/-/minimatch-9.0.5.tgz 0ms (cache hit)
371 http cache brace-expansion@https://registry.npmjs.org/brace-expansion/-/brace-expansion-2.0.2.tgz 0ms (cache hit)
372 http cache axe-core@https://registry.npmjs.org/axe-core/-/axe-core-4.11.1.tgz 0ms (cache hit)
373 http cache doctrine@https://registry.npmjs.org/doctrine/-/doctrine-2.1.0.tgz 0ms (cache hit)
374 http cache semver@https://registry.npmjs.org/semver/-/semver-6.3.1.tgz 0ms (cache hit)
375 http cache semver@https://registry.npmjs.org/semver/-/semver-6.3.1.tgz 0ms (cache hit)
376 http cache resolve@https://registry.npmjs.org/resolve/-/resolve-2.0.0-next.6.tgz 0ms (cache hit)
377 http cache debug@https://registry.npmjs.org/debug/-/debug-3.2.7.tgz 0ms (cache hit)
378 http cache debug@https://registry.npmjs.org/debug/-/debug-3.2.7.tgz 0ms (cache hit)
379 http cache doctrine@https://registry.npmjs.org/doctrine/-/doctrine-2.1.0.tgz 0ms (cache hit)
380 http cache debug@https://registry.npmjs.org/debug/-/debug-3.2.7.tgz 0ms (cache hit)
381 http cache minimatch@https://registry.npmjs.org/minimatch/-/minimatch-9.0.3.tgz 0ms (cache hit)
382 http cache brace-expansion@https://registry.npmjs.org/brace-expansion/-/brace-expansion-2.0.2.tgz 0ms (cache hit)
383 http cache strip-ansi@https://registry.npmjs.org/strip-ansi/-/strip-ansi-7.1.2.tgz 0ms (cache hit)
384 http cache ansi-regex@https://registry.npmjs.org/ansi-regex/-/ansi-regex-6.2.2.tgz 0ms (cache hit)
385 http fetch POST 200 https://registry.npmjs.org/-/npm/v1/security/advisories/bulk 1893ms
386 silly audit report {
386 silly audit report   minimatch: [
386 silly audit report     {
386 silly audit report       id: 1113371,
386 silly audit report       url: 'https://github.com/advisories/GHSA-3ppc-4f35-3m26',
386 silly audit report       title: 'minimatch has a ReDoS via repeated wildcards with non-matching literal in pattern',
386 silly audit report       severity: 'high',
386 silly audit report       vulnerable_versions: '<10.2.1',
386 silly audit report       cwe: [Array],
386 silly audit report       cvss: [Object]
386 silly audit report     }
386 silly audit report   ],
386 silly audit report   ajv: [
386 silly audit report     {
386 silly audit report       id: 1113398,
386 silly audit report       url: 'https://github.com/advisories/GHSA-2g4f-4pwh-qvx6',
386 silly audit report       title: 'ajv has ReDoS when using `$data` option',
386 silly audit report       severity: 'moderate',
386 silly audit report       vulnerable_versions: '<6.14.0',
386 silly audit report       cwe: [Array],
386 silly audit report       cvss: [Object]
386 silly audit report     }
386 silly audit report   ],
386 silly audit report   glob: [
386 silly audit report     {
386 silly audit report       id: 1109842,
386 silly audit report       url: 'https://github.com/advisories/GHSA-5j98-mcp5-4vw2',
386 silly audit report       title: 'glob CLI: Command injection via -c/--cmd executes matches with shell:true',
386 silly audit report       severity: 'high',
386 silly audit report       vulnerable_versions: '>=10.2.0 <10.5.0',
386 silly audit report       cwe: [Array],
386 silly audit report       cvss: [Object]
386 silly audit report     }
386 silly audit report   ],
386 silly audit report   next: [
386 silly audit report     {
386 silly audit report       id: 1099638,
386 silly audit report       url: 'https://github.com/advisories/GHSA-gp8f-8m3g-qvj9',
386 silly audit report       title: 'Next.js Cache Poisoning',
386 silly audit report       severity: 'high',
386 silly audit report       vulnerable_versions: '>=14.0.0 <14.2.10',
386 silly audit report       cwe: [Array],
386 silly audit report       cvss: [Object]
386 silly audit report     },
386 silly audit report     {
386 silly audit report       id: 1100421,
386 silly audit report       url: 'https://github.com/advisories/GHSA-g77x-44xx-532m',
386 silly audit report       title: 'Denial of Service condition in Next.js image optimization',
386 silly audit report       severity: 'moderate',
386 silly audit report       vulnerable_versions: '>=10.0.0 <14.2.7',
386 silly audit report       cwe: [Array],
386 silly audit report       cvss: [Object]
386 silly audit report     },
386 silly audit report     {
386 silly audit report       id: 1101438,
386 silly audit report       url: 'https://github.com/advisories/GHSA-7m27-7ghc-44w9',
386 silly audit report       title: 'Next.js Allows a Denial of Service (DoS) with Server Actions',
386 silly audit report       severity: 'moderate',
386 silly audit report       vulnerable_versions: '>=14.0.0 <14.2.21',
386 silly audit report       cwe: [Array],
386 silly audit report       cvss: [Object]
386 silly audit report     },
386 silly audit report     {
386 silly audit report       id: 1105461,
386 silly audit report       url: 'https://github.com/advisories/GHSA-3h52-269p-cp9r',
386 silly audit report       title: 'Information exposure in Next.js dev server due to lack of origin verification',
386 silly audit report       severity: 'low',
386 silly audit report       vulnerable_versions: '>=13.0 <14.2.30',
386 silly audit report       cwe: [Array],
386 silly audit report       cvss: [Object]
386 silly audit report     },
386 silly audit report     {
386 silly audit report       id: 1111391,
386 silly audit report       url: 'https://github.com/advisories/GHSA-mwv6-3258-q52c',
386 silly audit report       title: 'Next Vulnerable to Denial of Service with Server Components',
386 silly audit report       severity: 'high',
386 silly audit report       vulnerable_versions: '>=13.3.0 <14.2.34',
386 silly audit report       cwe: [Array],
386 silly audit report       cvss: [Object]
386 silly audit report     },
386 silly audit report     {
386 silly audit report       id: 1107226,
386 silly audit report       url: 'https://github.com/advisories/GHSA-g5qg-72qw-gw5v',
386 silly audit report       title: 'Next.js Affected by Cache Key Confusion for Image Optimization API Routes',
386 silly audit report       severity: 'moderate',
386 silly audit report       vulnerable_versions: '>=0.9.9 <14.2.31',
386 silly audit report       cwe: [Array],
386 silly audit report       cvss: [Object]
386 silly audit report     },
386 silly audit report     {
386 silly audit report       id: 1107420,
386 silly audit report       url: 'https://github.com/advisories/GHSA-7gfc-8cq8-jh5f',
386 silly audit report       title: 'Next.js authorization bypass vulnerability',
386 silly audit report       severity: 'high',
386 silly audit report       vulnerable_versions: '>=9.5.5 <14.2.15',
386 silly audit report       cwe: [Array],
386 silly audit report       cvss: [Object]
386 silly audit report     },
386 silly audit report     {
386 silly audit report       id: 1107512,
386 silly audit report       url: 'https://github.com/advisories/GHSA-4342-x723-ch2f',
386 silly audit report       title: 'Next.js Improper Middleware Redirect Handling Leads to SSRF',
386 silly audit report       severity: 'moderate',
386 silly audit report       vulnerable_versions: '>=0.9.9 <14.2.32',
386 silly audit report       cwe: [Array],
386 silly audit report       cvss: [Object]
386 silly audit report     },
386 silly audit report     {
386 silly audit report       id: 1107513,
386 silly audit report       url: 'https://github.com/advisories/GHSA-xv57-4mr9-wg8v',
386 silly audit report       title: 'Next.js Content Injection Vulnerability for Image Optimization',
386 silly audit report       severity: 'moderate',
386 silly audit report       vulnerable_versions: '>=0.9.9 <14.2.31',
386 silly audit report       cwe: [Array],
386 silly audit report       cvss: [Object]
386 silly audit report     },
386 silly audit report     {
386 silly audit report       id: 1112182,
386 silly audit report       url: 'https://github.com/advisories/GHSA-5j59-xgg2-r9c4',
386 silly audit report       title: 'Next has a Denial of Service with Server Components - Incomplete Fix Follow-Up',
386 silly audit report       severity: 'high',
386 silly audit report       vulnerable_versions: '>=13.3.1-canary.0 <14.2.35',
386 silly audit report       cwe: [Array],
386 silly audit report       cvss: [Object]
386 silly audit report     },
386 silly audit report     {
386 silly audit report       id: 1108291,
386 silly audit report       url: 'https://github.com/advisories/GHSA-qpjv-v59x-3qc4',
386 silly audit report       title: 'Next.js Race Condition to Cache Poisoning',
386 silly audit report       severity: 'low',
386 silly audit report       vulnerable_versions: '>=0.9.9 <14.2.24',
386 silly audit report       cwe: [Array],
386 silly audit report       cvss: [Object]
386 silly audit report     },
386 silly audit report     {
386 silly audit report       id: 1108953,
386 silly audit report       url: 'https://github.com/advisories/GHSA-f82v-jwr5-mffw',
386 silly audit report       title: 'Authorization Bypass in Next.js Middleware',
386 silly audit report       severity: 'critical',
386 silly audit report       vulnerable_versions: '>=14.0.0 <14.2.25',
386 silly audit report       cwe: [Array],
386 silly audit report       cvss: [Object]
386 silly audit report     },
386 silly audit report     {
386 silly audit report       id: 1112593,
386 silly audit report       url: 'https://github.com/advisories/GHSA-9g9p-9gw9-jx7f',
386 silly audit report       title: 'Next.js self-hosted applications vulnerable to DoS via Image Optimizer remotePatterns configuration',
386 silly audit report       severity: 'moderate',
386 silly audit report       vulnerable_versions: '>=10.0.0 <15.5.10',
386 silly audit report       cwe: [Array],
386 silly audit report       cvss: [Object]
386 silly audit report     },
386 silly audit report     {
386 silly audit report       id: 1112653,
386 silly audit report       url: 'https://github.com/advisories/GHSA-h25m-26qc-wcjf',
386 silly audit report       title: 'Next.js HTTP request deserialization can lead to DoS when using insecure React Server Components',
386 silly audit report       severity: 'high',
386 silly audit report       vulnerable_versions: '>=13.0.0 <15.0.8',
386 silly audit report       cwe: [Array],
386 silly audit report       cvss: [Object]
386 silly audit report     },
386 silly audit report     {
386 silly audit report       id: 1097295,
386 silly audit report       url: 'https://github.com/advisories/GHSA-fr5h-rqp8-mj6g',
386 silly audit report       title: 'Next.js Server-Side Request Forgery in Server Actions',
386 silly audit report       severity: 'high',
386 silly audit report       vulnerable_versions: '>=13.4.0 <14.1.1',
386 silly audit report       cwe: [Array],
386 silly audit report       cvss: [Object]
386 silly audit report     }
386 silly audit report   ]
386 silly audit report }
387 silly packumentCache corgi:https://registry.npmjs.org/minimatch cache-miss
388 silly packumentCache corgi:https://registry.npmjs.org/ajv cache-miss
389 silly packumentCache corgi:https://registry.npmjs.org/glob cache-miss
390 silly packumentCache corgi:https://registry.npmjs.org/next cache-miss
391 warn deprecated inflight@1.0.6: This module is not supported, and leaks memory. Do not use it. Check out lru-cache if you want a good and tested way to coalesce async requests by a key value, which is much more comprehensive and powerful.
392 warn deprecated @humanwhocodes/config-array@0.13.0: Use @eslint/config-array instead
393 warn deprecated rimraf@3.0.2: Rimraf versions prior to v4 are no longer supported
394 warn deprecated @humanwhocodes/object-schema@2.0.3: Use @eslint/object-schema instead
395 warn deprecated glob@7.2.3: Old versions of glob are not supported, and contain widely publicized security vulnerabilities, which have been fixed in the current version. Please update. Support for old versions may be purchased (at exorbitant rates) by contacting i@izs.me
396 http fetch GET 200 https://registry.npmjs.org/minimatch 2415ms (cache revalidated)
397 silly packumentCache corgi:https://registry.npmjs.org/minimatch set size:149210 disposed:false
398 http fetch GET 200 https://registry.npmjs.org/glob 2565ms (cache revalidated)
399 silly packumentCache corgi:https://registry.npmjs.org/glob set size:199194 disposed:false
400 http fetch GET 200 https://registry.npmjs.org/ajv 3159ms (cache updated)
401 silly packumentCache corgi:https://registry.npmjs.org/ajv set size:undefined disposed:false
402 warn deprecated glob@10.3.10: Old versions of glob are not supported, and contain widely publicized security vulnerabilities, which have been fixed in the current version. Please update. Support for old versions may be purchased (at exorbitant rates) by contacting i@izs.me
403 warn deprecated eslint@8.57.1: This version is no longer supported. Please see https://eslint.org/version-support for other options.
404 http fetch GET 200 https://registry.npmjs.org/next 6465ms (cache updated)
405 silly packumentCache corgi:https://registry.npmjs.org/next set size:undefined disposed:false
406 silly packumentCache corgi:https://registry.npmjs.org/@typescript-eslint%2ftypescript-estree cache-miss
407 silly packumentCache corgi:https://registry.npmjs.org/@eslint%2feslintrc cache-miss
408 silly packumentCache corgi:https://registry.npmjs.org/@humanwhocodes%2fconfig-array cache-miss
409 silly packumentCache corgi:https://registry.npmjs.org/eslint cache-miss
410 silly packumentCache corgi:https://registry.npmjs.org/eslint-plugin-import cache-miss
411 silly packumentCache corgi:https://registry.npmjs.org/eslint-plugin-jsx-a11y cache-miss
412 silly packumentCache corgi:https://registry.npmjs.org/eslint-plugin-react cache-miss
413 http fetch GET 200 https://registry.npmjs.org/eslint-plugin-jsx-a11y 107ms (cache revalidated)
414 silly packumentCache corgi:https://registry.npmjs.org/eslint-plugin-jsx-a11y set size:108835 disposed:false
415 http fetch GET 200 https://registry.npmjs.org/eslint-plugin-react 114ms (cache revalidated)
416 silly packumentCache corgi:https://registry.npmjs.org/eslint-plugin-react set size:309843 disposed:false
417 http fetch GET 200 https://registry.npmjs.org/@humanwhocodes%2fconfig-array 141ms (cache revalidated)
418 silly packumentCache corgi:https://registry.npmjs.org/@humanwhocodes%2fconfig-array set size:69299 disposed:false
419 http fetch GET 200 https://registry.npmjs.org/@eslint%2feslintrc 161ms (cache revalidated)
420 silly packumentCache corgi:https://registry.npmjs.org/@eslint%2feslintrc set size:80753 disposed:false
421 http fetch GET 200 https://registry.npmjs.org/eslint-plugin-import 171ms (cache revalidated)
422 silly packumentCache corgi:https://registry.npmjs.org/eslint-plugin-import set size:238396 disposed:false
423 http fetch GET 200 https://registry.npmjs.org/eslint 357ms (cache updated)
424 silly packumentCache corgi:https://registry.npmjs.org/eslint set size:undefined disposed:false
425 http fetch GET 200 https://registry.npmjs.org/@typescript-eslint%2ftypescript-estree 419ms (cache revalidated)
426 silly packumentCache corgi:https://registry.npmjs.org/@typescript-eslint%2ftypescript-estree set size:8492625 disposed:false
427 silly packumentCache corgi:https://registry.npmjs.org/@next%2feslint-plugin-next cache-miss
428 http fetch GET 200 https://registry.npmjs.org/@next%2feslint-plugin-next 327ms (cache updated)
429 silly packumentCache corgi:https://registry.npmjs.org/@next%2feslint-plugin-next set size:undefined disposed:false
430 silly packumentCache corgi:https://registry.npmjs.org/rimraf cache-miss
431 http fetch GET 200 https://registry.npmjs.org/rimraf 40ms (cache revalidated)
432 silly packumentCache corgi:https://registry.npmjs.org/rimraf set size:87794 disposed:false
433 silly packumentCache corgi:https://registry.npmjs.org/eslint-config-next cache-miss
434 http fetch GET 200 https://registry.npmjs.org/eslint-config-next 329ms (cache updated)
435 silly packumentCache corgi:https://registry.npmjs.org/eslint-config-next set size:undefined disposed:false
436 silly packumentCache corgi:https://registry.npmjs.org/eslint-import-resolver-typescript cache-miss
437 http fetch GET 200 https://registry.npmjs.org/eslint-import-resolver-typescript 175ms (cache revalidated)
438 silly packumentCache corgi:https://registry.npmjs.org/eslint-import-resolver-typescript set size:138502 disposed:false
439 silly packumentCache corgi:https://registry.npmjs.org/@typescript-eslint%2fparser cache-miss
440 http fetch GET 200 https://registry.npmjs.org/@typescript-eslint%2fparser 124ms (cache revalidated)
441 silly packumentCache corgi:https://registry.npmjs.org/@typescript-eslint%2fparser set size:7891430 disposed:false
442 silly packumentCache corgi:https://registry.npmjs.org/@eslint-community%2feslint-utils cache-miss
443 silly packumentCache corgi:https://registry.npmjs.org/eslint-plugin-react-hooks cache-miss
444 http fetch GET 200 https://registry.npmjs.org/@eslint-community%2feslint-utils 521ms (cache revalidated)
445 silly packumentCache corgi:https://registry.npmjs.org/@eslint-community%2feslint-utils set size:44347 disposed:false
446 http fetch GET 200 https://registry.npmjs.org/eslint-plugin-react-hooks 564ms (cache updated)
447 silly packumentCache corgi:https://registry.npmjs.org/eslint-plugin-react-hooks set size:undefined disposed:false
448 silly packumentCache corgi:https://registry.npmjs.org/flat-cache cache-miss
449 http fetch GET 200 https://registry.npmjs.org/flat-cache 42ms (cache revalidated)
450 silly packumentCache corgi:https://registry.npmjs.org/flat-cache set size:48982 disposed:false
451 silly packumentCache corgi:https://registry.npmjs.org/file-entry-cache cache-miss
452 http fetch GET 200 https://registry.npmjs.org/file-entry-cache 45ms (cache revalidated)
453 silly packumentCache corgi:https://registry.npmjs.org/file-entry-cache set size:38971 disposed:false
454 info run unrs-resolver@1.11.1 postinstall node_modules/unrs-resolver napi-postinstall unrs-resolver 1.11.1 check
455 info run unrs-resolver@1.11.1 postinstall { code: 0, signal: null }
456 silly ADD node_modules/typescript
457 silly ADD node_modules/@types/react
458 silly ADD node_modules/@types/node
459 silly ADD node_modules/yocto-queue
460 silly ADD node_modules/wrappy
461 silly ADD node_modules/wrap-ansi-cjs
462 silly ADD node_modules/wrap-ansi-cjs/node_modules/string-width
463 silly ADD node_modules/wrap-ansi-cjs/node_modules/emoji-regex
464 silly ADD node_modules/wrap-ansi
465 silly ADD node_modules/wrap-ansi/node_modules/strip-ansi
466 silly ADD node_modules/wrap-ansi/node_modules/ansi-styles
467 silly ADD node_modules/wrap-ansi/node_modules/ansi-regex
468 silly ADD node_modules/word-wrap
469 silly ADD node_modules/which-typed-array
470 silly ADD node_modules/which-collection
471 silly ADD node_modules/which-builtin-type
472 silly ADD node_modules/which-boxed-primitive
473 silly ADD node_modules/which
474 silly ADD node_modules/uri-js
475 silly ADD node_modules/unrs-resolver
476 silly ADD node_modules/undici-types
477 silly ADD node_modules/unbox-primitive
478 silly ADD node_modules/typed-array-length
479 silly ADD node_modules/typed-array-byte-offset
480 silly ADD node_modules/typed-array-byte-length
481 silly ADD node_modules/typed-array-buffer
482 silly ADD node_modules/type-fest
483 silly ADD node_modules/type-check
484 silly ADD node_modules/tsconfig-paths
485 silly ADD node_modules/ts-api-utils
486 silly ADD node_modules/text-table
487 silly ADD node_modules/supports-color
488 silly ADD node_modules/strip-json-comments
489 silly ADD node_modules/strip-bom
490 silly ADD node_modules/strip-ansi-cjs
491 silly ADD node_modules/strip-ansi
492 silly ADD node_modules/string.prototype.trimstart
493 silly ADD node_modules/string.prototype.trimend
494 silly ADD node_modules/string.prototype.trim
495 silly ADD node_modules/string.prototype.repeat
496 silly ADD node_modules/string.prototype.matchall
497 silly ADD node_modules/string.prototype.includes
498 silly ADD node_modules/string-width-cjs
499 silly ADD node_modules/string-width-cjs/node_modules/emoji-regex
500 silly ADD node_modules/string-width
501 silly ADD node_modules/string-width/node_modules/strip-ansi
502 silly ADD node_modules/string-width/node_modules/ansi-regex
503 silly ADD node_modules/stop-iteration-iterator
504 silly ADD node_modules/stable-hash
505 silly ADD node_modules/slash
506 silly ADD node_modules/signal-exit
507 silly ADD node_modules/side-channel-weakmap
508 silly ADD node_modules/side-channel-map
509 silly ADD node_modules/side-channel-list
510 silly ADD node_modules/side-channel
511 silly ADD node_modules/shebang-regex
512 silly ADD node_modules/shebang-command
513 silly ADD node_modules/set-proto
514 silly ADD node_modules/set-function-name
515 silly ADD node_modules/set-function-length
516 silly ADD node_modules/semver
517 silly ADD node_modules/safe-regex-test
518 silly ADD node_modules/safe-push-apply
519 silly ADD node_modules/safe-array-concat
520 silly ADD node_modules/rimraf
521 silly ADD node_modules/rimraf/node_modules/glob
522 silly ADD node_modules/resolve-pkg-maps
523 silly ADD node_modules/resolve-from
524 silly ADD node_modules/regexp.prototype.flags
525 silly ADD node_modules/reflect.getprototypeof
526 silly ADD node_modules/react-is
527 silly ADD node_modules/punycode
528 silly ADD node_modules/prop-types
529 silly ADD node_modules/prelude-ls
530 silly ADD node_modules/possible-typed-array-names
531 silly ADD node_modules/path-type
532 silly ADD node_modules/path-scurry
533 silly ADD node_modules/path-key
534 silly ADD node_modules/path-is-absolute
535 silly ADD node_modules/path-exists
536 silly ADD node_modules/parent-module
537 silly ADD node_modules/p-locate
538 silly ADD node_modules/p-limit
539 silly ADD node_modules/own-keys
540 silly ADD node_modules/optionator
541 silly ADD node_modules/once
542 silly ADD node_modules/object.values
543 silly ADD node_modules/object.groupby
544 silly ADD node_modules/object.fromentries
545 silly ADD node_modules/object.entries
546 silly ADD node_modules/object.assign
547 silly ADD node_modules/object-keys
548 silly ADD node_modules/object-inspect
549 silly ADD node_modules/node-exports-info
550 silly ADD node_modules/node-exports-info/node_modules/semver
551 silly ADD node_modules/natural-compare
552 silly ADD node_modules/napi-postinstall
553 silly ADD node_modules/ms
554 silly ADD node_modules/minipass
555 silly ADD node_modules/minimist
556 silly ADD node_modules/minimatch
557 silly ADD node_modules/math-intrinsics
558 silly ADD node_modules/lru-cache
559 silly ADD node_modules/lodash.merge
560 silly ADD node_modules/locate-path
561 silly ADD node_modules/levn
562 silly ADD node_modules/language-tags
563 silly ADD node_modules/language-subtag-registry
564 silly ADD node_modules/keyv
565 silly ADD node_modules/jsx-ast-utils
566 silly ADD node_modules/json5
567 silly ADD node_modules/json-stable-stringify-without-jsonify
568 silly ADD node_modules/json-schema-traverse
569 silly ADD node_modules/json-buffer
570 silly ADD node_modules/js-yaml
571 silly ADD node_modules/jackspeak
572 silly ADD node_modules/iterator.prototype
573 silly ADD node_modules/isexe
574 silly ADD node_modules/isarray
575 silly ADD node_modules/is-weakset
576 silly ADD node_modules/is-weakref
577 silly ADD node_modules/is-weakmap
578 silly ADD node_modules/is-typed-array
579 silly ADD node_modules/is-symbol
580 silly ADD node_modules/is-string
581 silly ADD node_modules/is-shared-array-buffer
582 silly ADD node_modules/is-set
583 silly ADD node_modules/is-regex
584 silly ADD node_modules/is-path-inside
585 silly ADD node_modules/is-number-object
586 silly ADD node_modules/is-negative-zero
587 silly ADD node_modules/is-map
588 silly ADD node_modules/is-generator-function
589 silly ADD node_modules/is-fullwidth-code-point
590 silly ADD node_modules/is-finalizationregistry
591 silly ADD node_modules/is-date-object
592 silly ADD node_modules/is-data-view
593 silly ADD node_modules/is-callable
594 silly ADD node_modules/is-bun-module
595 silly ADD node_modules/is-boolean-object
596 silly ADD node_modules/is-bigint
597 silly ADD node_modules/is-async-function
598 silly ADD node_modules/is-array-buffer
599 silly ADD node_modules/internal-slot
600 silly ADD node_modules/inherits
601 silly ADD node_modules/inflight
602 silly ADD node_modules/imurmurhash
603 silly ADD node_modules/import-fresh
604 silly ADD node_modules/ignore
605 silly ADD node_modules/has-tostringtag
606 silly ADD node_modules/has-symbols
607 silly ADD node_modules/has-proto
608 silly ADD node_modules/has-property-descriptors
609 silly ADD node_modules/has-flag
610 silly ADD node_modules/has-bigints
611 silly ADD node_modules/graphemer
612 silly ADD node_modules/gopd
613 silly ADD node_modules/globby
614 silly ADD node_modules/globalthis
615 silly ADD node_modules/globals
616 silly ADD node_modules/glob
617 silly ADD node_modules/glob/node_modules/minimatch
618 silly ADD node_modules/glob/node_modules/brace-expansion
619 silly ADD node_modules/get-tsconfig
620 silly ADD node_modules/get-symbol-description
621 silly ADD node_modules/get-proto
622 silly ADD node_modules/get-intrinsic
623 silly ADD node_modules/generator-function
624 silly ADD node_modules/functions-have-names
625 silly ADD node_modules/function.prototype.name
626 silly ADD
627 silly ADD node_modules/fs.realpath
628 silly ADD node_modules/foreground-child
629 silly ADD node_modules/for-each
630 silly ADD node_modules/flatted
631 silly ADD node_modules/flat-cache
632 silly ADD node_modules/find-up
633 silly ADD node_modules/file-entry-cache
634 silly ADD node_modules/fast-levenshtein
635 silly ADD node_modules/fast-json-stable-stringify
636 silly ADD node_modules/fast-deep-equal
637 silly ADD node_modules/esutils
638 silly ADD node_modules/estraverse
639 silly ADD node_modules/esrecurse
640 silly ADD node_modules/esquery
641 silly ADD node_modules/espree
642 silly ADD node_modules/eslint-visitor-keys
643 silly ADD node_modules/eslint-scope
644 silly ADD node_modules/eslint-plugin-react-hooks
645 silly ADD node_modules/eslint-plugin-react
646 silly ADD node_modules/eslint-plugin-react/node_modules/semver
647 silly ADD node_modules/eslint-plugin-react/node_modules/resolve
648 silly ADD node_modules/eslint-plugin-react/node_modules/doctrine
649 silly ADD node_modules/eslint-plugin-jsx-a11y
650 silly ADD node_modules/eslint-plugin-import
651 silly ADD node_modules/eslint-plugin-import/node_modules/semver
652 silly ADD node_modules/eslint-plugin-import/node_modules/doctrine
653 silly ADD node_modules/eslint-plugin-import/node_modules/debug
654 silly ADD node_modules/eslint-module-utils
655 silly ADD node_modules/eslint-module-utils/node_modules/debug
656 silly ADD node_modules/eslint-import-resolver-typescript
657 silly ADD node_modules/eslint-import-resolver-node
658 silly ADD node_modules/eslint-import-resolver-node/node_modules/debug
659 silly ADD node_modules/eslint-config-next
660 silly ADD node_modules/eslint
661 silly ADD node_modules/escape-string-regexp
662 silly ADD node_modules/es-to-primitive
663 silly ADD node_modules/es-shim-unscopables
664 silly ADD node_modules/es-set-tostringtag
665 silly ADD node_modules/es-object-atoms
666 silly ADD node_modules/es-iterator-helpers
667 silly ADD node_modules/es-errors
668 silly ADD node_modules/es-define-property
669 silly ADD node_modules/es-abstract
670 silly ADD node_modules/emoji-regex
671 silly ADD node_modules/eastasianwidth
672 silly ADD node_modules/dunder-proto
673 silly ADD node_modules/doctrine
674 silly ADD node_modules/dir-glob
675 silly ADD node_modules/define-properties
676 silly ADD node_modules/define-data-property
677 silly ADD node_modules/deep-is
678 silly ADD node_modules/debug
679 silly ADD node_modules/data-view-byte-offset
680 silly ADD node_modules/data-view-byte-length
681 silly ADD node_modules/data-view-buffer
682 silly ADD node_modules/damerau-levenshtein
683 silly ADD node_modules/csstype
684 silly ADD node_modules/cross-spawn
685 silly ADD node_modules/concat-map
686 silly ADD node_modules/color-name
687 silly ADD node_modules/color-convert
688 silly ADD node_modules/chalk
689 silly ADD node_modules/callsites
690 silly ADD node_modules/call-bound
691 silly ADD node_modules/call-bind-apply-helpers
692 silly ADD node_modules/call-bind
693 silly ADD node_modules/brace-expansion
694 silly ADD node_modules/balanced-match
695 silly ADD node_modules/axobject-query
696 silly ADD node_modules/axe-core
697 silly ADD node_modules/available-typed-arrays
698 silly ADD node_modules/async-function
699 silly ADD node_modules/ast-types-flow
700 silly ADD node_modules/arraybuffer.prototype.slice
701 silly ADD node_modules/array.prototype.tosorted
702 silly ADD node_modules/array.prototype.flatmap
703 silly ADD node_modules/array.prototype.flat
704 silly ADD node_modules/array.prototype.findlastindex
705 silly ADD node_modules/array.prototype.findlast
706 silly ADD node_modules/array-union
707 silly ADD node_modules/array-includes
708 silly ADD node_modules/array-buffer-byte-length
709 silly ADD node_modules/aria-query
710 silly ADD node_modules/argparse
711 silly ADD node_modules/ansi-styles
712 silly ADD node_modules/ansi-regex
713 silly ADD node_modules/ajv
714 silly ADD node_modules/acorn-jsx
715 silly ADD node_modules/acorn
716 silly ADD
717 silly ADD
718 silly ADD
719 silly ADD
720 silly ADD node_modules/@unrs/resolver-binding-linux-x64-musl
721 silly ADD node_modules/@unrs/resolver-binding-linux-x64-gnu
722 silly ADD
723 silly ADD
724 silly ADD
725 silly ADD
726 silly ADD
727 silly ADD
728 silly ADD
729 silly ADD
730 silly ADD
731 silly ADD
732 silly ADD
733 silly ADD
734 silly ADD
735 silly ADD node_modules/@ungap/structured-clone
736 silly ADD node_modules/@typescript-eslint/visitor-keys
737 silly ADD node_modules/@typescript-eslint/typescript-estree
738 silly ADD node_modules/@typescript-eslint/typescript-estree/node_modules/minimatch
739 silly ADD node_modules/@typescript-eslint/typescript-estree/node_modules/brace-expansion
740 silly ADD node_modules/@typescript-eslint/types
741 silly ADD node_modules/@typescript-eslint/scope-manager
742 silly ADD node_modules/@typescript-eslint/parser
743 silly ADD node_modules/@types/react-dom
744 silly ADD node_modules/@types/prop-types
745 silly ADD node_modules/@types/json5
746 silly ADD
747 silly ADD node_modules/@rushstack/eslint-patch
748 silly ADD node_modules/@rtsao/scc
749 silly ADD node_modules/@pkgjs/parseargs
750 silly ADD node_modules/@nolyfill/is-core-module
751 silly ADD
752 silly ADD
753 silly ADD
754 silly ADD node_modules/@next/swc-linux-x64-musl
755 silly ADD
756 silly ADD
757 silly ADD
758 silly ADD
759 silly ADD node_modules/@next/eslint-plugin-next
760 silly ADD
761 silly ADD node_modules/@isaacs/cliui
762 silly ADD node_modules/@isaacs/cliui/node_modules/strip-ansi
763 silly ADD node_modules/@isaacs/cliui/node_modules/ansi-regex
764 silly ADD node_modules/@humanwhocodes/object-schema
765 silly ADD node_modules/@humanwhocodes/module-importer
766 silly ADD node_modules/@humanwhocodes/config-array
767 silly ADD node_modules/@eslint/js
768 silly ADD node_modules/@eslint/eslintrc
769 silly ADD node_modules/@eslint-community/regexpp
770 silly ADD node_modules/@eslint-community/eslint-utils
771 silly ADD
772 silly ADD
773 silly ADD
774 verbose cwd /home/node/.openclaw/workspace/best-of-cebu
775 verbose os Linux 6.8.0-100-generic
776 verbose node v22.22.0
777 verbose npm  v10.9.4
778 verbose exit 0
779 info ok
